#
# A fatal error has been detected by the Java Runtime Environment:
#
#  SIGSEGV (0xb) at pc=0x00007fff6bda464c, pid=1025, tid=7427
#
# JRE version: OpenJDK Runtime Environment (14.0.2+12) (build 14.0.2+12-46)
# Java VM: OpenJDK 64-Bit Server VM (14.0.2+12-46, mixed mode, sharing, tiered, compressed oops, g1 gc, bsd-amd64)
# Problematic frame:
# C  [libobjc.A.dylib+0x864c]  objc_release+0x1c
#
# No core dump will be written. Core dumps have been disabled. To enable core dumping, try "ulimit -c unlimited" before starting Java again
#
# If you would like to submit a bug report, please visit:
#   https://bugreport.java.com/bugreport/crash.jsp
# The crash happened outside the Java Virtual Machine in native code.
# See problematic frame for where to report the bug.
#

---------------  S U M M A R Y ------------

Command Line: -Djava.library.path=lib -javaagent:/Users/cappydev/Library/Caches/JetBrains/IdeaIC2020.2/testAgent/intellij-coverage-agent-1.0.512.jar=/private/var/folders/kn/dm1mf6293sq8nxvkw19b7gjh0000gp/T/coverageargs -javaagent:/Applications/IntelliJ IDEA CE.app/Contents/lib/idea_rt.jar=50426:/Applications/IntelliJ IDEA CE.app/Contents/bin -Dfile.encoding=UTF-8 fr.rphstudio.codingdojo.launcher.MainLauncher -window

Host: MacBookPro14,1 x86_64 2300 MHz, 4 cores, 8G, Darwin 18.7.0
Time: Wed Sep 16 11:49:47 2020 CEST elapsed time: 0 seconds (0d 0h 0m 0s)

---------------  T H R E A D  ---------------

Current thread (0x00007fc168009000):  JavaThread "main" [_thread_in_native, id=7427, stack(0x0000700009faf000,0x000070000a0af000)]

Stack: [0x0000700009faf000,0x000070000a0af000],  sp=0x000070000a0ade10,  free space=1019k
Native frames: (J=compiled Java code, A=aot compiled Java code, j=interpreted, Vv=VM code, C=native code)
C  [libobjc.A.dylib+0x864c]  objc_release+0x1c
C  [libobjc.A.dylib+0x947c]  _ZN12_GLOBAL__N_119AutoreleasePoolPage3popEPv+0x2c6
C  [CoreFoundation+0xdd4a]  _CFAutoreleasePoolPop+0x16
C  [Foundation+0x40e3]  -[NSAutoreleasePool release]+0x90
j  org.lwjgl.opengl.MacOSXContextImplementation.setView(Ljava/nio/ByteBuffer;Ljava/nio/ByteBuffer;)V+0
j  org.lwjgl.opengl.MacOSXContextImplementation.makeCurrent(Lorg/lwjgl/opengl/PeerInfo;Ljava/nio/ByteBuffer;)V+29
j  org.lwjgl.opengl.ContextGL.makeCurrent()V+94
j  org.lwjgl.opengl.DrawableGL.makeCurrent()V+41
j  org.lwjgl.opengl.Display.makeCurrent()V+16
j  org.lwjgl.opengl.Display.makeCurrentAndSetSwapInterval()V+13
j  org.lwjgl.opengl.Display.create(Lorg/lwjgl/opengl/PixelFormat;Lorg/lwjgl/opengl/Drawable;Lorg/lwjgl/opengl/ContextAttribs;)V+222
j  org.lwjgl.opengl.Display.create(Lorg/lwjgl/opengl/PixelFormat;)V+32
j  org.newdawn.slick.AppGameContainer.tryCreateDisplay(Lorg/lwjgl/opengl/PixelFormat;)V+27
j  org.newdawn.slick.AppGameContainer.access$000(Lorg/newdawn/slick/AppGameContainer;Lorg/lwjgl/opengl/PixelFormat;)V+15
j  org.newdawn.slick.AppGameContainer$2.run()Ljava/lang/Object;+56
j  java.security.AccessController.executePrivileged(Ljava/security/PrivilegedAction;Ljava/security/AccessControlContext;Ljava/lang/Class;)Ljava/lang/Object;+29 java.base@14.0.2
j  java.security.AccessController.doPrivileged(Ljava/security/PrivilegedAction;)Ljava/lang/Object;+5 java.base@14.0.2
j  org.newdawn.slick.AppGameContainer.setup()V+170
j  org.newdawn.slick.AppGameContainer.start()V+14
j  fr.rphstudio.codingdojo.launcher.MainLauncher.main([Ljava/lang/String;)V+265
v  ~StubRoutines::call_stub
V  [libjvm.dylib+0x34b706]  _ZN9JavaCalls11call_helperEP9JavaValueRK12methodHandleP17JavaCallArgumentsP6Thread+0x256
V  [libjvm.dylib+0x38fdc9]  _ZL17jni_invoke_staticP7JNIEnv_P9JavaValueP8_jobject11JNICallTypeP10_jmethodIDP18JNI_ArgumentPusherP6Thread+0x11c
V  [libjvm.dylib+0x3936ac]  jni_CallStaticVoidMethod+0x1b3
C  [libjli.dylib+0x4a42]  JavaMain+0xab4
C  [libjli.dylib+0x6d4a]  ThreadJavaMain+0x9
C  [libsystem_pthread.dylib+0x32eb]  _pthread_body+0x7e
C  [libsystem_pthread.dylib+0x6249]  _pthread_start+0x42
C  [libsystem_pthread.dylib+0x240d]  thread_start+0xd

Java frames: (J=compiled Java code, j=interpreted, Vv=VM code)
j  org.lwjgl.opengl.MacOSXContextImplementation.setView(Ljava/nio/ByteBuffer;Ljava/nio/ByteBuffer;)V+0
j  org.lwjgl.opengl.MacOSXContextImplementation.makeCurrent(Lorg/lwjgl/opengl/PeerInfo;Ljava/nio/ByteBuffer;)V+29
j  org.lwjgl.opengl.ContextGL.makeCurrent()V+94
j  org.lwjgl.opengl.DrawableGL.makeCurrent()V+41
j  org.lwjgl.opengl.Display.makeCurrent()V+16
j  org.lwjgl.opengl.Display.makeCurrentAndSetSwapInterval()V+13
j  org.lwjgl.opengl.Display.create(Lorg/lwjgl/opengl/PixelFormat;Lorg/lwjgl/opengl/Drawable;Lorg/lwjgl/opengl/ContextAttribs;)V+222
j  org.lwjgl.opengl.Display.create(Lorg/lwjgl/opengl/PixelFormat;)V+32
j  org.newdawn.slick.AppGameContainer.tryCreateDisplay(Lorg/lwjgl/opengl/PixelFormat;)V+27
j  org.newdawn.slick.AppGameContainer.access$000(Lorg/newdawn/slick/AppGameContainer;Lorg/lwjgl/opengl/PixelFormat;)V+15
j  org.newdawn.slick.AppGameContainer$2.run()Ljava/lang/Object;+56
j  java.security.AccessController.executePrivileged(Ljava/security/PrivilegedAction;Ljava/security/AccessControlContext;Ljava/lang/Class;)Ljava/lang/Object;+29 java.base@14.0.2
j  java.security.AccessController.doPrivileged(Ljava/security/PrivilegedAction;)Ljava/lang/Object;+5 java.base@14.0.2
j  org.newdawn.slick.AppGameContainer.setup()V+170
j  org.newdawn.slick.AppGameContainer.start()V+14
j  fr.rphstudio.codingdojo.launcher.MainLauncher.main([Ljava/lang/String;)V+265
v  ~StubRoutines::call_stub

siginfo: si_signo: 11 (SIGSEGV), si_code: 1 (SEGV_MAPERR), si_addr: 0x0000000000000020

Register to memory mapping:

RAX=0x0 is NULL
RBX=0x00007fc16782c010 points into unknown readable memory: 38 c1 82 67 c1 7f 00 00
RCX=0x00007fc16782c138 points into unknown readable memory: a3 a3 a3 a3 a3 a3 a3 a3
RDX=0x0040000000000000 is an unknown value
RSP=0x000070000a0ade10 is pointing into the stack for thread: 0x00007fc168009000
RBP=0x000070000a0ade10 is pointing into the stack for thread: 0x00007fc168009000
RSI=0x063d800125c1cb9b is an unknown value
RDI=0x00007fc1699539e0 points into unknown readable memory: 22 75 99 16 fc 07 00 e0
R8 =0x0 is NULL
R9 =0x0 is NULL
R10=0x00007fff9c904098: OBJC_CLASS_$___NSCFType+0 in /System/Library/Frameworks/CoreFoundation.framework/Versions/A/CoreFoundation at 0x00007fff415ee000
R11=0x00007fc1676d6a80 points into unknown readable memory: 3e 2a 7a 3f ff 7f 00 00
R12=0xa3a3a3a3a3a3a3a3 is an unknown value
R13=0x0000000120f056f8 is pointing into metadata
R14=0x00007fc16782c108 points into unknown readable memory: 00 00 00 00 00 00 00 00
R15=0x00007fc16782c000 points into unknown readable memory: a1 a1 a1 a1 41 55 54 4f


Registers:
RAX=0x0000000000000000, RBX=0x00007fc16782c010, RCX=0x00007fc16782c138, RDX=0x0040000000000000
RSP=0x000070000a0ade10, RBP=0x000070000a0ade10, RSI=0x063d800125c1cb9b, RDI=0x00007fc1699539e0
R8 =0x0000000000000000, R9 =0x0000000000000000, R10=0x00007fff9c904098, R11=0x00007fc1676d6a80
R12=0xa3a3a3a3a3a3a3a3, R13=0x0000000120f056f8, R14=0x00007fc16782c108, R15=0x00007fc16782c000
RIP=0x00007fff6bda464c, EFLAGS=0x0000000000010246, ERR=0x0000000000000004
  TRAPNO=0x000000000000000e

Top of Stack: (sp=0x000070000a0ade10)
0x000070000a0ade10:   000070000a0ae250 00007fff6bda547c
0x000070000a0ade20:   000070000a0ade50 0000000000001017
0x000070000a0ade30:   0000000000001017 00007fc169975a60
0x000070000a0ade40:   000070000a0ade68 000070000a0ade70
0x000070000a0ade50:   000070000a0adf00 00007fff6bdb9a07
0x000070000a0ade60:   0000000125376240 0000000000001017
0x000070000a0ade70:   0000000000001017 00007fc169975a60
0x000070000a0ade80:   000070000a0adea8 88176e30a3ef004b
0x000070000a0ade90:   00007fc16782c1a8 00007fc167c0ae00
0x000070000a0adea0:   88176e30a3ef004b 00007fc16782c1a8
0x000070000a0adeb0:   00007fc167c0ae00 0000000000000002
0x000070000a0adec0:   00007fc16782c1a8 000070000a0adf60
0x000070000a0aded0:   000070000a0ae150 00007fff4c094059
0x000070000a0adee0:   0000000000000001 0000000000000002
0x000070000a0adef0:   000070000a0a5ee0 00007fc1698001c0
0x000070000a0adf00:   000070000a0adfa0 000070000a0a5ee0
0x000070000a0adf10:   000000000a0affff 00007fc1674e3701
0x000070000a0adf20:   00007fc169800420 00007fc167c0ae00
0x000070000a0adf30:   0000000000000001 00007fff43894a40
0x000070000a0adf40:   000070000a0adff0 0000000000000000
0x000070000a0adf50:   0000000000000002 0000000000000002
0x000070000a0adf60:   00007fc167c0ae00 00007fc169800410
0x000070000a0adf70:   40ca4f51a4c2775f 7ff0000000000000
0x000070000a0adf80:   000070000a0a5f10 0000000000000000
0x000070000a0adf90:   00000001213ede00 0000000000000000
0x000070000a0adfa0:   00007fc169a02af0 00007fc169800410
0x000070000a0adfb0:   00007fc169a00000 0000000000000004
0x000070000a0adfc0:   000070000a0ae050 00007fff6d72c282
0x000070000a0adfd0:   000070000a0ae000 00007fc1699fc080
0x000070000a0adfe0:   eeee002d37b24957 573ceeeeb0b5b2b2
0x000070000a0adff0:   00007fc169951666 00007fc16995bbd0
0x000070000a0ae000:   00000001002e6a00 0000000000000001 

Instructions: (pc=0x00007fff6bda464c)
0x00007fff6bda454c:   5e 41 5f 5d c3 4c 89 ff 8b 75 d4 e8 a5 21 00 00
0x00007fff6bda455c:   31 ff 48 83 c4 08 5b 41 5c 41 5d 41 5e 41 5f 5d
0x00007fff6bda456c:   e9 5e 22 00 00 90 55 48 89 e5 41 56 53 89 fb 44
0x00007fff6bda457c:   8d 73 01 49 c1 e6 04 be 01 00 00 00 4c 89 f7 e8
0x00007fff6bda458c:   cc 9e 01 00 49 89 44 06 f8 49 83 7c 06 f0 01 74
0x00007fff6bda459c:   09 4a c7 44 30 f0 01 00 00 00 48 8d 0d 3d 4b db
0x00007fff6bda45ac:   37 80 39 00 74 2e 31 c9 83 fb 02 72 14 31 c9 89
0x00007fff6bda45bc:   da d1 ea ff c1 83 fb 03 89 d3 77 f5 83 f9 0f 77
0x00007fff6bda45cc:   0c 89 c9 48 8d 15 8a 27 db 37 ff 04 8a 48 ff 05
0x00007fff6bda45dc:   60 27 db 37 5b 41 5e 5d c3 90 90 90 90 90 90 90
0x00007fff6bda45ec:   90 90 90 90 90 55 48 89 e5 40 f6 c7 01 75 20 48
0x00007fff6bda45fc:   b9 00 00 00 00 00 00 00 01 48 8b 07 a8 01 74 14
0x00007fff6bda460c:   48 89 c2 48 01 ca 72 12 f0 48 0f b1 17 75 ea 48
0x00007fff6bda461c:   89 f8 5d c3 5d e9 f0 58 00 00 31 f6 5d e9 60 50
0x00007fff6bda462c:   00 00 90 90 55 48 89 e5 48 85 ff 74 60 40 f6 c7
0x00007fff6bda463c:   01 75 5a 48 b8 f8 ff ff ff ff 7f 00 00 48 23 07
0x00007fff6bda464c:   f6 40 20 04 74 67 48 b9 00 00 00 00 00 00 00 01
0x00007fff6bda465c:   48 ba 00 00 00 00 00 00 40 00 48 8b 07 a8 01 74
0x00007fff6bda466c:   41 48 89 c6 48 29 ce 73 1d 48 0f ba e0 37 72 46
0x00007fff6bda467c:   48 0f ba e0 36 72 4b 48 89 c6 48 09 d6 f0 48 0f
0x00007fff6bda468c:   b1 37 75 d6 eb 09 f0 48 0f b1 37 75 cd 5d c3 0f
0x00007fff6bda469c:   ae f0 48 8d 05 c3 4a db 37 48 8b 30 5d e9 d2 df
0x00007fff6bda46ac:   ff ff be 01 00 00 00 5d e9 03 59 00 00 48 8d 05
0x00007fff6bda46bc:   80 4a db 37 eb e3 be 01 00 00 00 e8 26 5c 00 00
0x00007fff6bda46cc:   eb cb e8 5f 97 01 00 eb c4 90 90 90 90 90 90 90
0x00007fff6bda46dc:   90 90 90 90 90 90 90 55 48 89 e5 5d e9 09 00 00
0x00007fff6bda46ec:   00 90 90 90 90 90 90 90 90 90 55 48 89 e5 40 f6
0x00007fff6bda46fc:   c7 01 75 19 48 b8 07 00 00 00 00 00 a0 00 48 23
0x00007fff6bda470c:   07 48 83 f8 01 75 08 5d e9 91 9d 01 00 5d c3 5d
0x00007fff6bda471c:   e9 01 00 00 00 90 48 85 ff 74 1c 55 48 89 e5 53
0x00007fff6bda472c:   50 48 89 fb e8 11 00 00 00 48 89 df e8 6d 9d 01
0x00007fff6bda473c:   00 48 83 c4 08 5b 5d 31 c0 c3 55 48 89 e5 41 56 


Stack slot to memory mapping:
stack at sp + 0 slots: 0x000070000a0ae250 is pointing into the stack for thread: 0x00007fc168009000
stack at sp + 1 slots: 0x00007fff6bda547c: _ZN12_GLOBAL__N_119AutoreleasePoolPage3popEPv+0x2c6 in /usr/lib/libobjc.A.dylib at 0x00007fff6bd9c000
stack at sp + 2 slots: 0x000070000a0ade50 is pointing into the stack for thread: 0x00007fc168009000
stack at sp + 3 slots: 0x0000000000001017 is an unknown value
stack at sp + 4 slots: 0x0000000000001017 is an unknown value
stack at sp + 5 slots: 0x00007fc169975a60 points into unknown readable memory: 01 00 00 00 88 04 00 00
stack at sp + 6 slots: 0x000070000a0ade68 is pointing into the stack for thread: 0x00007fc168009000
stack at sp + 7 slots: 0x000070000a0ade70 is pointing into the stack for thread: 0x00007fc168009000


---------------  P R O C E S S  ---------------

Threads class SMR info:
_java_thread_list=0x00007fc16757ac00, length=16, elements={
0x00007fc168009000, 0x00007fc168803800, 0x00007fc16782d800, 0x00007fc168800800,
0x00007fc167832800, 0x00007fc167833800, 0x00007fc1680a2000, 0x00007fc168807000,
0x00007fc16782f800, 0x00007fc169044800, 0x00007fc167807000, 0x00007fc168894000,
0x00007fc1683e9800, 0x00007fc167b2d000, 0x00007fc1692a3800, 0x00007fc167b71800
}

Java Threads: ( => current thread )
=>0x00007fc168009000 JavaThread "main" [_thread_in_native, id=7427, stack(0x0000700009faf000,0x000070000a0af000)]
  0x00007fc168803800 JavaThread "Reference Handler" daemon [_thread_blocked, id=17155, stack(0x000070000a6c4000,0x000070000a7c4000)]
  0x00007fc16782d800 JavaThread "Finalizer" daemon [_thread_blocked, id=15107, stack(0x000070000a7c7000,0x000070000a8c7000)]
  0x00007fc168800800 JavaThread "Signal Dispatcher" daemon [_thread_blocked, id=43011, stack(0x000070000a8ca000,0x000070000a9ca000)]
  0x00007fc167832800 JavaThread "Service Thread" daemon [_thread_blocked, id=42499, stack(0x000070000a9cd000,0x000070000aacd000)]
  0x00007fc167833800 JavaThread "C2 CompilerThread0" daemon [_thread_in_native, id=41731, stack(0x000070000aad0000,0x000070000abd0000)]
  0x00007fc1680a2000 JavaThread "C1 CompilerThread0" daemon [_thread_blocked, id=40963, stack(0x000070000abd3000,0x000070000acd3000)]
  0x00007fc168807000 JavaThread "Sweeper thread" daemon [_thread_blocked, id=40451, stack(0x000070000acd6000,0x000070000add6000)]
  0x00007fc16782f800 JavaThread "Common-Cleaner" daemon [_thread_blocked, id=39939, stack(0x000070000add9000,0x000070000aed9000)]
  0x00007fc169044800 JavaThread "Monitor Ctrl-Break" daemon [_thread_in_native, id=23555, stack(0x000070000afdf000,0x000070000b0df000)]
  0x00007fc167807000 JavaThread "Notification Thread" daemon [_thread_blocked, id=24067, stack(0x000070000b0e2000,0x000070000b1e2000)]
  0x00007fc168894000 JavaThread "AppKit Thread" daemon [_thread_in_native, id=775, stack(0x00007ffeef13c000,0x00007ffeef93c000)]
  0x00007fc1683e9800 JavaThread "AWT-Shutdown" [_thread_blocked, id=31747, stack(0x000070000b3ee000,0x000070000b4ee000)]
  0x00007fc167b2d000 JavaThread "C2 CompilerThread1" daemon [_thread_in_native, id=73227, stack(0x000070000b574000,0x000070000b674000)]
  0x00007fc1692a3800 JavaThread "Java2D Disposer" daemon [_thread_blocked, id=52995, stack(0x000070000b677000,0x000070000b777000)]
  0x00007fc167b71800 JavaThread "Java2D Queue Flusher" daemon [_thread_blocked, id=72451, stack(0x000070000b77a000,0x000070000b87a000)]

Other Threads:
  0x00007fc1680a0000 VMThread "VM Thread" [stack: 0x000070000a5c1000,0x000070000a6c1000] [id=14339]
  0x00007fc16782b800 WatcherThread [stack: 0x000070000b1e5000,0x000070000b2e5000] [id=24323]
  0x00007fc16803b000 GCTaskThread "GC Thread#0" [stack: 0x000070000a0b2000,0x000070000a1b2000] [id=19459]
  0x00007fc168459800 GCTaskThread "GC Thread#1" [stack: 0x000070000b87d000,0x000070000b97d000] [id=70663]
  0x00007fc16845a800 GCTaskThread "GC Thread#2" [stack: 0x000070000b980000,0x000070000ba80000] [id=70147]
  0x00007fc16845b000 GCTaskThread "GC Thread#3" [stack: 0x000070000ba83000,0x000070000bb83000] [id=69635]
  0x00007fc16804c800 ConcurrentGCThread "G1 Main Marker" [stack: 0x000070000a1b5000,0x000070000a2b5000] [id=18947]
  0x00007fc16804d000 ConcurrentGCThread "G1 Conc#0" [stack: 0x000070000a2b8000,0x000070000a3b8000] [id=18435]
  0x00007fc16809e000 ConcurrentGCThread "G1 Refine#0" [stack: 0x000070000a3bb000,0x000070000a4bb000] [id=13571]
  0x00007fc169000000 ConcurrentGCThread "G1 Young RemSet Sampling" [stack: 0x000070000a4be000,0x000070000a5be000] [id=17923]

Threads with active compile tasks:
C2 CompilerThread0      811  847       4       org.jetbrains.coverage.org.objectweb.asm.ClassReader::readCode (5089 bytes)
C2 CompilerThread1      811  846       4       org.jetbrains.coverage.org.objectweb.asm.MethodWriter::visitLabel (328 bytes)

VM state:not at safepoint (normal execution)

VM Mutex/Monitor currently owned by a thread: None

Heap address: 0x0000000780000000, size: 2048 MB, Compressed Oops mode: Zero based, Oop shift amount: 3
Narrow klass base: 0x0000000800000000, Narrow klass shift: 3
Compressed class space size: 1073741824 Address: 0x0000000800b03000

Heap:
 garbage-first heap   total 133120K, used 6715K [0x0000000780000000, 0x0000000800000000)
  region size 1024K, 6 young (6144K), 2 survivors (2048K)
 Metaspace       used 6565K, capacity 6770K, committed 6912K, reserved 1056768K
  class space    used 641K, capacity 709K, committed 768K, reserved 1048576K
Heap Regions: E=young(eden), S=young(survivor), O=old, HS=humongous(starts), HC=humongous(continues), CS=collection set, F=free, OA=open archive, CA=closed archive, TAMS=top-at-mark-start (previous, next)
|   0|0x0000000780000000, 0x00000007800c2c00, 0x0000000780100000| 76%| O|  |TAMS 0x0000000780000000, 0x0000000780000000| Untracked 
|   1|0x0000000780100000, 0x0000000780100000, 0x0000000780200000|  0%| F|  |TAMS 0x0000000780100000, 0x0000000780100000| Untracked 
|   2|0x0000000780200000, 0x0000000780200000, 0x0000000780300000|  0%| F|  |TAMS 0x0000000780200000, 0x0000000780200000| Untracked 
|   3|0x0000000780300000, 0x0000000780300000, 0x0000000780400000|  0%| F|  |TAMS 0x0000000780300000, 0x0000000780300000| Untracked 
|   4|0x0000000780400000, 0x0000000780400000, 0x0000000780500000|  0%| F|  |TAMS 0x0000000780400000, 0x0000000780400000| Untracked 
|   5|0x0000000780500000, 0x0000000780500000, 0x0000000780600000|  0%| F|  |TAMS 0x0000000780500000, 0x0000000780500000| Untracked 
|   6|0x0000000780600000, 0x0000000780600000, 0x0000000780700000|  0%| F|  |TAMS 0x0000000780600000, 0x0000000780600000| Untracked 
|   7|0x0000000780700000, 0x0000000780700000, 0x0000000780800000|  0%| F|  |TAMS 0x0000000780700000, 0x0000000780700000| Untracked 
|   8|0x0000000780800000, 0x0000000780800000, 0x0000000780900000|  0%| F|  |TAMS 0x0000000780800000, 0x0000000780800000| Untracked 
|   9|0x0000000780900000, 0x0000000780900000, 0x0000000780a00000|  0%| F|  |TAMS 0x0000000780900000, 0x0000000780900000| Untracked 
|  10|0x0000000780a00000, 0x0000000780a00000, 0x0000000780b00000|  0%| F|  |TAMS 0x0000000780a00000, 0x0000000780a00000| Untracked 
|  11|0x0000000780b00000, 0x0000000780b00000, 0x0000000780c00000|  0%| F|  |TAMS 0x0000000780b00000, 0x0000000780b00000| Untracked 
|  12|0x0000000780c00000, 0x0000000780c00000, 0x0000000780d00000|  0%| F|  |TAMS 0x0000000780c00000, 0x0000000780c00000| Untracked 
|  13|0x0000000780d00000, 0x0000000780d00000, 0x0000000780e00000|  0%| F|  |TAMS 0x0000000780d00000, 0x0000000780d00000| Untracked 
|  14|0x0000000780e00000, 0x0000000780e00000, 0x0000000780f00000|  0%| F|  |TAMS 0x0000000780e00000, 0x0000000780e00000| Untracked 
|  15|0x0000000780f00000, 0x0000000780f00000, 0x0000000781000000|  0%| F|  |TAMS 0x0000000780f00000, 0x0000000780f00000| Untracked 
|  16|0x0000000781000000, 0x0000000781000000, 0x0000000781100000|  0%| F|  |TAMS 0x0000000781000000, 0x0000000781000000| Untracked 
|  17|0x0000000781100000, 0x0000000781100000, 0x0000000781200000|  0%| F|  |TAMS 0x0000000781100000, 0x0000000781100000| Untracked 
|  18|0x0000000781200000, 0x0000000781200000, 0x0000000781300000|  0%| F|  |TAMS 0x0000000781200000, 0x0000000781200000| Untracked 
|  19|0x0000000781300000, 0x0000000781300000, 0x0000000781400000|  0%| F|  |TAMS 0x0000000781300000, 0x0000000781300000| Untracked 
|  20|0x0000000781400000, 0x0000000781400000, 0x0000000781500000|  0%| F|  |TAMS 0x0000000781400000, 0x0000000781400000| Untracked 
|  21|0x0000000781500000, 0x0000000781500000, 0x0000000781600000|  0%| F|  |TAMS 0x0000000781500000, 0x0000000781500000| Untracked 
|  22|0x0000000781600000, 0x0000000781600000, 0x0000000781700000|  0%| F|  |TAMS 0x0000000781600000, 0x0000000781600000| Untracked 
|  23|0x0000000781700000, 0x0000000781700000, 0x0000000781800000|  0%| F|  |TAMS 0x0000000781700000, 0x0000000781700000| Untracked 
|  24|0x0000000781800000, 0x0000000781800000, 0x0000000781900000|  0%| F|  |TAMS 0x0000000781800000, 0x0000000781800000| Untracked 
|  25|0x0000000781900000, 0x0000000781900000, 0x0000000781a00000|  0%| F|  |TAMS 0x0000000781900000, 0x0000000781900000| Untracked 
|  26|0x0000000781a00000, 0x0000000781a00000, 0x0000000781b00000|  0%| F|  |TAMS 0x0000000781a00000, 0x0000000781a00000| Untracked 
|  27|0x0000000781b00000, 0x0000000781b00000, 0x0000000781c00000|  0%| F|  |TAMS 0x0000000781b00000, 0x0000000781b00000| Untracked 
|  28|0x0000000781c00000, 0x0000000781c00000, 0x0000000781d00000|  0%| F|  |TAMS 0x0000000781c00000, 0x0000000781c00000| Untracked 
|  29|0x0000000781d00000, 0x0000000781d00000, 0x0000000781e00000|  0%| F|  |TAMS 0x0000000781d00000, 0x0000000781d00000| Untracked 
|  30|0x0000000781e00000, 0x0000000781e00000, 0x0000000781f00000|  0%| F|  |TAMS 0x0000000781e00000, 0x0000000781e00000| Untracked 
|  31|0x0000000781f00000, 0x0000000781f00000, 0x0000000782000000|  0%| F|  |TAMS 0x0000000781f00000, 0x0000000781f00000| Untracked 
|  32|0x0000000782000000, 0x0000000782000000, 0x0000000782100000|  0%| F|  |TAMS 0x0000000782000000, 0x0000000782000000| Untracked 
|  33|0x0000000782100000, 0x0000000782100000, 0x0000000782200000|  0%| F|  |TAMS 0x0000000782100000, 0x0000000782100000| Untracked 
|  34|0x0000000782200000, 0x0000000782200000, 0x0000000782300000|  0%| F|  |TAMS 0x0000000782200000, 0x0000000782200000| Untracked 
|  35|0x0000000782300000, 0x0000000782300000, 0x0000000782400000|  0%| F|  |TAMS 0x0000000782300000, 0x0000000782300000| Untracked 
|  36|0x0000000782400000, 0x0000000782400000, 0x0000000782500000|  0%| F|  |TAMS 0x0000000782400000, 0x0000000782400000| Untracked 
|  37|0x0000000782500000, 0x0000000782500000, 0x0000000782600000|  0%| F|  |TAMS 0x0000000782500000, 0x0000000782500000| Untracked 
|  38|0x0000000782600000, 0x0000000782600000, 0x0000000782700000|  0%| F|  |TAMS 0x0000000782600000, 0x0000000782600000| Untracked 
|  39|0x0000000782700000, 0x0000000782700000, 0x0000000782800000|  0%| F|  |TAMS 0x0000000782700000, 0x0000000782700000| Untracked 
|  40|0x0000000782800000, 0x0000000782800000, 0x0000000782900000|  0%| F|  |TAMS 0x0000000782800000, 0x0000000782800000| Untracked 
|  41|0x0000000782900000, 0x0000000782900000, 0x0000000782a00000|  0%| F|  |TAMS 0x0000000782900000, 0x0000000782900000| Untracked 
|  42|0x0000000782a00000, 0x0000000782a00000, 0x0000000782b00000|  0%| F|  |TAMS 0x0000000782a00000, 0x0000000782a00000| Untracked 
|  43|0x0000000782b00000, 0x0000000782b00000, 0x0000000782c00000|  0%| F|  |TAMS 0x0000000782b00000, 0x0000000782b00000| Untracked 
|  44|0x0000000782c00000, 0x0000000782c00000, 0x0000000782d00000|  0%| F|  |TAMS 0x0000000782c00000, 0x0000000782c00000| Untracked 
|  45|0x0000000782d00000, 0x0000000782d00000, 0x0000000782e00000|  0%| F|  |TAMS 0x0000000782d00000, 0x0000000782d00000| Untracked 
|  46|0x0000000782e00000, 0x0000000782e00000, 0x0000000782f00000|  0%| F|  |TAMS 0x0000000782e00000, 0x0000000782e00000| Untracked 
|  47|0x0000000782f00000, 0x0000000782f00000, 0x0000000783000000|  0%| F|  |TAMS 0x0000000782f00000, 0x0000000782f00000| Untracked 
|  48|0x0000000783000000, 0x0000000783000000, 0x0000000783100000|  0%| F|  |TAMS 0x0000000783000000, 0x0000000783000000| Untracked 
|  49|0x0000000783100000, 0x0000000783100000, 0x0000000783200000|  0%| F|  |TAMS 0x0000000783100000, 0x0000000783100000| Untracked 
|  50|0x0000000783200000, 0x0000000783200000, 0x0000000783300000|  0%| F|  |TAMS 0x0000000783200000, 0x0000000783200000| Untracked 
|  51|0x0000000783300000, 0x0000000783300000, 0x0000000783400000|  0%| F|  |TAMS 0x0000000783300000, 0x0000000783300000| Untracked 
|  52|0x0000000783400000, 0x0000000783400000, 0x0000000783500000|  0%| F|  |TAMS 0x0000000783400000, 0x0000000783400000| Untracked 
|  53|0x0000000783500000, 0x0000000783500000, 0x0000000783600000|  0%| F|  |TAMS 0x0000000783500000, 0x0000000783500000| Untracked 
|  54|0x0000000783600000, 0x0000000783600000, 0x0000000783700000|  0%| F|  |TAMS 0x0000000783600000, 0x0000000783600000| Untracked 
|  55|0x0000000783700000, 0x0000000783700000, 0x0000000783800000|  0%| F|  |TAMS 0x0000000783700000, 0x0000000783700000| Untracked 
|  56|0x0000000783800000, 0x0000000783800000, 0x0000000783900000|  0%| F|  |TAMS 0x0000000783800000, 0x0000000783800000| Untracked 
|  57|0x0000000783900000, 0x0000000783900000, 0x0000000783a00000|  0%| F|  |TAMS 0x0000000783900000, 0x0000000783900000| Untracked 
|  58|0x0000000783a00000, 0x0000000783a00000, 0x0000000783b00000|  0%| F|  |TAMS 0x0000000783a00000, 0x0000000783a00000| Untracked 
|  59|0x0000000783b00000, 0x0000000783b00000, 0x0000000783c00000|  0%| F|  |TAMS 0x0000000783b00000, 0x0000000783b00000| Untracked 
|  60|0x0000000783c00000, 0x0000000783c00000, 0x0000000783d00000|  0%| F|  |TAMS 0x0000000783c00000, 0x0000000783c00000| Untracked 
|  61|0x0000000783d00000, 0x0000000783d00000, 0x0000000783e00000|  0%| F|  |TAMS 0x0000000783d00000, 0x0000000783d00000| Untracked 
|  62|0x0000000783e00000, 0x0000000783e00000, 0x0000000783f00000|  0%| F|  |TAMS 0x0000000783e00000, 0x0000000783e00000| Untracked 
|  63|0x0000000783f00000, 0x0000000783f00000, 0x0000000784000000|  0%| F|  |TAMS 0x0000000783f00000, 0x0000000783f00000| Untracked 
|  64|0x0000000784000000, 0x0000000784000000, 0x0000000784100000|  0%| F|  |TAMS 0x0000000784000000, 0x0000000784000000| Untracked 
|  65|0x0000000784100000, 0x0000000784100000, 0x0000000784200000|  0%| F|  |TAMS 0x0000000784100000, 0x0000000784100000| Untracked 
|  66|0x0000000784200000, 0x0000000784200000, 0x0000000784300000|  0%| F|  |TAMS 0x0000000784200000, 0x0000000784200000| Untracked 
|  67|0x0000000784300000, 0x0000000784300000, 0x0000000784400000|  0%| F|  |TAMS 0x0000000784300000, 0x0000000784300000| Untracked 
|  68|0x0000000784400000, 0x0000000784400000, 0x0000000784500000|  0%| F|  |TAMS 0x0000000784400000, 0x0000000784400000| Untracked 
|  69|0x0000000784500000, 0x0000000784500000, 0x0000000784600000|  0%| F|  |TAMS 0x0000000784500000, 0x0000000784500000| Untracked 
|  70|0x0000000784600000, 0x0000000784600000, 0x0000000784700000|  0%| F|  |TAMS 0x0000000784600000, 0x0000000784600000| Untracked 
|  71|0x0000000784700000, 0x0000000784700000, 0x0000000784800000|  0%| F|  |TAMS 0x0000000784700000, 0x0000000784700000| Untracked 
|  72|0x0000000784800000, 0x0000000784800000, 0x0000000784900000|  0%| F|  |TAMS 0x0000000784800000, 0x0000000784800000| Untracked 
|  73|0x0000000784900000, 0x0000000784900000, 0x0000000784a00000|  0%| F|  |TAMS 0x0000000784900000, 0x0000000784900000| Untracked 
|  74|0x0000000784a00000, 0x0000000784a00000, 0x0000000784b00000|  0%| F|  |TAMS 0x0000000784a00000, 0x0000000784a00000| Untracked 
|  75|0x0000000784b00000, 0x0000000784b00000, 0x0000000784c00000|  0%| F|  |TAMS 0x0000000784b00000, 0x0000000784b00000| Untracked 
|  76|0x0000000784c00000, 0x0000000784c00000, 0x0000000784d00000|  0%| F|  |TAMS 0x0000000784c00000, 0x0000000784c00000| Untracked 
|  77|0x0000000784d00000, 0x0000000784d00000, 0x0000000784e00000|  0%| F|  |TAMS 0x0000000784d00000, 0x0000000784d00000| Untracked 
|  78|0x0000000784e00000, 0x0000000784e00000, 0x0000000784f00000|  0%| F|  |TAMS 0x0000000784e00000, 0x0000000784e00000| Untracked 
|  79|0x0000000784f00000, 0x0000000784f00000, 0x0000000785000000|  0%| F|  |TAMS 0x0000000784f00000, 0x0000000784f00000| Untracked 
|  80|0x0000000785000000, 0x0000000785000000, 0x0000000785100000|  0%| F|  |TAMS 0x0000000785000000, 0x0000000785000000| Untracked 
|  81|0x0000000785100000, 0x0000000785100000, 0x0000000785200000|  0%| F|  |TAMS 0x0000000785100000, 0x0000000785100000| Untracked 
|  82|0x0000000785200000, 0x0000000785200000, 0x0000000785300000|  0%| F|  |TAMS 0x0000000785200000, 0x0000000785200000| Untracked 
|  83|0x0000000785300000, 0x0000000785300000, 0x0000000785400000|  0%| F|  |TAMS 0x0000000785300000, 0x0000000785300000| Untracked 
|  84|0x0000000785400000, 0x0000000785400000, 0x0000000785500000|  0%| F|  |TAMS 0x0000000785400000, 0x0000000785400000| Untracked 
|  85|0x0000000785500000, 0x0000000785500000, 0x0000000785600000|  0%| F|  |TAMS 0x0000000785500000, 0x0000000785500000| Untracked 
|  86|0x0000000785600000, 0x0000000785600000, 0x0000000785700000|  0%| F|  |TAMS 0x0000000785600000, 0x0000000785600000| Untracked 
|  87|0x0000000785700000, 0x0000000785700000, 0x0000000785800000|  0%| F|  |TAMS 0x0000000785700000, 0x0000000785700000| Untracked 
|  88|0x0000000785800000, 0x0000000785800000, 0x0000000785900000|  0%| F|  |TAMS 0x0000000785800000, 0x0000000785800000| Untracked 
|  89|0x0000000785900000, 0x0000000785900000, 0x0000000785a00000|  0%| F|  |TAMS 0x0000000785900000, 0x0000000785900000| Untracked 
|  90|0x0000000785a00000, 0x0000000785a00000, 0x0000000785b00000|  0%| F|  |TAMS 0x0000000785a00000, 0x0000000785a00000| Untracked 
|  91|0x0000000785b00000, 0x0000000785b00000, 0x0000000785c00000|  0%| F|  |TAMS 0x0000000785b00000, 0x0000000785b00000| Untracked 
|  92|0x0000000785c00000, 0x0000000785c00000, 0x0000000785d00000|  0%| F|  |TAMS 0x0000000785c00000, 0x0000000785c00000| Untracked 
|  93|0x0000000785d00000, 0x0000000785d00000, 0x0000000785e00000|  0%| F|  |TAMS 0x0000000785d00000, 0x0000000785d00000| Untracked 
|  94|0x0000000785e00000, 0x0000000785e00000, 0x0000000785f00000|  0%| F|  |TAMS 0x0000000785e00000, 0x0000000785e00000| Untracked 
|  95|0x0000000785f00000, 0x0000000785f00000, 0x0000000786000000|  0%| F|  |TAMS 0x0000000785f00000, 0x0000000785f00000| Untracked 
|  96|0x0000000786000000, 0x0000000786000000, 0x0000000786100000|  0%| F|  |TAMS 0x0000000786000000, 0x0000000786000000| Untracked 
|  97|0x0000000786100000, 0x0000000786100000, 0x0000000786200000|  0%| F|  |TAMS 0x0000000786100000, 0x0000000786100000| Untracked 
|  98|0x0000000786200000, 0x0000000786200000, 0x0000000786300000|  0%| F|  |TAMS 0x0000000786200000, 0x0000000786200000| Untracked 
|  99|0x0000000786300000, 0x0000000786300000, 0x0000000786400000|  0%| F|  |TAMS 0x0000000786300000, 0x0000000786300000| Untracked 
| 100|0x0000000786400000, 0x0000000786400000, 0x0000000786500000|  0%| F|  |TAMS 0x0000000786400000, 0x0000000786400000| Untracked 
| 101|0x0000000786500000, 0x0000000786500000, 0x0000000786600000|  0%| F|  |TAMS 0x0000000786500000, 0x0000000786500000| Untracked 
| 102|0x0000000786600000, 0x0000000786600000, 0x0000000786700000|  0%| F|  |TAMS 0x0000000786600000, 0x0000000786600000| Untracked 
| 103|0x0000000786700000, 0x0000000786700000, 0x0000000786800000|  0%| F|  |TAMS 0x0000000786700000, 0x0000000786700000| Untracked 
| 104|0x0000000786800000, 0x0000000786800000, 0x0000000786900000|  0%| F|  |TAMS 0x0000000786800000, 0x0000000786800000| Untracked 
| 105|0x0000000786900000, 0x0000000786900000, 0x0000000786a00000|  0%| F|  |TAMS 0x0000000786900000, 0x0000000786900000| Untracked 
| 106|0x0000000786a00000, 0x0000000786a00000, 0x0000000786b00000|  0%| F|  |TAMS 0x0000000786a00000, 0x0000000786a00000| Untracked 
| 107|0x0000000786b00000, 0x0000000786b00000, 0x0000000786c00000|  0%| F|  |TAMS 0x0000000786b00000, 0x0000000786b00000| Untracked 
| 108|0x0000000786c00000, 0x0000000786c00000, 0x0000000786d00000|  0%| F|  |TAMS 0x0000000786c00000, 0x0000000786c00000| Untracked 
| 109|0x0000000786d00000, 0x0000000786d00000, 0x0000000786e00000|  0%| F|  |TAMS 0x0000000786d00000, 0x0000000786d00000| Untracked 
| 110|0x0000000786e00000, 0x0000000786e00000, 0x0000000786f00000|  0%| F|  |TAMS 0x0000000786e00000, 0x0000000786e00000| Untracked 
| 111|0x0000000786f00000, 0x0000000786f00000, 0x0000000787000000|  0%| F|  |TAMS 0x0000000786f00000, 0x0000000786f00000| Untracked 
| 112|0x0000000787000000, 0x0000000787000000, 0x0000000787100000|  0%| F|  |TAMS 0x0000000787000000, 0x0000000787000000| Untracked 
| 113|0x0000000787100000, 0x0000000787200000, 0x0000000787200000|100%| S|CS|TAMS 0x0000000787100000, 0x0000000787100000| Complete 
| 114|0x0000000787200000, 0x0000000787300000, 0x0000000787300000|100%| S|CS|TAMS 0x0000000787200000, 0x0000000787200000| Complete 
| 115|0x0000000787300000, 0x0000000787300000, 0x0000000787400000|  0%| F|  |TAMS 0x0000000787300000, 0x0000000787300000| Untracked 
| 116|0x0000000787400000, 0x0000000787400000, 0x0000000787500000|  0%| F|  |TAMS 0x0000000787400000, 0x0000000787400000| Untracked 
| 117|0x0000000787500000, 0x0000000787500000, 0x0000000787600000|  0%| F|  |TAMS 0x0000000787500000, 0x0000000787500000| Untracked 
| 118|0x0000000787600000, 0x0000000787600000, 0x0000000787700000|  0%| F|  |TAMS 0x0000000787600000, 0x0000000787600000| Untracked 
| 119|0x0000000787700000, 0x0000000787700000, 0x0000000787800000|  0%| F|  |TAMS 0x0000000787700000, 0x0000000787700000| Untracked 
| 120|0x0000000787800000, 0x0000000787800000, 0x0000000787900000|  0%| F|  |TAMS 0x0000000787800000, 0x0000000787800000| Untracked 
| 121|0x0000000787900000, 0x0000000787900000, 0x0000000787a00000|  0%| F|  |TAMS 0x0000000787900000, 0x0000000787900000| Untracked 
| 122|0x0000000787a00000, 0x0000000787a00000, 0x0000000787b00000|  0%| F|  |TAMS 0x0000000787a00000, 0x0000000787a00000| Untracked 
| 123|0x0000000787b00000, 0x0000000787b00000, 0x0000000787c00000|  0%| F|  |TAMS 0x0000000787b00000, 0x0000000787b00000| Untracked 
| 124|0x0000000787c00000, 0x0000000787caa740, 0x0000000787d00000| 66%| E|  |TAMS 0x0000000787c00000, 0x0000000787c00000| Complete 
| 125|0x0000000787d00000, 0x0000000787e00000, 0x0000000787e00000|100%| E|CS|TAMS 0x0000000787d00000, 0x0000000787d00000| Complete 
| 126|0x0000000787e00000, 0x0000000787f00000, 0x0000000787f00000|100%| E|CS|TAMS 0x0000000787e00000, 0x0000000787e00000| Complete 
| 127|0x0000000787f00000, 0x0000000788000000, 0x0000000788000000|100%| E|CS|TAMS 0x0000000787f00000, 0x0000000787f00000| Complete 
|1022|0x00000007bfe00000, 0x00000007bfe51000, 0x00000007bff00000| 31%|OA|  |TAMS 0x00000007bfe00000, 0x00000007bfe00000| Untracked 
|1023|0x00000007bff00000, 0x00000007bff7b000, 0x00000007c0000000| 48%|CA|  |TAMS 0x00000007bff00000, 0x00000007bff00000| Untracked 

Card table byte_map: [0x000000010ab39000,0x000000010af39000] _byte_map_base: 0x0000000106f39000

Marking Bits (Prev, Next): (CMBitMap*) 0x00007fc16803bc18, (CMBitMap*) 0x00007fc16803bc58
 Prev Bits: [0x000000010b339000, 0x000000010d339000)
 Next Bits: [0x000000010d339000, 0x000000010f339000)

Polling page: 0x000000010031c000

Metaspace:

Usage:
  Non-class:      5.92 MB capacity,     5.79 MB ( 98%) used,   126.16 KB (  2%) free+waste,    10.94 KB ( <1%) overhead. 
      Class:    709.00 KB capacity,   641.45 KB ( 90%) used,    61.37 KB (  9%) free+waste,     6.19 KB ( <1%) overhead. 
       Both:      6.61 MB capacity,     6.41 MB ( 97%) used,   187.52 KB (  3%) free+waste,    17.12 KB ( <1%) overhead. 

Virtual space:
  Non-class space:        8.00 MB reserved,       6.00 MB ( 75%) committed 
      Class space:        1.00 GB reserved,     768.00 KB ( <1%) committed 
             Both:        1.01 GB reserved,       6.75 MB ( <1%) committed 

Chunk freelists:
   Non-Class:  43.00 KB
       Class:  15.00 KB
        Both:  58.00 KB

MaxMetaspaceSize: unlimited
CompressedClassSpaceSize: 1.00 GB

CodeHeap 'non-profiled nmethods': size=120032Kb used=334Kb max_used=334Kb free=119697Kb
 bounds [0x00000001170e2000, 0x0000000117352000, 0x000000011e61a000]
CodeHeap 'profiled nmethods': size=120028Kb used=1575Kb max_used=1575Kb free=118452Kb
 bounds [0x000000010fbab000, 0x000000010fe1b000, 0x00000001170e2000]
CodeHeap 'non-nmethods': size=5700Kb used=1255Kb max_used=1278Kb free=4444Kb
 bounds [0x000000010f61a000, 0x000000010f88a000, 0x000000010fbab000]
 total_blobs=1389 nmethods=851 adapters=452
 compilation: enabled
              stopped_count=0, restarted_count=0
 full_count=0

Compilation events (20 events):
Event: 0.779 Thread 0x00007fc167833800 nmethod 828 0x0000000117130c10 code [0x0000000117130e20, 0x0000000117131798]
Event: 0.779 Thread 0x00007fc1680a2000  845       3       org.jetbrains.coverage.org.objectweb.asm.MethodVisitor::visitIntInsn (17 bytes)
Event: 0.779 Thread 0x00007fc167833800  838       4       java.lang.AbstractStringBuilder::<init> (39 bytes)
Event: 0.779 Thread 0x00007fc1680a2000 nmethod 845 0x000000010fd30510 code [0x000000010fd306a0, 0x000000010fd308c0]
Event: 0.780 Thread 0x00007fc167833800 nmethod 838 0x0000000117131a90 code [0x0000000117131c00, 0x0000000117131df8]
Event: 0.780 Thread 0x00007fc167833800  847       4       org.jetbrains.coverage.org.objectweb.asm.ClassReader::readCode (5089 bytes)
Event: 0.781 Thread 0x00007fc1680a2000  848       3       java.nio.Buffer::remaining (10 bytes)
Event: 0.782 Thread 0x00007fc1680a2000 nmethod 848 0x000000010fd30990 code [0x000000010fd30b20, 0x000000010fd30c30]
Event: 0.782 Thread 0x00007fc1680a2000  849       3       org.jetbrains.coverage.org.objectweb.asm.FieldWriter::visitEnd (1 bytes)
Event: 0.782 Thread 0x00007fc1680a2000 nmethod 849 0x000000010fd30c90 code [0x000000010fd30e20, 0x000000010fd30f30]
Event: 0.783 Thread 0x00007fc1680a2000  850       3       org.jetbrains.coverage.org.objectweb.asm.FieldWriter::putFieldInfo (269 bytes)
Event: 0.789 Thread 0x00007fc1680a2000 nmethod 850 0x000000010fd30f90 code [0x000000010fd31220, 0x000000010fd31c40]
Event: 0.792 Thread 0x00007fc1680a2000  851       3       java.lang.String::equalsIgnoreCase (45 bytes)
Event: 0.793 Thread 0x00007fc1680a2000 nmethod 851 0x000000010fd32010 code [0x000000010fd32200, 0x000000010fd32760]
Event: 0.793 Thread 0x00007fc1680a2000  852       3       java.lang.ref.PhantomReference::<init> (7 bytes)
Event: 0.793 Thread 0x00007fc1680a2000 nmethod 852 0x000000010fd32990 code [0x000000010fd32b40, 0x000000010fd32e30]
Event: 0.794 Thread 0x00007fc1680a2000  853   !   3       com.intellij.rt.coverage.data.ProjectData::loadClassData (60 bytes)
Event: 0.796 Thread 0x00007fc1680a2000 nmethod 853 0x000000010fd32f10 code [0x000000010fd33240, 0x000000010fd342e0]
Event: 0.796 Thread 0x00007fc1680a2000  854       3       com.intellij.rt.coverage.data.ProjectData::getClassData (9 bytes)
Event: 0.796 Thread 0x00007fc1680a2000 nmethod 854 0x000000010fd34a10 code [0x000000010fd34ba0, 0x000000010fd34d00]

GC Heap History (2 events):
Event: 0.675 GC heap before
{Heap before GC invocations=0 (full 0):
 garbage-first heap   total 133120K, used 14128K [0x0000000780000000, 0x0000000800000000)
  region size 1024K, 13 young (13312K), 0 survivors (0K)
 Metaspace       used 5823K, capacity 6060K, committed 6400K, reserved 1056768K
  class space    used 564K, capacity 643K, committed 768K, reserved 1048576K
}
Event: 0.678 GC heap after
{Heap after GC invocations=1 (full 0):
 garbage-first heap   total 133120K, used 3643K [0x0000000780000000, 0x0000000800000000)
  region size 1024K, 2 young (2048K), 2 survivors (2048K)
 Metaspace       used 5823K, capacity 6060K, committed 6400K, reserved 1056768K
  class space    used 564K, capacity 643K, committed 768K, reserved 1048576K
}

Deoptimization events (20 events):
Event: 0.265 Thread 0x00007fc168009000 Uncommon trap: trap_request=0xffffff45 fr.pc=0x00000001170e9cdc relative=0x000000000000021c
Event: 0.265 Thread 0x00007fc168009000 Uncommon trap: reason=unstable_if action=reinterpret pc=0x00000001170e9cdc method=java.lang.String.hashCode()I @ 42 c2
Event: 0.265 Thread 0x00007fc168009000 DEOPT PACKING pc=0x00000001170e9cdc sp=0x000070000a0aba70
Event: 0.265 Thread 0x00007fc168009000 DEOPT UNPACKING pc=0x000000010f662e25 sp=0x000070000a0aba20 mode 2
Event: 0.286 Thread 0x00007fc168009000 Uncommon trap: trap_request=0xffffff45 fr.pc=0x00000001171029cc relative=0x00000000000009ec
Event: 0.286 Thread 0x00007fc168009000 Uncommon trap: reason=unstable_if action=reinterpret pc=0x00000001171029cc method=java.lang.String.<init>([CIILjava/lang/Void;)V @ 5 c2
Event: 0.286 Thread 0x00007fc168009000 DEOPT PACKING pc=0x00000001171029cc sp=0x000070000a0ab430
Event: 0.286 Thread 0x00007fc168009000 DEOPT UNPACKING pc=0x000000010f662e25 sp=0x000070000a0ab240 mode 2
Event: 0.287 Thread 0x00007fc168009000 Uncommon trap: trap_request=0xffffff45 fr.pc=0x0000000117103774 relative=0x0000000000000574
Event: 0.287 Thread 0x00007fc168009000 Uncommon trap: reason=unstable_if action=reinterpret pc=0x0000000117103774 method=org.jetbrains.coverage.org.objectweb.asm.ClassReader.readUtf(II[C)Ljava/lang/String; @ 41 c2
Event: 0.287 Thread 0x00007fc168009000 DEOPT PACKING pc=0x0000000117103774 sp=0x000070000a0ab1c0
Event: 0.287 Thread 0x00007fc168009000 DEOPT UNPACKING pc=0x000000010f662e25 sp=0x000070000a0ab168 mode 2
Event: 0.287 Thread 0x00007fc168009000 Uncommon trap: trap_request=0xffffff3d fr.pc=0x00000001170ffae4 relative=0x0000000000000224
Event: 0.287 Thread 0x00007fc168009000 Uncommon trap: reason=unstable_fused_if action=reinterpret pc=0x00000001170ffae4 method=org.jetbrains.coverage.org.objectweb.asm.ByteVector.putUTF8(Ljava/lang/String;)Lorg/jetbrains/coverage/org/objectweb/asm/ByteVector; @ 93 c2
Event: 0.287 Thread 0x00007fc168009000 DEOPT PACKING pc=0x00000001170ffae4 sp=0x000070000a0aaf40
Event: 0.287 Thread 0x00007fc168009000 DEOPT UNPACKING pc=0x000000010f662e25 sp=0x000070000a0aaee0 mode 2
Event: 0.598 Thread 0x00007fc168009000 Uncommon trap: trap_request=0xffffff45 fr.pc=0x00000001170eeabc relative=0x000000000000097c
Event: 0.598 Thread 0x00007fc168009000 Uncommon trap: reason=unstable_if action=reinterpret pc=0x00000001170eeabc method=java.util.HashMap.putVal(ILjava/lang/Object;Ljava/lang/Object;ZZ)Ljava/lang/Object; @ 181 c2
Event: 0.598 Thread 0x00007fc168009000 DEOPT PACKING pc=0x00000001170eeabc sp=0x000070000a0adb30
Event: 0.598 Thread 0x00007fc168009000 DEOPT UNPACKING pc=0x000000010f662e25 sp=0x000070000a0adac0 mode 2

Classes unloaded (0 events):
No events

Classes redefined (0 events):
No events

Internal exceptions (5 events):
Event: 0.302 Thread 0x00007fc168009000 Exception <a 'java/lang/ClassNotFoundException'{0x00000007878b69f8}: sun/awt/resources/spi/awtProvider> (0x00000007878b69f8) 
thrown [./open/src/hotspot/share/classfile/systemDictionary.cpp, line 226]
Event: 0.322 Thread 0x00007fc168009000 Exception <a 'java/io/FileNotFoundException'{0x000000078772d408}> (0x000000078772d408) 
thrown [./open/src/hotspot/share/prims/jni.cpp, line 599]
Event: 0.330 Thread 0x00007fc168009000 Exception <a 'java/io/FileNotFoundException'{0x0000000787755ab0}> (0x0000000787755ab0) 
thrown [./open/src/hotspot/share/prims/jni.cpp, line 599]
Event: 0.340 Thread 0x00007fc168009000 Exception <a 'java/lang/ClassNotFoundException'{0x0000000787776730}: sun/awt/resources/spi/awtosxProvider> (0x0000000787776730) 
thrown [./open/src/hotspot/share/classfile/systemDictionary.cpp, line 226]
Event: 0.549 Thread 0x00007fc168009000 Exception <a 'java/io/FileNotFoundException'{0x00000007876e6e38}> (0x00000007876e6e38) 
thrown [./open/src/hotspot/share/prims/jni.cpp, line 599]

Events (20 events):
Event: 0.762 loading class org/lwjgl/input/Keyboard
Event: 0.762 loading class org/lwjgl/input/Keyboard done
Event: 0.774 loading class jdk/internal/reflect/UnsafeQualifiedStaticIntegerFieldAccessorImpl
Event: 0.774 loading class jdk/internal/reflect/UnsafeQualifiedStaticIntegerFieldAccessorImpl done
Event: 0.777 loading class org/lwjgl/input/Keyboard$KeyEvent
Event: 0.777 loading class org/lwjgl/input/Keyboard$KeyEvent done
Event: 0.778 loading class org/lwjgl/opengl/MacOSXNativeKeyboard
Event: 0.778 loading class org/lwjgl/opengl/MacOSXNativeKeyboard done
Event: 0.781 loading class org/lwjgl/opengl/ContextGL
Event: 0.781 loading class org/lwjgl/opengl/ContextGL done
Event: 0.783 loading class org/lwjgl/opengl/ContextImplementation
Event: 0.783 loading class org/lwjgl/opengl/ContextImplementation done
Event: 0.784 loading class org/lwjgl/opengl/MacOSXContextImplementation
Event: 0.784 loading class org/lwjgl/opengl/MacOSXContextImplementation done
Event: 0.786 loading class org/lwjgl/opengl/GLContext
Event: 0.786 loading class org/lwjgl/opengl/GLContext done
Event: 0.790 loading class java/lang/NumberFormatException
Event: 0.790 loading class java/lang/NumberFormatException done
Event: 0.791 loading class org/lwjgl/opengl/GLContext$CapabilitiesCacheEntry
Event: 0.791 loading class org/lwjgl/opengl/GLContext$CapabilitiesCacheEntry done


Dynamic libraries:
0x00007fff6cc0b000 	/usr/lib/libz.1.dylib
0x00000001002d1000 	/Users/cappydev/Library/Java/JavaVirtualMachines/openjdk-14.0.2/Contents/Home/lib/libjli.dylib
0x00007fff40d79000 	/System/Library/Frameworks/Cocoa.framework/Versions/A/Cocoa
0x00007fff4cb1d000 	/System/Library/Frameworks/Security.framework/Versions/A/Security
0x00007fff3fa0c000 	/System/Library/Frameworks/ApplicationServices.framework/Versions/A/ApplicationServices
0x00007fff6a565000 	/usr/lib/libSystem.B.dylib
0x00007fff6d401000 	/usr/lib/system/libcache.dylib
0x00007fff6d406000 	/usr/lib/system/libcommonCrypto.dylib
0x00007fff6d411000 	/usr/lib/system/libcompiler_rt.dylib
0x00007fff6d419000 	/usr/lib/system/libcopyfile.dylib
0x00007fff6d423000 	/usr/lib/system/libcorecrypto.dylib
0x00007fff6d52e000 	/usr/lib/system/libdispatch.dylib
0x00007fff6d568000 	/usr/lib/system/libdyld.dylib
0x00007fff6d595000 	/usr/lib/system/libkeymgr.dylib
0x00007fff6d5a3000 	/usr/lib/system/liblaunch.dylib
0x00007fff6d5a4000 	/usr/lib/system/libmacho.dylib
0x00007fff6d5aa000 	/usr/lib/system/libquarantine.dylib
0x00007fff6d5ad000 	/usr/lib/system/libremovefile.dylib
0x00007fff6d5af000 	/usr/lib/system/libsystem_asl.dylib
0x00007fff6d5c7000 	/usr/lib/system/libsystem_blocks.dylib
0x00007fff6d5c8000 	/usr/lib/system/libsystem_c.dylib
0x00007fff6d650000 	/usr/lib/system/libsystem_configuration.dylib
0x00007fff6d654000 	/usr/lib/system/libsystem_coreservices.dylib
0x00007fff6d658000 	/usr/lib/system/libsystem_darwin.dylib
0x00007fff6d65f000 	/usr/lib/system/libsystem_dnssd.dylib
0x00007fff6d666000 	/usr/lib/system/libsystem_info.dylib
0x00007fff6d6db000 	/usr/lib/system/libsystem_m.dylib
0x00007fff6d727000 	/usr/lib/system/libsystem_malloc.dylib
0x00007fff6d752000 	/usr/lib/system/libsystem_networkextension.dylib
0x00007fff6d75d000 	/usr/lib/system/libsystem_notify.dylib
0x00007fff6d77a000 	/usr/lib/system/libsystem_sandbox.dylib
0x00007fff6d77e000 	/usr/lib/system/libsystem_secinit.dylib
0x00007fff6d6b2000 	/usr/lib/system/libsystem_kernel.dylib
0x00007fff6d765000 	/usr/lib/system/libsystem_platform.dylib
0x00007fff6d76f000 	/usr/lib/system/libsystem_pthread.dylib
0x00007fff6d781000 	/usr/lib/system/libsystem_symptoms.dylib
0x00007fff6d789000 	/usr/lib/system/libsystem_trace.dylib
0x00007fff6d7a0000 	/usr/lib/system/libunwind.dylib
0x00007fff6d7a6000 	/usr/lib/system/libxpc.dylib
0x00007fff6bd9c000 	/usr/lib/libobjc.A.dylib
0x00007fff6a7fc000 	/usr/lib/libc++abi.dylib
0x00007fff6a7a8000 	/usr/lib/libc++.1.dylib
0x00007fff415ee000 	/System/Library/Frameworks/CoreFoundation.framework/Versions/A/CoreFoundation
0x00007fff43871000 	/System/Library/Frameworks/Foundation.framework/Versions/C/Foundation
0x00007fff3ec05000 	/System/Library/Frameworks/AppKit.framework/Versions/C/AppKit
0x00007fff41177000 	/System/Library/Frameworks/CoreData.framework/Versions/A/CoreData
0x00007fff6402b000 	/System/Library/PrivateFrameworks/RemoteViewServices.framework/Versions/A/RemoteViewServices
0x00007fff682a2000 	/System/Library/PrivateFrameworks/UIFoundation.framework/Versions/A/UIFoundation
0x00007fff69986000 	/System/Library/PrivateFrameworks/XCTTargetBootstrap.framework/Versions/A/XCTTargetBootstrap
0x00007fff414fd000 	/System/Library/Frameworks/CoreDisplay.framework/Versions/A/CoreDisplay
0x00007fff5ed65000 	/System/Library/PrivateFrameworks/IconServices.framework/Versions/A/IconServices
0x00007fff46192000 	/System/Library/Frameworks/Metal.framework/Versions/A/Metal
0x00007fff562a8000 	/System/Library/PrivateFrameworks/DesktopServicesPriv.framework/Versions/A/DesktopServicesPriv
0x00007fff6b0ff000 	/usr/lib/libenergytrace.dylib
0x00007fff66789000 	/System/Library/PrivateFrameworks/SkyLight.framework/Versions/A/SkyLight
0x00007fff41a35000 	/System/Library/Frameworks/CoreGraphics.framework/Versions/A/CoreGraphics
0x00007fff3d9d1000 	/System/Library/Frameworks/Accelerate.framework/Versions/A/Accelerate
0x00007fff43fba000 	/System/Library/Frameworks/IOSurface.framework/Versions/A/IOSurface
0x00007fff56114000 	/System/Library/PrivateFrameworks/DFRFoundation.framework/Versions/A/DFRFoundation
0x00007fff3feef000 	/System/Library/Frameworks/AudioToolbox.framework/Versions/A/AudioToolbox
0x00007fff40168000 	/System/Library/Frameworks/AudioUnit.framework/Versions/A/AudioUnit
0x00007fff561a9000 	/System/Library/PrivateFrameworks/DataDetectorsCore.framework/Versions/A/DataDetectorsCore
0x00007fff4087c000 	/System/Library/Frameworks/Carbon.framework/Versions/A/Frameworks/HIToolbox.framework/Versions/A/HIToolbox
0x00007fff6b258000 	/usr/lib/libicucore.A.dylib
0x00007fff4c091000 	/System/Library/Frameworks/QuartzCore.framework/Versions/A/QuartzCore
0x00007fff40c51000 	/System/Library/Frameworks/Carbon.framework/Versions/A/Frameworks/SpeechRecognition.framework/Versions/A/SpeechRecognition
0x00007fff6a6b9000 	/usr/lib/libauto.dylib
0x00007fff6caff000 	/usr/lib/libxml2.2.dylib
0x00007fff55cef000 	/System/Library/PrivateFrameworks/CoreUI.framework/Versions/A/CoreUI
0x00007fff41062000 	/System/Library/Frameworks/CoreAudio.framework/Versions/A/CoreAudio
0x00007fff436a6000 	/System/Library/Frameworks/DiskArbitration.framework/Versions/A/DiskArbitration
0x00007fff6b506000 	/usr/lib/liblangid.dylib
0x00007fff60170000 	/System/Library/PrivateFrameworks/MultitouchSupport.framework/Versions/A/MultitouchSupport
0x00007fff43f29000 	/System/Library/Frameworks/IOKit.framework/Versions/A/IOKit
0x00007fff6a125000 	/usr/lib/libDiagnosticMessagesClient.dylib
0x00007fff42844000 	/System/Library/Frameworks/CoreServices.framework/Versions/A/CoreServices
0x00007fff61e2a000 	/System/Library/PrivateFrameworks/PerformanceAnalysis.framework/Versions/A/PerformanceAnalysis
0x00007fff4b27f000 	/System/Library/Frameworks/OpenGL.framework/Versions/A/OpenGL
0x00007fff40d87000 	/System/Library/Frameworks/ColorSync.framework/Versions/A/ColorSync
0x00007fff420c6000 	/System/Library/Frameworks/CoreImage.framework/Versions/A/CoreImage
0x00007fff4321c000 	/System/Library/Frameworks/CoreText.framework/Versions/A/CoreText
0x00007fff4401d000 	/System/Library/Frameworks/ImageIO.framework/Versions/A/ImageIO
0x00007fff52341000 	/System/Library/PrivateFrameworks/Backup.framework/Versions/A/Backup
0x00007fff6a60c000 	/usr/lib/libarchive.2.dylib
0x00007fff404c1000 	/System/Library/Frameworks/CFNetwork.framework/Versions/A/CFNetwork
0x00007fff4d279000 	/System/Library/Frameworks/SystemConfiguration.framework/Versions/A/SystemConfiguration
0x00007fff6a056000 	/usr/lib/libCRFSuite.dylib
0x00007fff6a789000 	/usr/lib/libbsm.0.dylib
0x00007fff6d596000 	/usr/lib/system/libkxld.dylib
0x00007fff51732000 	/System/Library/PrivateFrameworks/AppleFSCompression.framework/Versions/A/AppleFSCompression
0x00007fff6a425000 	/usr/lib/libOpenScriptingUtil.dylib
0x00007fff6aab1000 	/usr/lib/libcoretls.dylib
0x00007fff6aac8000 	/usr/lib/libcoretls_cfhelpers.dylib
0x00007fff6c533000 	/usr/lib/libpam.2.dylib
0x00007fff6c6f3000 	/usr/lib/libsqlite3.dylib
0x00007fff6caed000 	/usr/lib/libxar.1.dylib
0x00007fff6a79a000 	/usr/lib/libbz2.1.0.dylib
0x00007fff6b508000 	/usr/lib/liblzma.5.dylib
0x00007fff6b9b9000 	/usr/lib/libnetwork.dylib
0x00007fff6a5f5000 	/usr/lib/libapple_nghttp2.dylib
0x00007fff6c53a000 	/usr/lib/libpcap.A.dylib
0x00007fff42be3000 	/System/Library/Frameworks/CoreServices.framework/Versions/A/Frameworks/FSEvents.framework/Versions/A/FSEvents
0x00007fff428c2000 	/System/Library/Frameworks/CoreServices.framework/Versions/A/Frameworks/CarbonCore.framework/Versions/A/CarbonCore
0x00007fff42d9e000 	/System/Library/Frameworks/CoreServices.framework/Versions/A/Frameworks/Metadata.framework/Versions/A/Metadata
0x00007fff42e3d000 	/System/Library/Frameworks/CoreServices.framework/Versions/A/Frameworks/OSServices.framework/Versions/A/OSServices
0x00007fff42e88000 	/System/Library/Frameworks/CoreServices.framework/Versions/A/Frameworks/SearchKit.framework/Versions/A/SearchKit
0x00007fff42845000 	/System/Library/Frameworks/CoreServices.framework/Versions/A/Frameworks/AE.framework/Versions/A/AE
0x00007fff42bec000 	/System/Library/Frameworks/CoreServices.framework/Versions/A/Frameworks/LaunchServices.framework/Versions/A/LaunchServices
0x00007fff42b9a000 	/System/Library/Frameworks/CoreServices.framework/Versions/A/Frameworks/DictionaryServices.framework/Versions/A/DictionaryServices
0x00007fff42ef0000 	/System/Library/Frameworks/CoreServices.framework/Versions/A/Frameworks/SharedFileList.framework/Versions/A/SharedFileList
0x00007fff4725a000 	/System/Library/Frameworks/NetFS.framework/Versions/A/NetFS
0x00007fff603d6000 	/System/Library/PrivateFrameworks/NetAuth.framework/Versions/A/NetAuth
0x00007fff69d8a000 	/System/Library/PrivateFrameworks/login.framework/Versions/A/Frameworks/loginsupport.framework/Versions/A/loginsupport
0x00007fff67eab000 	/System/Library/PrivateFrameworks/TCC.framework/Versions/A/TCC
0x00007fff5534c000 	/System/Library/PrivateFrameworks/CoreNLP.framework/Versions/A/CoreNLP
0x00007fff5fe6b000 	/System/Library/PrivateFrameworks/MetadataUtilities.framework/Versions/A/MetadataUtilities
0x00007fff6b5dd000 	/usr/lib/libmecabra.dylib
0x00007fff3fa0d000 	/System/Library/Frameworks/ApplicationServices.framework/Versions/A/Frameworks/ATS.framework/Versions/A/ATS
0x00007fff3fd5c000 	/System/Library/Frameworks/ApplicationServices.framework/Versions/A/Frameworks/ColorSyncLegacy.framework/Versions/A/ColorSyncLegacy
0x00007fff3fdfb000 	/System/Library/Frameworks/ApplicationServices.framework/Versions/A/Frameworks/HIServices.framework/Versions/A/HIServices
0x00007fff3fe4e000 	/System/Library/Frameworks/ApplicationServices.framework/Versions/A/Frameworks/LangAnalysis.framework/Versions/A/LangAnalysis
0x00007fff3fe5e000 	/System/Library/Frameworks/ApplicationServices.framework/Versions/A/Frameworks/PrintCore.framework/Versions/A/PrintCore
0x00007fff3fea8000 	/System/Library/Frameworks/ApplicationServices.framework/Versions/A/Frameworks/QD.framework/Versions/A/QD
0x00007fff3fee2000 	/System/Library/Frameworks/ApplicationServices.framework/Versions/A/Frameworks/SpeechSynthesis.framework/Versions/A/SpeechSynthesis
0x00007fff6a824000 	/usr/lib/libcompression.dylib
0x00007fff46462000 	/System/Library/Frameworks/MetalPerformanceShaders.framework/Versions/A/MetalPerformanceShaders
0x00007fff3d9e9000 	/System/Library/Frameworks/Accelerate.framework/Versions/A/Frameworks/vImage.framework/Versions/A/vImage
0x00007fff3ea63000 	/System/Library/Frameworks/Accelerate.framework/Versions/A/Frameworks/vecLib.framework/Versions/A/vecLib
0x00007fff3e9af000 	/System/Library/Frameworks/Accelerate.framework/Versions/A/Frameworks/vecLib.framework/Versions/A/libvMisc.dylib
0x00007fff3e7c7000 	/System/Library/Frameworks/Accelerate.framework/Versions/A/Frameworks/vecLib.framework/Versions/A/libvDSP.dylib
0x00007fff3e083000 	/System/Library/Frameworks/Accelerate.framework/Versions/A/Frameworks/vecLib.framework/Versions/A/libBLAS.dylib
0x00007fff3e370000 	/System/Library/Frameworks/Accelerate.framework/Versions/A/Frameworks/vecLib.framework/Versions/A/libLAPACK.dylib
0x00007fff3e71a000 	/System/Library/Frameworks/Accelerate.framework/Versions/A/Frameworks/vecLib.framework/Versions/A/libLinearAlgebra.dylib
0x00007fff3e7b3000 	/System/Library/Frameworks/Accelerate.framework/Versions/A/Frameworks/vecLib.framework/Versions/A/libSparseBLAS.dylib
0x00007fff3e730000 	/System/Library/Frameworks/Accelerate.framework/Versions/A/Frameworks/vecLib.framework/Versions/A/libQuadrature.dylib
0x00007fff3e2fd000 	/System/Library/Frameworks/Accelerate.framework/Versions/A/Frameworks/vecLib.framework/Versions/A/libBNNS.dylib
0x00007fff3e736000 	/System/Library/Frameworks/Accelerate.framework/Versions/A/Frameworks/vecLib.framework/Versions/A/libSparse.dylib
0x00007fff5c69a000 	/System/Library/PrivateFrameworks/GPUWrangler.framework/Versions/A/GPUWrangler
0x00007fff5e99a000 	/System/Library/PrivateFrameworks/IOAccelerator.framework/Versions/A/IOAccelerator
0x00007fff5e9a5000 	/System/Library/PrivateFrameworks/IOPresentment.framework/Versions/A/IOPresentment
0x00007fff56124000 	/System/Library/PrivateFrameworks/DSExternalDisplay.framework/Versions/A/DSExternalDisplay
0x00007fff4a6d6000 	/System/Library/Frameworks/OpenGL.framework/Versions/A/Libraries/libCoreFSCache.dylib
0x00007fff46256000 	/System/Library/Frameworks/MetalPerformanceShaders.framework/Frameworks/MPSCore.framework/Versions/A/MPSCore
0x00007fff46276000 	/System/Library/Frameworks/MetalPerformanceShaders.framework/Frameworks/MPSImage.framework/Versions/A/MPSImage
0x00007fff4631b000 	/System/Library/Frameworks/MetalPerformanceShaders.framework/Frameworks/MPSNeuralNetwork.framework/Versions/A/MPSNeuralNetwork
0x00007fff462f3000 	/System/Library/Frameworks/MetalPerformanceShaders.framework/Frameworks/MPSMatrix.framework/Versions/A/MPSMatrix
0x00007fff46447000 	/System/Library/Frameworks/MetalPerformanceShaders.framework/Frameworks/MPSRayIntersector.framework/Versions/A/MPSRayIntersector
0x00007fff5fe94000 	/System/Library/PrivateFrameworks/MetalTools.framework/Versions/A/MetalTools
0x00007fff50fdc000 	/System/Library/PrivateFrameworks/AggregateDictionary.framework/Versions/A/AggregateDictionary
0x00007fff6a405000 	/usr/lib/libMobileGestalt.dylib
0x00007fff4337f000 	/System/Library/Frameworks/CoreVideo.framework/Versions/A/CoreVideo
0x00007fff5d4ab000 	/System/Library/PrivateFrameworks/GraphVisualizer.framework/Versions/A/GraphVisualizer
0x00007fff5732a000 	/System/Library/PrivateFrameworks/FaceCore.framework/Versions/A/FaceCore
0x00007fff49d04000 	/System/Library/Frameworks/OpenCL.framework/Versions/A/OpenCL
0x00007fff6a15d000 	/usr/lib/libFosl_dynamic.dylib
0x00007fff60c41000 	/System/Library/PrivateFrameworks/OTSVG.framework/Versions/A/OTSVG
0x00007fff3fb11000 	/System/Library/Frameworks/ApplicationServices.framework/Versions/A/Frameworks/ATS.framework/Versions/A/Resources/libFontParser.dylib
0x00007fff3fc29000 	/System/Library/Frameworks/ApplicationServices.framework/Versions/A/Frameworks/ATS.framework/Versions/A/Resources/libFontRegistry.dylib
0x00007fff4428b000 	/System/Library/Frameworks/ImageIO.framework/Versions/A/Resources/libJPEG.dylib
0x00007fff4459d000 	/System/Library/Frameworks/ImageIO.framework/Versions/A/Resources/libTIFF.dylib
0x00007fff44573000 	/System/Library/Frameworks/ImageIO.framework/Versions/A/Resources/libPng.dylib
0x00007fff441a9000 	/System/Library/Frameworks/ImageIO.framework/Versions/A/Resources/libGIF.dylib
0x00007fff441ae000 	/System/Library/Frameworks/ImageIO.framework/Versions/A/Resources/libJP2.dylib
0x00007fff4459a000 	/System/Library/Frameworks/ImageIO.framework/Versions/A/Resources/libRadiance.dylib
0x00007fff51889000 	/System/Library/PrivateFrameworks/AppleJPEG.framework/Versions/A/AppleJPEG
0x00007fff4a6e1000 	/System/Library/Frameworks/OpenGL.framework/Versions/A/Libraries/libGFXShared.dylib
0x00007fff4a8a4000 	/System/Library/Frameworks/OpenGL.framework/Versions/A/Libraries/libGLU.dylib
0x00007fff4a6ea000 	/System/Library/Frameworks/OpenGL.framework/Versions/A/Libraries/libGL.dylib
0x00007fff4a6f6000 	/System/Library/Frameworks/OpenGL.framework/Versions/A/Libraries/libGLImage.dylib
0x00007fff4a6d3000 	/System/Library/Frameworks/OpenGL.framework/Versions/A/Libraries/libCVMSPluginSupport.dylib
0x00007fff4a6dc000 	/System/Library/Frameworks/OpenGL.framework/Versions/A/Libraries/libCoreVMClient.dylib
0x00007fff6af75000 	/usr/lib/libcups.2.dylib
0x00007fff4575d000 	/System/Library/Frameworks/Kerberos.framework/Versions/A/Kerberos
0x00007fff43c8d000 	/System/Library/Frameworks/GSS.framework/Versions/A/GSS
0x00007fff6c688000 	/usr/lib/libresolv.9.dylib
0x00007fff6b167000 	/usr/lib/libiconv.2.dylib
0x00007fff5d620000 	/System/Library/PrivateFrameworks/Heimdal.framework/Versions/A/Heimdal
0x00007fff6b137000 	/usr/lib/libheimdal-asn1.dylib
0x00007fff49d78000 	/System/Library/Frameworks/OpenDirectory.framework/Versions/A/OpenDirectory
0x00007fff540af000 	/System/Library/PrivateFrameworks/CommonAuth.framework/Versions/A/CommonAuth
0x00007fff49d5c000 	/System/Library/Frameworks/OpenDirectory.framework/Versions/A/Frameworks/CFOpenDirectory.framework/Versions/A/CFOpenDirectory
0x00007fff4ce1e000 	/System/Library/Frameworks/SecurityFoundation.framework/Versions/A/SecurityFoundation
0x00007fff50522000 	/System/Library/PrivateFrameworks/APFS.framework/Versions/A/APFS
0x00007fff6cae9000 	/usr/lib/libutil.dylib
0x00007fff6a812000 	/usr/lib/libcharset.1.dylib
0x00007fff51b26000 	/System/Library/PrivateFrameworks/AppleSauce.framework/Versions/A/AppleSauce
0x00007fff51ca7000 	/System/Library/PrivateFrameworks/AssertionServices.framework/Versions/A/AssertionServices
0x00007fff523d7000 	/System/Library/PrivateFrameworks/BaseBoard.framework/Versions/A/BaseBoard
0x00007fff6b538000 	/usr/lib/libmecab.1.0.0.dylib
0x00007fff6b131000 	/usr/lib/libgermantok.dylib
0x00007fff6a5e2000 	/usr/lib/libThaiTokenizer.dylib
0x00007fff6a08d000 	/usr/lib/libChineseTokenizer.dylib
0x00007fff5f052000 	/System/Library/PrivateFrameworks/LanguageModeling.framework/Versions/A/LanguageModeling
0x00007fff54d91000 	/System/Library/PrivateFrameworks/CoreEmoji.framework/Versions/A/CoreEmoji
0x00007fff5f12e000 	/System/Library/PrivateFrameworks/Lexicon.framework/Versions/A/Lexicon
0x00007fff5f171000 	/System/Library/PrivateFrameworks/LinguisticData.framework/Versions/A/LinguisticData
0x00007fff6a813000 	/usr/lib/libcmph.dylib
0x00007fff4cedc000 	/System/Library/Frameworks/ServiceManagement.framework/Versions/A/ServiceManagement
0x00007fff52338000 	/System/Library/PrivateFrameworks/BackgroundTaskManagement.framework/Versions/A/BackgroundTaskManagement
0x00007fff6cbe2000 	/usr/lib/libxslt.1.dylib
0x00007fff40b7e000 	/System/Library/Frameworks/Carbon.framework/Versions/A/Frameworks/Ink.framework/Versions/A/Ink
0x00007fff6811d000 	/System/Library/PrivateFrameworks/TextureIO.framework/Versions/A/TextureIO
0x00007fff6a636000 	/usr/lib/libate.dylib
0x00007fff56073000 	/System/Library/PrivateFrameworks/CrashReporterSupport.framework/Versions/A/CrashReporterSupport
0x00007fff65857000 	/System/Library/PrivateFrameworks/Sharing.framework/Versions/A/Sharing
0x00007fff5208a000 	/System/Library/PrivateFrameworks/AuthKit.framework/Versions/A/AuthKit
0x00007fff515de000 	/System/Library/PrivateFrameworks/Apple80211.framework/Versions/A/Apple80211
0x00007fff55e1b000 	/System/Library/PrivateFrameworks/CoreUtils.framework/Versions/A/CoreUtils
0x00007fff433c0000 	/System/Library/Frameworks/CoreWLAN.framework/Versions/A/CoreWLAN
0x00007fff43dbc000 	/System/Library/Frameworks/IOBluetooth.framework/Versions/A/IOBluetooth
0x00007fff63ccb000 	/System/Library/PrivateFrameworks/ProtocolBuffer.framework/Versions/A/ProtocolBuffer
0x00007fff600cc000 	/System/Library/PrivateFrameworks/MobileKeyBag.framework/Versions/A/MobileKeyBag
0x00007fff5565f000 	/System/Library/PrivateFrameworks/CorePhoneNumbers.framework/Versions/A/CorePhoneNumbers
0x00007fff5183d000 	/System/Library/PrivateFrameworks/AppleIDAuthSupport.framework/Versions/A/AppleIDAuthSupport
0x00007fff5f025000 	/System/Library/PrivateFrameworks/KeychainCircle.framework/Versions/A/KeychainCircle
0x00007fff63e81000 	/System/Library/PrivateFrameworks/ROCKit.framework/Versions/A/ROCKit
0x00007fff5600f000 	/System/Library/PrivateFrameworks/CoreWiFi.framework/Versions/A/CoreWiFi
0x00007fff4114c000 	/System/Library/Frameworks/CoreBluetooth.framework/Versions/A/CoreBluetooth
0x00007fff5626a000 	/System/Library/PrivateFrameworks/DebugSymbols.framework/Versions/A/DebugSymbols
0x00007fff55bdb000 	/System/Library/PrivateFrameworks/CoreSymbolication.framework/Versions/A/CoreSymbolication
0x00007fff67938000 	/System/Library/PrivateFrameworks/Symbolication.framework/Versions/A/Symbolication
0x00007fff671db000 	/System/Library/PrivateFrameworks/SpeechRecognitionCore.framework/Versions/A/SpeechRecognitionCore
0x0000000100c00000 	/Users/cappydev/Library/Java/JavaVirtualMachines/openjdk-14.0.2/Contents/Home/lib/server/libjvm.dylib
0x0000000100311000 	/Users/cappydev/Library/Java/JavaVirtualMachines/openjdk-14.0.2/Contents/Home/lib/libjimage.dylib
0x000000010031e000 	/Users/cappydev/Library/Java/JavaVirtualMachines/openjdk-14.0.2/Contents/Home/lib/libinstrument.dylib
0x000000010032e000 	/Users/cappydev/Library/Java/JavaVirtualMachines/openjdk-14.0.2/Contents/Home/lib/./libjava.dylib
0x000000010198a000 	/Users/cappydev/Library/Java/JavaVirtualMachines/openjdk-14.0.2/Contents/Home/lib/libzip.dylib
0x0000000121250000 	/Users/cappydev/Library/Java/JavaVirtualMachines/openjdk-14.0.2/Contents/Home/lib/libnio.dylib
0x0000000121263000 	/Users/cappydev/Library/Java/JavaVirtualMachines/openjdk-14.0.2/Contents/Home/lib/./libnet.dylib
0x000000010f547000 	/Users/cappydev/Library/Java/JavaVirtualMachines/openjdk-14.0.2/Contents/Home/lib/libextnet.dylib
0x00000001213a4000 	/Users/cappydev/Library/Java/JavaVirtualMachines/openjdk-14.0.2/Contents/Home/lib/libverify.dylib
0x00000001213f4000 	/Users/cappydev/Library/Java/JavaVirtualMachines/openjdk-14.0.2/Contents/Home/lib/libawt.dylib
0x0000000121490000 	/Users/cappydev/Library/Java/JavaVirtualMachines/openjdk-14.0.2/Contents/Home/lib/./libmlib_image.dylib
0x00007fff45746000 	/System/Library/Frameworks/JavaVM.framework/Versions/A/Frameworks/JavaNativeFoundation.framework/Versions/A/JavaNativeFoundation
0x00007fff4574f000 	/System/Library/Frameworks/JavaVM.framework/Versions/A/Frameworks/JavaRuntimeSupport.framework/Versions/A/JavaRuntimeSupport
0x00007fff45758000 	/System/Library/Frameworks/JavaVM.framework/Versions/A/JavaVM
0x00007fff5ef44000 	/System/Library/PrivateFrameworks/JavaLaunching.framework/Versions/A/JavaLaunching
0x00007fff40877000 	/System/Library/Frameworks/Carbon.framework/Versions/A/Carbon
0x00007fff40878000 	/System/Library/Frameworks/Carbon.framework/Versions/A/Frameworks/CommonPanels.framework/Versions/A/CommonPanels
0x00007fff40b74000 	/System/Library/Frameworks/Carbon.framework/Versions/A/Frameworks/Help.framework/Versions/A/Help
0x00007fff40b78000 	/System/Library/Frameworks/Carbon.framework/Versions/A/Frameworks/ImageCapture.framework/Versions/A/ImageCapture
0x00007fff40c14000 	/System/Library/Frameworks/Carbon.framework/Versions/A/Frameworks/OpenScripting.framework/Versions/A/OpenScripting
0x00007fff40c4c000 	/System/Library/Frameworks/Carbon.framework/Versions/A/Frameworks/Print.framework/Versions/A/Print
0x00007fff40c4e000 	/System/Library/Frameworks/Carbon.framework/Versions/A/Frameworks/SecurityHI.framework/Versions/A/SecurityHI
0x00000001215b2000 	/Users/cappydev/Library/Java/JavaVirtualMachines/openjdk-14.0.2/Contents/Home/lib/libawt_lwawt.dylib
0x0000000121205000 	/Users/cappydev/Library/Java/JavaVirtualMachines/openjdk-14.0.2/Contents/Home/lib/./libosxapp.dylib
0x00007fff4384a000 	/System/Library/Frameworks/ExceptionHandling.framework/Versions/A/ExceptionHandling
0x0000000121664000 	/Users/cappydev/Library/Java/JavaVirtualMachines/openjdk-14.0.2/Contents/Home/lib/libfontmanager.dylib
0x000000012176a000 	/Users/cappydev/Library/Java/JavaVirtualMachines/openjdk-14.0.2/Contents/Home/lib/./libfreetype.dylib
0x00007fff557e3000 	/System/Library/PrivateFrameworks/CoreServicesInternal.framework/Versions/A/CoreServicesInternal
0x00007fff35d4f000 	/System/Library/CoreServices/RawCamera.bundle/Contents/MacOS/RawCamera
0x00007fff5ff38000 	/System/Library/PrivateFrameworks/MobileAsset.framework/Versions/A/MobileAsset
0x00007fff67886000 	/System/Library/PrivateFrameworks/StreamingZip.framework/Versions/A/StreamingZip
0x00007fff45aea000 	/System/Library/Frameworks/MediaToolbox.framework/Versions/A/MediaToolbox
0x00007fff54935000 	/System/Library/PrivateFrameworks/CoreAVCHD.framework/Versions/A/CoreAVCHD
0x00007fff45a30000 	/System/Library/Frameworks/MediaAccessibility.framework/Versions/A/MediaAccessibility
0x00007fff5f994000 	/System/Library/PrivateFrameworks/Mangrove.framework/Versions/A/Mangrove
0x00007fff426e3000 	/System/Library/Frameworks/CoreMedia.framework/Versions/A/CoreMedia
0x00007fff4d545000 	/System/Library/Frameworks/VideoToolbox.framework/Versions/A/VideoToolbox
0x00007fff54551000 	/System/Library/PrivateFrameworks/CoreAUC.framework/Versions/A/CoreAUC
0x00007fff6c6f1000 	/usr/lib/libspindump.dylib
0x00007fff51c0c000 	/System/Library/PrivateFrameworks/AppleVA.framework/Versions/A/AppleVA
0x00007fff3d9d2000 	/System/Library/Frameworks/Accelerate.framework/Versions/A/Frameworks/vImage.framework/Versions/A/Libraries/libCGInterfaces.dylib
0x00007fff3fcc5000 	/System/Library/Frameworks/ApplicationServices.framework/Versions/A/Frameworks/ATS.framework/Versions/A/Resources/libTrueTypeScaler.dylib
0x00007fff3ab92000 	/System/Library/Extensions/AppleIntelKBLGraphicsMTLDriver.bundle/Contents/MacOS/AppleIntelKBLGraphicsMTLDriver
0x00007fff5aff9000 	/System/Library/PrivateFrameworks/GPUCompiler.framework/Versions/3902/Libraries/libmetal_timestamp.dylib
0x00007fff690d5000 	/System/Library/PrivateFrameworks/ViewBridge.framework/Versions/A/ViewBridge
0x0000000125be1000 	/Users/cappydev/Downloads/codingfactory-piscine_studentplugin-master/resources/lib/liblwjgl.jnilib
0x0000000121501000 	/Users/cappydev/Library/Java/JavaVirtualMachines/openjdk-14.0.2/Contents/Home/lib/libjawt.dylib
0x00007fff4b28f000 	/System/Library/Frameworks/OpenGL.framework/Versions/A/Resources/GLEngine.bundle/GLEngine
0x00007fff4a731000 	/System/Library/Frameworks/OpenGL.framework/Versions/A/Libraries/libGLProgrammability.dylib
0x00007fff39dbd000 	/System/Library/Extensions/AppleIntelKBLGraphicsGLDriver.bundle/Contents/MacOS/AppleIntelKBLGraphicsGLDriver
0x00007fff5c68e000 	/System/Library/PrivateFrameworks/GPUSupport.framework/Versions/A/Libraries/libGPUSupportMercury.dylib
0x00007fff4b427000 	/System/Library/Frameworks/OpenGL.framework/Versions/A/Resources/GLRendererFloat.bundle/GLRendererFloat
0x00007fff49cfb000 	/System/Library/Frameworks/OpenCL.framework/Versions/A/Libraries/libcldcpuengine.dylib
0x00007fff6ac67000 	/usr/lib/libcrypto.35.dylib
0x00007fff6829b000 	/System/Library/PrivateFrameworks/TrustEvaluationAgent.framework/Versions/A/TrustEvaluationAgent
0x000000012516e000 	/usr/lib/libobjc-trampolines.dylib


VM Arguments:
jvm_args: -Djava.library.path=lib -javaagent:/Users/cappydev/Library/Caches/JetBrains/IdeaIC2020.2/testAgent/intellij-coverage-agent-1.0.512.jar=/private/var/folders/kn/dm1mf6293sq8nxvkw19b7gjh0000gp/T/coverageargs -javaagent:/Applications/IntelliJ IDEA CE.app/Contents/lib/idea_rt.jar=50426:/Applications/IntelliJ IDEA CE.app/Contents/bin -Dfile.encoding=UTF-8 
java_command: fr.rphstudio.codingdojo.launcher.MainLauncher -window
java_class_path (initial): ./codingdojo.jar:students/Teachers-2.1-p.jar:students/Student27-2.1-p.jar
Launcher Type: SUN_STANDARD

[Global flags]
     intx CICompilerCount                          = 3                                         {product} {ergonomic}
     uint ConcGCThreads                            = 1                                         {product} {ergonomic}
     uint G1ConcRefinementThreads                  = 4                                         {product} {ergonomic}
   size_t G1HeapRegionSize                         = 1048576                                   {product} {ergonomic}
    uintx GCDrainStackTargetSize                   = 64                                        {product} {ergonomic}
   size_t InitialHeapSize                          = 134217728                                 {product} {ergonomic}
   size_t MarkStackSize                            = 4194304                                   {product} {ergonomic}
   size_t MaxHeapSize                              = 2147483648                                {product} {ergonomic}
   size_t MaxNewSize                               = 1287651328                                {product} {ergonomic}
   size_t MinHeapDeltaBytes                        = 1048576                                   {product} {ergonomic}
   size_t MinHeapSize                              = 8388608                                   {product} {ergonomic}
    uintx NonNMethodCodeHeapSize                   = 5832780                                {pd product} {ergonomic}
    uintx NonProfiledCodeHeapSize                  = 122912730                              {pd product} {ergonomic}
    uintx ProfiledCodeHeapSize                     = 122912730                              {pd product} {ergonomic}
    uintx ReservedCodeCacheSize                    = 251658240                              {pd product} {ergonomic}
     bool SegmentedCodeCache                       = true                                      {product} {ergonomic}
   size_t SoftMaxHeapSize                          = 2147483648                             {manageable} {ergonomic}
     bool UseCompressedClassPointers               = true                                 {lp64_product} {ergonomic}
     bool UseCompressedOops                        = true                                 {lp64_product} {ergonomic}
     bool UseG1GC                                  = true                                      {product} {ergonomic}

Logging:
Log output configuration:
 #0: stdout all=warning uptime,level,tags
 #1: stderr all=off uptime,level,tags

Environment Variables:
PATH=/usr/local/bin:/usr/bin:/bin:/usr/sbin:/sbin
SHELL=/bin/bash

Signal Handlers:
SIGSEGV: [libjvm.dylib+0x7415c8], sa_mask[0]=11111111011111110111111111111111, sa_flags=SA_ONSTACK|SA_RESTART|SA_SIGINFO
SIGBUS: [libjvm.dylib+0x7415c8], sa_mask[0]=11111111011111110111111111111111, sa_flags=SA_RESTART|SA_SIGINFO
SIGFPE: [libjvm.dylib+0x7415c8], sa_mask[0]=11111111011111110111111111111111, sa_flags=SA_RESTART|SA_SIGINFO
SIGPIPE: [libjvm.dylib+0x5eb4c1], sa_mask[0]=11111111011111110111111111111111, sa_flags=SA_RESTART|SA_SIGINFO
SIGXFSZ: [libjvm.dylib+0x5eb4c1], sa_mask[0]=11111111011111110111111111111111, sa_flags=SA_RESTART|SA_SIGINFO
SIGILL: [libjvm.dylib+0x7415c8], sa_mask[0]=11111111011111110111111111111111, sa_flags=SA_RESTART|SA_SIGINFO
SIGUSR2: [libjvm.dylib+0x5eba93], sa_mask[0]=00100000000000000000000000000000, sa_flags=SA_RESTART|SA_SIGINFO
SIGHUP: [libjvm.dylib+0x5eaaf5], sa_mask[0]=11111111011111110111111111111111, sa_flags=SA_RESTART|SA_SIGINFO
SIGINT: [libjvm.dylib+0x5eaaf5], sa_mask[0]=11111111011111110111111111111111, sa_flags=SA_RESTART|SA_SIGINFO
SIGTERM: [libjvm.dylib+0x5eaaf5], sa_mask[0]=11111111011111110111111111111111, sa_flags=SA_RESTART|SA_SIGINFO
SIGQUIT: [libjvm.dylib+0x5eaaf5], sa_mask[0]=11111111011111110111111111111111, sa_flags=SA_RESTART|SA_SIGINFO


---------------  S Y S T E M  ---------------

OS:uname:Darwin 18.7.0 Darwin Kernel Version 18.7.0: Tue Aug 20 16:57:14 PDT 2019; root:xnu-4903.271.2~2/RELEASE_X86_64 x86_64
OS uptime: 0 days 17:14 hours
rlimit: STACK 8192k, CORE 0k, NPROC 709, NOFILE 10240, AS infinity, DATA infinity, FSIZE infinity
load average:2.41 2.03 1.86

CPU:total 4 (initial active 4) (2 cores per cpu, 2 threads per core) family 6 model 142 stepping 9, cmov, cx8, fxsr, mmx, sse, sse2, sse3, ssse3, sse4.1, sse4.2, popcnt, avx, avx2, aes, clmul, erms, rtm, 3dnowpref, lzcnt, ht, tsc, tscinvbit, bmi1, bmi2, adx, fma

Memory: 4k page, physical 8388608k(1636308k free), swap 0k(0k free)

vm_info: OpenJDK 64-Bit Server VM (14.0.2+12-46) for bsd-amd64 JRE (14.0.2+12-46), built on Jul  8 2020 23:34:30 by "mach5one" with clang 4.2.1 Compatible Apple LLVM 10.0.0 (clang-1000.11.45.5)

END.
