#
# A fatal error has been detected by the Java Runtime Environment:
#
#  SIGSEGV (0xb) at pc=0x00007fff620ce64c, pid=1882, tid=6659
#
# JRE version: OpenJDK Runtime Environment (14.0.2+12) (build 14.0.2+12-46)
# Java VM: OpenJDK 64-Bit Server VM (14.0.2+12-46, mixed mode, sharing, tiered, compressed oops, g1 gc, bsd-amd64)
# Problematic frame:
# C  [libobjc.A.dylib+0x864c]  objc_release+0x1c
#
# No core dump will be written. Core dumps have been disabled. To enable core dumping, try "ulimit -c unlimited" before starting Java again
#
# If you would like to submit a bug report, please visit:
#   https://bugreport.java.com/bugreport/crash.jsp
# The crash happened outside the Java Virtual Machine in native code.
# See problematic frame for where to report the bug.
#

---------------  S U M M A R Y ------------

Command Line: -Djava.library.path=lib -javaagent:/Applications/IntelliJ IDEA CE.app/Contents/lib/idea_rt.jar=55745:/Applications/IntelliJ IDEA CE.app/Contents/bin -Dfile.encoding=UTF-8 fr.rphstudio.codingdojo.launcher.MainLauncher -window

Host: MacBookPro14,1 x86_64 2300 MHz, 4 cores, 8G, Darwin 18.7.0
Time: Tue Sep 15 16:42:10 2020 CEST elapsed time: 0 seconds (0d 0h 0m 0s)

---------------  T H R E A D  ---------------

Current thread (0x00007fa964001800):  JavaThread "main" [_thread_in_native, id=6659, stack(0x000070000b71d000,0x000070000b81d000)]

Stack: [0x000070000b71d000,0x000070000b81d000],  sp=0x000070000b81be80,  free space=1019k
Native frames: (J=compiled Java code, A=aot compiled Java code, j=interpreted, Vv=VM code, C=native code)
C  [libobjc.A.dylib+0x864c]  objc_release+0x1c
C  [libobjc.A.dylib+0x947c]  (anonymous namespace)::AutoreleasePoolPage::pop(void*)+0x2c6
C  [CoreFoundation+0xdd4a]  _CFAutoreleasePoolPop+0x16
C  [Foundation+0x40e3]  -[NSAutoreleasePool release]+0x90
j  org.lwjgl.opengl.MacOSXContextImplementation.setView(Ljava/nio/ByteBuffer;Ljava/nio/ByteBuffer;)V+0
j  org.lwjgl.opengl.MacOSXContextImplementation.makeCurrent(Lorg/lwjgl/opengl/PeerInfo;Ljava/nio/ByteBuffer;)V+7
j  org.lwjgl.opengl.ContextGL.makeCurrent()V+46
j  org.lwjgl.opengl.DrawableGL.makeCurrent()V+14
j  org.lwjgl.opengl.Display.makeCurrent()V+3
j  org.lwjgl.opengl.Display.makeCurrentAndSetSwapInterval()V+0
j  org.lwjgl.opengl.Display.create(Lorg/lwjgl/opengl/PixelFormat;Lorg/lwjgl/opengl/Drawable;Lorg/lwjgl/opengl/ContextAttribs;)V+108
j  org.lwjgl.opengl.Display.create(Lorg/lwjgl/opengl/PixelFormat;)V+12
j  org.newdawn.slick.AppGameContainer.tryCreateDisplay(Lorg/lwjgl/opengl/PixelFormat;)V+7
j  org.newdawn.slick.AppGameContainer.access$000(Lorg/newdawn/slick/AppGameContainer;Lorg/lwjgl/opengl/PixelFormat;)V+2
j  org.newdawn.slick.AppGameContainer$2.run()Ljava/lang/Object;+36
j  java.security.AccessController.executePrivileged(Ljava/security/PrivilegedAction;Ljava/security/AccessControlContext;Ljava/lang/Class;)Ljava/lang/Object;+29 java.base@14.0.2
j  java.security.AccessController.doPrivileged(Ljava/security/PrivilegedAction;)Ljava/lang/Object;+5 java.base@14.0.2
j  org.newdawn.slick.AppGameContainer.setup()V+112
j  org.newdawn.slick.AppGameContainer.start()V+1
j  fr.rphstudio.codingdojo.launcher.MainLauncher.main([Ljava/lang/String;)V+133
v  ~StubRoutines::call_stub
V  [libjvm.dylib+0x34b706]  JavaCalls::call_helper(JavaValue*, methodHandle const&, JavaCallArguments*, Thread*)+0x256
V  [libjvm.dylib+0x38fdc9]  jni_invoke_static(JNIEnv_*, JavaValue*, _jobject*, JNICallType, _jmethodID*, JNI_ArgumentPusher*, Thread*)+0x11c
V  [libjvm.dylib+0x3936ac]  jni_CallStaticVoidMethod+0x1b3
C  [libjli.dylib+0x4a42]  JavaMain+0xab4
C  [libjli.dylib+0x6d4a]  ThreadJavaMain+0x9
C  [libsystem_pthread.dylib+0x32eb]  _pthread_body+0x7e
C  [libsystem_pthread.dylib+0x6249]  _pthread_start+0x42
C  [libsystem_pthread.dylib+0x240d]  thread_start+0xd

Java frames: (J=compiled Java code, j=interpreted, Vv=VM code)
j  org.lwjgl.opengl.MacOSXContextImplementation.setView(Ljava/nio/ByteBuffer;Ljava/nio/ByteBuffer;)V+0
j  org.lwjgl.opengl.MacOSXContextImplementation.makeCurrent(Lorg/lwjgl/opengl/PeerInfo;Ljava/nio/ByteBuffer;)V+7
j  org.lwjgl.opengl.ContextGL.makeCurrent()V+46
j  org.lwjgl.opengl.DrawableGL.makeCurrent()V+14
j  org.lwjgl.opengl.Display.makeCurrent()V+3
j  org.lwjgl.opengl.Display.makeCurrentAndSetSwapInterval()V+0
j  org.lwjgl.opengl.Display.create(Lorg/lwjgl/opengl/PixelFormat;Lorg/lwjgl/opengl/Drawable;Lorg/lwjgl/opengl/ContextAttribs;)V+108
j  org.lwjgl.opengl.Display.create(Lorg/lwjgl/opengl/PixelFormat;)V+12
j  org.newdawn.slick.AppGameContainer.tryCreateDisplay(Lorg/lwjgl/opengl/PixelFormat;)V+7
j  org.newdawn.slick.AppGameContainer.access$000(Lorg/newdawn/slick/AppGameContainer;Lorg/lwjgl/opengl/PixelFormat;)V+2
j  org.newdawn.slick.AppGameContainer$2.run()Ljava/lang/Object;+36
j  java.security.AccessController.executePrivileged(Ljava/security/PrivilegedAction;Ljava/security/AccessControlContext;Ljava/lang/Class;)Ljava/lang/Object;+29 java.base@14.0.2
j  java.security.AccessController.doPrivileged(Ljava/security/PrivilegedAction;)Ljava/lang/Object;+5 java.base@14.0.2
j  org.newdawn.slick.AppGameContainer.setup()V+112
j  org.newdawn.slick.AppGameContainer.start()V+1
j  fr.rphstudio.codingdojo.launcher.MainLauncher.main([Ljava/lang/String;)V+133
v  ~StubRoutines::call_stub

siginfo: si_signo: 11 (SIGSEGV), si_code: 1 (SEGV_MAPERR), si_addr: 0x0000000000000020

Register to memory mapping:

RAX=0x0 is NULL
RBX=0x00007fa96408d010 points into unknown readable memory: 48 d1 08 64 a9 7f 00 00
RCX=0x00007fa96408d148 points into unknown readable memory: a3 a3 a3 a3 a3 a3 a3 a3
RDX=0x0040000000000000 is an unknown value
RSP=0x000070000b81be80 is pointing into the stack for thread: 0x00007fa964001800
RBP=0x000070000b81be80 is pointing into the stack for thread: 0x00007fa964001800
RSI=0x063d800129a41b9b is an unknown value
RDI=0x00007fa9624e4780 points into unknown readable memory: 00 00 00 00 00 00 00 10
R8 =0x0 is NULL
R9 =0x0 is NULL
R10=0x00007fff92c2e098: OBJC_CLASS_$___NSCFType+0 in /System/Library/Frameworks/CoreFoundation.framework/Versions/A/CoreFoundation at 0x00007fff37918000
R11=0x00007fa962573e10 points into unknown readable memory: 3e ca ac 35 ff 7f 00 00
R12=0xa3a3a3a3a3a3a3a3 is an unknown value
R13=0x0000000107345c58 is pointing into metadata
R14=0x00007fa96408d108 points into unknown readable memory: 00 00 00 00 00 00 00 00
R15=0x00007fa96408d000 points into unknown readable memory: a1 a1 a1 a1 41 55 54 4f


Registers:
RAX=0x0000000000000000, RBX=0x00007fa96408d010, RCX=0x00007fa96408d148, RDX=0x0040000000000000
RSP=0x000070000b81be80, RBP=0x000070000b81be80, RSI=0x063d800129a41b9b, RDI=0x00007fa9624e4780
R8 =0x0000000000000000, R9 =0x0000000000000000, R10=0x00007fff92c2e098, R11=0x00007fa962573e10
R12=0xa3a3a3a3a3a3a3a3, R13=0x0000000107345c58, R14=0x00007fa96408d108, R15=0x00007fa96408d000
RIP=0x00007fff620ce64c, EFLAGS=0x0000000000010246, ERR=0x0000000000000004
  TRAPNO=0x000000000000000e

Top of Stack: (sp=0x000070000b81be80)
0x000070000b81be80:   000070000b81c2c0 00007fff620cf47c
0x000070000b81be90:   000070000b81bef0 00007fff620cda7d
0x000070000b81bea0:   00007fff92586970 0000000000000000
0x000070000b81beb0:   00007fa9626a6580 00000000941ecb68
0x000070000b81bec0:   00007fff92586960 00007fa9626a6580
0x000070000b81bed0:   0000000000000000 00007fff941ccb00
0x000070000b81bee0:   0000000000000000 0000000000000000
0x000070000b81bef0:   000070000b81bfc0 3e065465edf3003f
0x000070000b81bf00:   00007fa96408d1b0 00007fa9630ec400
0x000070000b81bf10:   3e065465edf3003f 00007fa96408d1b0
0x000070000b81bf20:   00007fa9630ec400 0000000000000002
0x000070000b81bf30:   00007fa96408d1b0 000070000b81bfd0
0x000070000b81bf40:   000070000b81c1c0 00007fff423be059
0x000070000b81bf50:   00000001271a3e00 0000000000000002
0x000070000b81bf60:   000070000b813f50 00007fa964900070
0x000070000b81bf70:   000070000b81c010 000070000b813f50
0x000070000b81bf80:   00000000271affff 00007fa9625a4201
0x000070000b81bf90:   00007fa9649001b0 00007fa9630ec400
0x000070000b81bfa0:   0000000000000001 00007fff63a56282
0x000070000b81bfb0:   000070000b81c060 0000000000000000
0x000070000b81bfc0:   0000000000000002 0000000000000002
0x000070000b81bfd0:   00007fa9630ec400 00007fa9649001a0
0x000070000b81bfe0:   40db75233bdf6009 7ff0000000000000
0x000070000b81bff0:   000070000b813f80 0000000000000000
0x000070000b81c000:   00000001271a3e00 0000000000000000
0x000070000b81c010:   00007fa964a01d20 00007fa9649001a0
0x000070000b81c020:   0000000000000000 0000000000000004
0x000070000b81c030:   000070000b81c0c0 00007fff63a56282
0x000070000b81c040:   000070000b81c070 00007fa9624fc080
0x000070000b81c050:   eeee002d37b24957 573ceeeeb0b5b2b2
0x000070000b81c060:   00000001271a1666 0000000000000010
0x000070000b81c070:   00007fa964900000 000000000000000f 

Instructions: (pc=0x00007fff620ce64c)
0x00007fff620ce54c:   5e 41 5f 5d c3 4c 89 ff 8b 75 d4 e8 a5 21 00 00
0x00007fff620ce55c:   31 ff 48 83 c4 08 5b 41 5c 41 5d 41 5e 41 5f 5d
0x00007fff620ce56c:   e9 5e 22 00 00 90 55 48 89 e5 41 56 53 89 fb 44
0x00007fff620ce57c:   8d 73 01 49 c1 e6 04 be 01 00 00 00 4c 89 f7 e8
0x00007fff620ce58c:   cc 9e 01 00 49 89 44 06 f8 49 83 7c 06 f0 01 74
0x00007fff620ce59c:   09 4a c7 44 30 f0 01 00 00 00 48 8d 0d 3d 4b db
0x00007fff620ce5ac:   37 80 39 00 74 2e 31 c9 83 fb 02 72 14 31 c9 89
0x00007fff620ce5bc:   da d1 ea ff c1 83 fb 03 89 d3 77 f5 83 f9 0f 77
0x00007fff620ce5cc:   0c 89 c9 48 8d 15 8a 27 db 37 ff 04 8a 48 ff 05
0x00007fff620ce5dc:   60 27 db 37 5b 41 5e 5d c3 90 90 90 90 90 90 90
0x00007fff620ce5ec:   90 90 90 90 90 55 48 89 e5 40 f6 c7 01 75 20 48
0x00007fff620ce5fc:   b9 00 00 00 00 00 00 00 01 48 8b 07 a8 01 74 14
0x00007fff620ce60c:   48 89 c2 48 01 ca 72 12 f0 48 0f b1 17 75 ea 48
0x00007fff620ce61c:   89 f8 5d c3 5d e9 f0 58 00 00 31 f6 5d e9 60 50
0x00007fff620ce62c:   00 00 90 90 55 48 89 e5 48 85 ff 74 60 40 f6 c7
0x00007fff620ce63c:   01 75 5a 48 b8 f8 ff ff ff ff 7f 00 00 48 23 07
0x00007fff620ce64c:   f6 40 20 04 74 67 48 b9 00 00 00 00 00 00 00 01
0x00007fff620ce65c:   48 ba 00 00 00 00 00 00 40 00 48 8b 07 a8 01 74
0x00007fff620ce66c:   41 48 89 c6 48 29 ce 73 1d 48 0f ba e0 37 72 46
0x00007fff620ce67c:   48 0f ba e0 36 72 4b 48 89 c6 48 09 d6 f0 48 0f
0x00007fff620ce68c:   b1 37 75 d6 eb 09 f0 48 0f b1 37 75 cd 5d c3 0f
0x00007fff620ce69c:   ae f0 48 8d 05 c3 4a db 37 48 8b 30 5d e9 d2 df
0x00007fff620ce6ac:   ff ff be 01 00 00 00 5d e9 03 59 00 00 48 8d 05
0x00007fff620ce6bc:   80 4a db 37 eb e3 be 01 00 00 00 e8 26 5c 00 00
0x00007fff620ce6cc:   eb cb e8 5f 97 01 00 eb c4 90 90 90 90 90 90 90
0x00007fff620ce6dc:   90 90 90 90 90 90 90 55 48 89 e5 5d e9 09 00 00
0x00007fff620ce6ec:   00 90 90 90 90 90 90 90 90 90 55 48 89 e5 40 f6
0x00007fff620ce6fc:   c7 01 75 19 48 b8 07 00 00 00 00 00 a0 00 48 23
0x00007fff620ce70c:   07 48 83 f8 01 75 08 5d e9 91 9d 01 00 5d c3 5d
0x00007fff620ce71c:   e9 01 00 00 00 90 48 85 ff 74 1c 55 48 89 e5 53
0x00007fff620ce72c:   50 48 89 fb e8 11 00 00 00 48 89 df e8 6d 9d 01
0x00007fff620ce73c:   00 48 83 c4 08 5b 5d 31 c0 c3 55 48 89 e5 41 56 


Stack slot to memory mapping:
stack at sp + 0 slots: 0x000070000b81c2c0 is pointing into the stack for thread: 0x00007fa964001800
stack at sp + 1 slots: 0x00007fff620cf47c: _ZN12_GLOBAL__N_119AutoreleasePoolPage3popEPv+0x2c6 in /usr/lib/libobjc.A.dylib at 0x00007fff620c6000
stack at sp + 2 slots: 0x000070000b81bef0 is pointing into the stack for thread: 0x00007fa964001800
stack at sp + 3 slots: 0x00007fff620cda7d: lookUpImpOrForward+0x4d1 in /usr/lib/libobjc.A.dylib at 0x00007fff620c6000
stack at sp + 4 slots: 0x00007fff92586970: OBJC_CLASS_$__NSOpenGLViewBackingLayer+0x10 in /System/Library/Frameworks/AppKit.framework/Versions/C/AppKit at 0x00007fff34f2f000
stack at sp + 5 slots: 0x0 is NULL
stack at sp + 6 slots: 0x00007fa9626a6580 points into unknown readable memory: 61 69 58 92 ff ff 1d 00
stack at sp + 7 slots: 0x00000000941ecb68 is an unknown value


---------------  P R O C E S S  ---------------

Threads class SMR info:
_java_thread_list=0x00007fa962589610, length=15, elements={
0x00007fa964001800, 0x00007fa96408b800, 0x00007fa964000800, 0x00007fa963003000,
0x00007fa963006000, 0x00007fa963007000, 0x00007fa963008000, 0x00007fa964091000,
0x00007fa963004800, 0x00007fa96308d000, 0x00007fa96411c800, 0x00007fa9638a2800,
0x00007fa962938800, 0x00007fa96308f000, 0x00007fa963098000
}

Java Threads: ( => current thread )
=>0x00007fa964001800 JavaThread "main" [_thread_in_native, id=6659, stack(0x000070000b71d000,0x000070000b81d000)]
  0x00007fa96408b800 JavaThread "Reference Handler" daemon [_thread_blocked, id=18435, stack(0x000070000be32000,0x000070000bf32000)]
  0x00007fa964000800 JavaThread "Finalizer" daemon [_thread_blocked, id=16387, stack(0x000070000bf35000,0x000070000c035000)]
  0x00007fa963003000 JavaThread "Signal Dispatcher" daemon [_thread_blocked, id=22275, stack(0x000070000c038000,0x000070000c138000)]
  0x00007fa963006000 JavaThread "Service Thread" daemon [_thread_blocked, id=22787, stack(0x000070000c13b000,0x000070000c23b000)]
  0x00007fa963007000 JavaThread "C2 CompilerThread0" daemon [_thread_in_native, id=42499, stack(0x000070000c23e000,0x000070000c33e000)]
  0x00007fa963008000 JavaThread "C1 CompilerThread0" daemon [_thread_blocked, id=41731, stack(0x000070000c341000,0x000070000c441000)]
  0x00007fa964091000 JavaThread "Sweeper thread" daemon [_thread_blocked, id=23555, stack(0x000070000c444000,0x000070000c544000)]
  0x00007fa963004800 JavaThread "Common-Cleaner" daemon [_thread_blocked, id=40963, stack(0x000070000c547000,0x000070000c647000)]
  0x00007fa96308d000 JavaThread "Monitor Ctrl-Break" daemon [_thread_in_native, id=24579, stack(0x000070000c64a000,0x000070000c74a000)]
  0x00007fa96411c800 JavaThread "Notification Thread" daemon [_thread_blocked, id=25091, stack(0x000070000c74d000,0x000070000c84d000)]
  0x00007fa9638a2800 JavaThread "AppKit Thread" daemon [_thread_in_native, id=775, stack(0x00007ffeeb2b1000,0x00007ffeebab1000)]
  0x00007fa962938800 JavaThread "AWT-Shutdown" [_thread_blocked, id=32003, stack(0x000070000c9d6000,0x000070000cad6000)]
  0x00007fa96308f000 JavaThread "Java2D Disposer" daemon [_thread_blocked, id=75531, stack(0x000070000cbdf000,0x000070000ccdf000)]
  0x00007fa963098000 JavaThread "Java2D Queue Flusher" daemon [_thread_blocked, id=54019, stack(0x000070000cce2000,0x000070000cde2000)]

Other Threads:
  0x00007fa96283b000 VMThread "VM Thread" [stack: 0x000070000bd2f000,0x000070000be2f000] [id=14851]
  0x00007fa96408c800 WatcherThread [stack: 0x000070000c850000,0x000070000c950000] [id=25347]
  0x00007fa964027800 GCTaskThread "GC Thread#0" [stack: 0x000070000b820000,0x000070000b920000] [id=12547]
  0x00007fa964038800 ConcurrentGCThread "G1 Main Marker" [stack: 0x000070000b923000,0x000070000ba23000] [id=19203]
  0x00007fa964039800 ConcurrentGCThread "G1 Conc#0" [stack: 0x000070000ba26000,0x000070000bb26000] [id=13315]
  0x00007fa96408a000 ConcurrentGCThread "G1 Refine#0" [stack: 0x000070000bb29000,0x000070000bc29000] [id=13827]
  0x00007fa96408b000 ConcurrentGCThread "G1 Young RemSet Sampling" [stack: 0x000070000bc2c000,0x000070000bd2c000] [id=14339]

Threads with active compile tasks:
C2 CompilerThread0      866  579       4       java.util.HashMap::resize (356 bytes)

VM state:not at safepoint (normal execution)

VM Mutex/Monitor currently owned by a thread: None

Heap address: 0x0000000780000000, size: 2048 MB, Compressed Oops mode: Zero based, Oop shift amount: 3
Narrow klass base: 0x0000000800000000, Narrow klass shift: 3
Compressed class space size: 1073741824 Address: 0x0000000800b03000

Heap:
 garbage-first heap   total 133120K, used 5936K [0x0000000780000000, 0x0000000800000000)
  region size 1024K, 6 young (6144K), 0 survivors (0K)
 Metaspace       used 5634K, capacity 5772K, committed 6016K, reserved 1056768K
  class space    used 581K, capacity 628K, committed 640K, reserved 1048576K
Heap Regions: E=young(eden), S=young(survivor), O=old, HS=humongous(starts), HC=humongous(continues), CS=collection set, F=free, OA=open archive, CA=closed archive, TAMS=top-at-mark-start (previous, next)
|   0|0x0000000780000000, 0x0000000780000000, 0x0000000780100000|  0%| F|  |TAMS 0x0000000780000000, 0x0000000780000000| Untracked 
|   1|0x0000000780100000, 0x0000000780100000, 0x0000000780200000|  0%| F|  |TAMS 0x0000000780100000, 0x0000000780100000| Untracked 
|   2|0x0000000780200000, 0x0000000780200000, 0x0000000780300000|  0%| F|  |TAMS 0x0000000780200000, 0x0000000780200000| Untracked 
|   3|0x0000000780300000, 0x0000000780300000, 0x0000000780400000|  0%| F|  |TAMS 0x0000000780300000, 0x0000000780300000| Untracked 
|   4|0x0000000780400000, 0x0000000780400000, 0x0000000780500000|  0%| F|  |TAMS 0x0000000780400000, 0x0000000780400000| Untracked 
|   5|0x0000000780500000, 0x0000000780500000, 0x0000000780600000|  0%| F|  |TAMS 0x0000000780500000, 0x0000000780500000| Untracked 
|   6|0x0000000780600000, 0x0000000780600000, 0x0000000780700000|  0%| F|  |TAMS 0x0000000780600000, 0x0000000780600000| Untracked 
|   7|0x0000000780700000, 0x0000000780700000, 0x0000000780800000|  0%| F|  |TAMS 0x0000000780700000, 0x0000000780700000| Untracked 
|   8|0x0000000780800000, 0x0000000780800000, 0x0000000780900000|  0%| F|  |TAMS 0x0000000780800000, 0x0000000780800000| Untracked 
|   9|0x0000000780900000, 0x0000000780900000, 0x0000000780a00000|  0%| F|  |TAMS 0x0000000780900000, 0x0000000780900000| Untracked 
|  10|0x0000000780a00000, 0x0000000780a00000, 0x0000000780b00000|  0%| F|  |TAMS 0x0000000780a00000, 0x0000000780a00000| Untracked 
|  11|0x0000000780b00000, 0x0000000780b00000, 0x0000000780c00000|  0%| F|  |TAMS 0x0000000780b00000, 0x0000000780b00000| Untracked 
|  12|0x0000000780c00000, 0x0000000780c00000, 0x0000000780d00000|  0%| F|  |TAMS 0x0000000780c00000, 0x0000000780c00000| Untracked 
|  13|0x0000000780d00000, 0x0000000780d00000, 0x0000000780e00000|  0%| F|  |TAMS 0x0000000780d00000, 0x0000000780d00000| Untracked 
|  14|0x0000000780e00000, 0x0000000780e00000, 0x0000000780f00000|  0%| F|  |TAMS 0x0000000780e00000, 0x0000000780e00000| Untracked 
|  15|0x0000000780f00000, 0x0000000780f00000, 0x0000000781000000|  0%| F|  |TAMS 0x0000000780f00000, 0x0000000780f00000| Untracked 
|  16|0x0000000781000000, 0x0000000781000000, 0x0000000781100000|  0%| F|  |TAMS 0x0000000781000000, 0x0000000781000000| Untracked 
|  17|0x0000000781100000, 0x0000000781100000, 0x0000000781200000|  0%| F|  |TAMS 0x0000000781100000, 0x0000000781100000| Untracked 
|  18|0x0000000781200000, 0x0000000781200000, 0x0000000781300000|  0%| F|  |TAMS 0x0000000781200000, 0x0000000781200000| Untracked 
|  19|0x0000000781300000, 0x0000000781300000, 0x0000000781400000|  0%| F|  |TAMS 0x0000000781300000, 0x0000000781300000| Untracked 
|  20|0x0000000781400000, 0x0000000781400000, 0x0000000781500000|  0%| F|  |TAMS 0x0000000781400000, 0x0000000781400000| Untracked 
|  21|0x0000000781500000, 0x0000000781500000, 0x0000000781600000|  0%| F|  |TAMS 0x0000000781500000, 0x0000000781500000| Untracked 
|  22|0x0000000781600000, 0x0000000781600000, 0x0000000781700000|  0%| F|  |TAMS 0x0000000781600000, 0x0000000781600000| Untracked 
|  23|0x0000000781700000, 0x0000000781700000, 0x0000000781800000|  0%| F|  |TAMS 0x0000000781700000, 0x0000000781700000| Untracked 
|  24|0x0000000781800000, 0x0000000781800000, 0x0000000781900000|  0%| F|  |TAMS 0x0000000781800000, 0x0000000781800000| Untracked 
|  25|0x0000000781900000, 0x0000000781900000, 0x0000000781a00000|  0%| F|  |TAMS 0x0000000781900000, 0x0000000781900000| Untracked 
|  26|0x0000000781a00000, 0x0000000781a00000, 0x0000000781b00000|  0%| F|  |TAMS 0x0000000781a00000, 0x0000000781a00000| Untracked 
|  27|0x0000000781b00000, 0x0000000781b00000, 0x0000000781c00000|  0%| F|  |TAMS 0x0000000781b00000, 0x0000000781b00000| Untracked 
|  28|0x0000000781c00000, 0x0000000781c00000, 0x0000000781d00000|  0%| F|  |TAMS 0x0000000781c00000, 0x0000000781c00000| Untracked 
|  29|0x0000000781d00000, 0x0000000781d00000, 0x0000000781e00000|  0%| F|  |TAMS 0x0000000781d00000, 0x0000000781d00000| Untracked 
|  30|0x0000000781e00000, 0x0000000781e00000, 0x0000000781f00000|  0%| F|  |TAMS 0x0000000781e00000, 0x0000000781e00000| Untracked 
|  31|0x0000000781f00000, 0x0000000781f00000, 0x0000000782000000|  0%| F|  |TAMS 0x0000000781f00000, 0x0000000781f00000| Untracked 
|  32|0x0000000782000000, 0x0000000782000000, 0x0000000782100000|  0%| F|  |TAMS 0x0000000782000000, 0x0000000782000000| Untracked 
|  33|0x0000000782100000, 0x0000000782100000, 0x0000000782200000|  0%| F|  |TAMS 0x0000000782100000, 0x0000000782100000| Untracked 
|  34|0x0000000782200000, 0x0000000782200000, 0x0000000782300000|  0%| F|  |TAMS 0x0000000782200000, 0x0000000782200000| Untracked 
|  35|0x0000000782300000, 0x0000000782300000, 0x0000000782400000|  0%| F|  |TAMS 0x0000000782300000, 0x0000000782300000| Untracked 
|  36|0x0000000782400000, 0x0000000782400000, 0x0000000782500000|  0%| F|  |TAMS 0x0000000782400000, 0x0000000782400000| Untracked 
|  37|0x0000000782500000, 0x0000000782500000, 0x0000000782600000|  0%| F|  |TAMS 0x0000000782500000, 0x0000000782500000| Untracked 
|  38|0x0000000782600000, 0x0000000782600000, 0x0000000782700000|  0%| F|  |TAMS 0x0000000782600000, 0x0000000782600000| Untracked 
|  39|0x0000000782700000, 0x0000000782700000, 0x0000000782800000|  0%| F|  |TAMS 0x0000000782700000, 0x0000000782700000| Untracked 
|  40|0x0000000782800000, 0x0000000782800000, 0x0000000782900000|  0%| F|  |TAMS 0x0000000782800000, 0x0000000782800000| Untracked 
|  41|0x0000000782900000, 0x0000000782900000, 0x0000000782a00000|  0%| F|  |TAMS 0x0000000782900000, 0x0000000782900000| Untracked 
|  42|0x0000000782a00000, 0x0000000782a00000, 0x0000000782b00000|  0%| F|  |TAMS 0x0000000782a00000, 0x0000000782a00000| Untracked 
|  43|0x0000000782b00000, 0x0000000782b00000, 0x0000000782c00000|  0%| F|  |TAMS 0x0000000782b00000, 0x0000000782b00000| Untracked 
|  44|0x0000000782c00000, 0x0000000782c00000, 0x0000000782d00000|  0%| F|  |TAMS 0x0000000782c00000, 0x0000000782c00000| Untracked 
|  45|0x0000000782d00000, 0x0000000782d00000, 0x0000000782e00000|  0%| F|  |TAMS 0x0000000782d00000, 0x0000000782d00000| Untracked 
|  46|0x0000000782e00000, 0x0000000782e00000, 0x0000000782f00000|  0%| F|  |TAMS 0x0000000782e00000, 0x0000000782e00000| Untracked 
|  47|0x0000000782f00000, 0x0000000782f00000, 0x0000000783000000|  0%| F|  |TAMS 0x0000000782f00000, 0x0000000782f00000| Untracked 
|  48|0x0000000783000000, 0x0000000783000000, 0x0000000783100000|  0%| F|  |TAMS 0x0000000783000000, 0x0000000783000000| Untracked 
|  49|0x0000000783100000, 0x0000000783100000, 0x0000000783200000|  0%| F|  |TAMS 0x0000000783100000, 0x0000000783100000| Untracked 
|  50|0x0000000783200000, 0x0000000783200000, 0x0000000783300000|  0%| F|  |TAMS 0x0000000783200000, 0x0000000783200000| Untracked 
|  51|0x0000000783300000, 0x0000000783300000, 0x0000000783400000|  0%| F|  |TAMS 0x0000000783300000, 0x0000000783300000| Untracked 
|  52|0x0000000783400000, 0x0000000783400000, 0x0000000783500000|  0%| F|  |TAMS 0x0000000783400000, 0x0000000783400000| Untracked 
|  53|0x0000000783500000, 0x0000000783500000, 0x0000000783600000|  0%| F|  |TAMS 0x0000000783500000, 0x0000000783500000| Untracked 
|  54|0x0000000783600000, 0x0000000783600000, 0x0000000783700000|  0%| F|  |TAMS 0x0000000783600000, 0x0000000783600000| Untracked 
|  55|0x0000000783700000, 0x0000000783700000, 0x0000000783800000|  0%| F|  |TAMS 0x0000000783700000, 0x0000000783700000| Untracked 
|  56|0x0000000783800000, 0x0000000783800000, 0x0000000783900000|  0%| F|  |TAMS 0x0000000783800000, 0x0000000783800000| Untracked 
|  57|0x0000000783900000, 0x0000000783900000, 0x0000000783a00000|  0%| F|  |TAMS 0x0000000783900000, 0x0000000783900000| Untracked 
|  58|0x0000000783a00000, 0x0000000783a00000, 0x0000000783b00000|  0%| F|  |TAMS 0x0000000783a00000, 0x0000000783a00000| Untracked 
|  59|0x0000000783b00000, 0x0000000783b00000, 0x0000000783c00000|  0%| F|  |TAMS 0x0000000783b00000, 0x0000000783b00000| Untracked 
|  60|0x0000000783c00000, 0x0000000783c00000, 0x0000000783d00000|  0%| F|  |TAMS 0x0000000783c00000, 0x0000000783c00000| Untracked 
|  61|0x0000000783d00000, 0x0000000783d00000, 0x0000000783e00000|  0%| F|  |TAMS 0x0000000783d00000, 0x0000000783d00000| Untracked 
|  62|0x0000000783e00000, 0x0000000783e00000, 0x0000000783f00000|  0%| F|  |TAMS 0x0000000783e00000, 0x0000000783e00000| Untracked 
|  63|0x0000000783f00000, 0x0000000783f00000, 0x0000000784000000|  0%| F|  |TAMS 0x0000000783f00000, 0x0000000783f00000| Untracked 
|  64|0x0000000784000000, 0x0000000784000000, 0x0000000784100000|  0%| F|  |TAMS 0x0000000784000000, 0x0000000784000000| Untracked 
|  65|0x0000000784100000, 0x0000000784100000, 0x0000000784200000|  0%| F|  |TAMS 0x0000000784100000, 0x0000000784100000| Untracked 
|  66|0x0000000784200000, 0x0000000784200000, 0x0000000784300000|  0%| F|  |TAMS 0x0000000784200000, 0x0000000784200000| Untracked 
|  67|0x0000000784300000, 0x0000000784300000, 0x0000000784400000|  0%| F|  |TAMS 0x0000000784300000, 0x0000000784300000| Untracked 
|  68|0x0000000784400000, 0x0000000784400000, 0x0000000784500000|  0%| F|  |TAMS 0x0000000784400000, 0x0000000784400000| Untracked 
|  69|0x0000000784500000, 0x0000000784500000, 0x0000000784600000|  0%| F|  |TAMS 0x0000000784500000, 0x0000000784500000| Untracked 
|  70|0x0000000784600000, 0x0000000784600000, 0x0000000784700000|  0%| F|  |TAMS 0x0000000784600000, 0x0000000784600000| Untracked 
|  71|0x0000000784700000, 0x0000000784700000, 0x0000000784800000|  0%| F|  |TAMS 0x0000000784700000, 0x0000000784700000| Untracked 
|  72|0x0000000784800000, 0x0000000784800000, 0x0000000784900000|  0%| F|  |TAMS 0x0000000784800000, 0x0000000784800000| Untracked 
|  73|0x0000000784900000, 0x0000000784900000, 0x0000000784a00000|  0%| F|  |TAMS 0x0000000784900000, 0x0000000784900000| Untracked 
|  74|0x0000000784a00000, 0x0000000784a00000, 0x0000000784b00000|  0%| F|  |TAMS 0x0000000784a00000, 0x0000000784a00000| Untracked 
|  75|0x0000000784b00000, 0x0000000784b00000, 0x0000000784c00000|  0%| F|  |TAMS 0x0000000784b00000, 0x0000000784b00000| Untracked 
|  76|0x0000000784c00000, 0x0000000784c00000, 0x0000000784d00000|  0%| F|  |TAMS 0x0000000784c00000, 0x0000000784c00000| Untracked 
|  77|0x0000000784d00000, 0x0000000784d00000, 0x0000000784e00000|  0%| F|  |TAMS 0x0000000784d00000, 0x0000000784d00000| Untracked 
|  78|0x0000000784e00000, 0x0000000784e00000, 0x0000000784f00000|  0%| F|  |TAMS 0x0000000784e00000, 0x0000000784e00000| Untracked 
|  79|0x0000000784f00000, 0x0000000784f00000, 0x0000000785000000|  0%| F|  |TAMS 0x0000000784f00000, 0x0000000784f00000| Untracked 
|  80|0x0000000785000000, 0x0000000785000000, 0x0000000785100000|  0%| F|  |TAMS 0x0000000785000000, 0x0000000785000000| Untracked 
|  81|0x0000000785100000, 0x0000000785100000, 0x0000000785200000|  0%| F|  |TAMS 0x0000000785100000, 0x0000000785100000| Untracked 
|  82|0x0000000785200000, 0x0000000785200000, 0x0000000785300000|  0%| F|  |TAMS 0x0000000785200000, 0x0000000785200000| Untracked 
|  83|0x0000000785300000, 0x0000000785300000, 0x0000000785400000|  0%| F|  |TAMS 0x0000000785300000, 0x0000000785300000| Untracked 
|  84|0x0000000785400000, 0x0000000785400000, 0x0000000785500000|  0%| F|  |TAMS 0x0000000785400000, 0x0000000785400000| Untracked 
|  85|0x0000000785500000, 0x0000000785500000, 0x0000000785600000|  0%| F|  |TAMS 0x0000000785500000, 0x0000000785500000| Untracked 
|  86|0x0000000785600000, 0x0000000785600000, 0x0000000785700000|  0%| F|  |TAMS 0x0000000785600000, 0x0000000785600000| Untracked 
|  87|0x0000000785700000, 0x0000000785700000, 0x0000000785800000|  0%| F|  |TAMS 0x0000000785700000, 0x0000000785700000| Untracked 
|  88|0x0000000785800000, 0x0000000785800000, 0x0000000785900000|  0%| F|  |TAMS 0x0000000785800000, 0x0000000785800000| Untracked 
|  89|0x0000000785900000, 0x0000000785900000, 0x0000000785a00000|  0%| F|  |TAMS 0x0000000785900000, 0x0000000785900000| Untracked 
|  90|0x0000000785a00000, 0x0000000785a00000, 0x0000000785b00000|  0%| F|  |TAMS 0x0000000785a00000, 0x0000000785a00000| Untracked 
|  91|0x0000000785b00000, 0x0000000785b00000, 0x0000000785c00000|  0%| F|  |TAMS 0x0000000785b00000, 0x0000000785b00000| Untracked 
|  92|0x0000000785c00000, 0x0000000785c00000, 0x0000000785d00000|  0%| F|  |TAMS 0x0000000785c00000, 0x0000000785c00000| Untracked 
|  93|0x0000000785d00000, 0x0000000785d00000, 0x0000000785e00000|  0%| F|  |TAMS 0x0000000785d00000, 0x0000000785d00000| Untracked 
|  94|0x0000000785e00000, 0x0000000785e00000, 0x0000000785f00000|  0%| F|  |TAMS 0x0000000785e00000, 0x0000000785e00000| Untracked 
|  95|0x0000000785f00000, 0x0000000785f00000, 0x0000000786000000|  0%| F|  |TAMS 0x0000000785f00000, 0x0000000785f00000| Untracked 
|  96|0x0000000786000000, 0x0000000786000000, 0x0000000786100000|  0%| F|  |TAMS 0x0000000786000000, 0x0000000786000000| Untracked 
|  97|0x0000000786100000, 0x0000000786100000, 0x0000000786200000|  0%| F|  |TAMS 0x0000000786100000, 0x0000000786100000| Untracked 
|  98|0x0000000786200000, 0x0000000786200000, 0x0000000786300000|  0%| F|  |TAMS 0x0000000786200000, 0x0000000786200000| Untracked 
|  99|0x0000000786300000, 0x0000000786300000, 0x0000000786400000|  0%| F|  |TAMS 0x0000000786300000, 0x0000000786300000| Untracked 
| 100|0x0000000786400000, 0x0000000786400000, 0x0000000786500000|  0%| F|  |TAMS 0x0000000786400000, 0x0000000786400000| Untracked 
| 101|0x0000000786500000, 0x0000000786500000, 0x0000000786600000|  0%| F|  |TAMS 0x0000000786500000, 0x0000000786500000| Untracked 
| 102|0x0000000786600000, 0x0000000786600000, 0x0000000786700000|  0%| F|  |TAMS 0x0000000786600000, 0x0000000786600000| Untracked 
| 103|0x0000000786700000, 0x0000000786700000, 0x0000000786800000|  0%| F|  |TAMS 0x0000000786700000, 0x0000000786700000| Untracked 
| 104|0x0000000786800000, 0x0000000786800000, 0x0000000786900000|  0%| F|  |TAMS 0x0000000786800000, 0x0000000786800000| Untracked 
| 105|0x0000000786900000, 0x0000000786900000, 0x0000000786a00000|  0%| F|  |TAMS 0x0000000786900000, 0x0000000786900000| Untracked 
| 106|0x0000000786a00000, 0x0000000786a00000, 0x0000000786b00000|  0%| F|  |TAMS 0x0000000786a00000, 0x0000000786a00000| Untracked 
| 107|0x0000000786b00000, 0x0000000786b00000, 0x0000000786c00000|  0%| F|  |TAMS 0x0000000786b00000, 0x0000000786b00000| Untracked 
| 108|0x0000000786c00000, 0x0000000786c00000, 0x0000000786d00000|  0%| F|  |TAMS 0x0000000786c00000, 0x0000000786c00000| Untracked 
| 109|0x0000000786d00000, 0x0000000786d00000, 0x0000000786e00000|  0%| F|  |TAMS 0x0000000786d00000, 0x0000000786d00000| Untracked 
| 110|0x0000000786e00000, 0x0000000786e00000, 0x0000000786f00000|  0%| F|  |TAMS 0x0000000786e00000, 0x0000000786e00000| Untracked 
| 111|0x0000000786f00000, 0x0000000786f00000, 0x0000000787000000|  0%| F|  |TAMS 0x0000000786f00000, 0x0000000786f00000| Untracked 
| 112|0x0000000787000000, 0x0000000787000000, 0x0000000787100000|  0%| F|  |TAMS 0x0000000787000000, 0x0000000787000000| Untracked 
| 113|0x0000000787100000, 0x0000000787100000, 0x0000000787200000|  0%| F|  |TAMS 0x0000000787100000, 0x0000000787100000| Untracked 
| 114|0x0000000787200000, 0x0000000787200000, 0x0000000787300000|  0%| F|  |TAMS 0x0000000787200000, 0x0000000787200000| Untracked 
| 115|0x0000000787300000, 0x0000000787300000, 0x0000000787400000|  0%| F|  |TAMS 0x0000000787300000, 0x0000000787300000| Untracked 
| 116|0x0000000787400000, 0x0000000787400000, 0x0000000787500000|  0%| F|  |TAMS 0x0000000787400000, 0x0000000787400000| Untracked 
| 117|0x0000000787500000, 0x0000000787500000, 0x0000000787600000|  0%| F|  |TAMS 0x0000000787500000, 0x0000000787500000| Untracked 
| 118|0x0000000787600000, 0x0000000787600000, 0x0000000787700000|  0%| F|  |TAMS 0x0000000787600000, 0x0000000787600000| Untracked 
| 119|0x0000000787700000, 0x0000000787700000, 0x0000000787800000|  0%| F|  |TAMS 0x0000000787700000, 0x0000000787700000| Untracked 
| 120|0x0000000787800000, 0x0000000787800000, 0x0000000787900000|  0%| F|  |TAMS 0x0000000787800000, 0x0000000787800000| Untracked 
| 121|0x0000000787900000, 0x0000000787900000, 0x0000000787a00000|  0%| F|  |TAMS 0x0000000787900000, 0x0000000787900000| Untracked 
| 122|0x0000000787a00000, 0x0000000787a87c28, 0x0000000787b00000| 53%| E|  |TAMS 0x0000000787a00000, 0x0000000787a00000| Complete 
| 123|0x0000000787b00000, 0x0000000787c00000, 0x0000000787c00000|100%| E|CS|TAMS 0x0000000787b00000, 0x0000000787b00000| Complete 
| 124|0x0000000787c00000, 0x0000000787d00000, 0x0000000787d00000|100%| E|CS|TAMS 0x0000000787c00000, 0x0000000787c00000| Complete 
| 125|0x0000000787d00000, 0x0000000787e00000, 0x0000000787e00000|100%| E|CS|TAMS 0x0000000787d00000, 0x0000000787d00000| Complete 
| 126|0x0000000787e00000, 0x0000000787f00000, 0x0000000787f00000|100%| E|CS|TAMS 0x0000000787e00000, 0x0000000787e00000| Complete 
| 127|0x0000000787f00000, 0x0000000788000000, 0x0000000788000000|100%| E|CS|TAMS 0x0000000787f00000, 0x0000000787f00000| Complete 
|1022|0x00000007bfe00000, 0x00000007bfe51000, 0x00000007bff00000| 31%|OA|  |TAMS 0x00000007bfe00000, 0x00000007bfe00000| Untracked 
|1023|0x00000007bff00000, 0x00000007bff7b000, 0x00000007c0000000| 48%|CA|  |TAMS 0x00000007bff00000, 0x00000007bff00000| Untracked 

Card table byte_map: [0x00000001061e1000,0x00000001065e1000] _byte_map_base: 0x00000001025e1000

Marking Bits (Prev, Next): (CMBitMap*) 0x00007fa964028018, (CMBitMap*) 0x00007fa964028058
 Prev Bits: [0x000000011f5ed000, 0x00000001215ed000)
 Next Bits: [0x00000001215ed000, 0x00000001235ed000)

Polling page: 0x00000001041a7000

Metaspace:

Usage:
  Non-class:      5.02 MB capacity,     4.93 MB ( 98%) used,    82.59 KB (  2%) free+waste,     8.56 KB ( <1%) overhead. 
      Class:    628.00 KB capacity,   581.27 KB ( 93%) used,    41.66 KB (  7%) free+waste,     5.06 KB ( <1%) overhead. 
       Both:      5.64 MB capacity,     5.50 MB ( 98%) used,   124.26 KB (  2%) free+waste,    13.62 KB ( <1%) overhead. 

Virtual space:
  Non-class space:        8.00 MB reserved,       5.25 MB ( 66%) committed 
      Class space:        1.00 GB reserved,     640.00 KB ( <1%) committed 
             Both:        1.01 GB reserved,       5.88 MB ( <1%) committed 

Chunk freelists:
   Non-Class:  16.00 KB
       Class:  0 bytes
        Both:  16.00 KB

MaxMetaspaceSize: unlimited
CompressedClassSpaceSize: 1.00 GB

CodeHeap 'non-profiled nmethods': size=120032Kb used=185Kb max_used=185Kb free=119846Kb
 bounds [0x00000001180b5000, 0x0000000118325000, 0x000000011f5ed000]
CodeHeap 'profiled nmethods': size=120028Kb used=843Kb max_used=843Kb free=119184Kb
 bounds [0x0000000110b7e000, 0x0000000110dee000, 0x00000001180b5000]
CodeHeap 'non-nmethods': size=5700Kb used=1240Kb max_used=1250Kb free=4459Kb
 bounds [0x00000001105ed000, 0x000000011085d000, 0x0000000110b7e000]
 total_blobs=1102 nmethods=581 adapters=435
 compilation: enabled
              stopped_count=0, restarted_count=0
 full_count=0

Compilation events (20 events):
Event: 0.845 Thread 0x00007fa963008000 nmethod 571 0x00000001180e1910 code [0x00000001180e1aa0, 0x00000001180e1b70]
Event: 0.845 Thread 0x00007fa963008000  572       3       java.lang.String::substring (10 bytes)
Event: 0.845 Thread 0x00007fa963008000 nmethod 572 0x0000000110c49110 code [0x0000000110c492c0, 0x0000000110c49500]
Event: 0.846 Thread 0x00007fa963008000  573       3       java.lang.Integer::valueOf (32 bytes)
Event: 0.846 Thread 0x00007fa963008000 nmethod 573 0x0000000110c49610 code [0x0000000110c497c0, 0x0000000110c49ad0]
Event: 0.846 Thread 0x00007fa963008000  575       3       java.lang.reflect.Field::setFieldAccessor (34 bytes)
Event: 0.846 Thread 0x00007fa963008000 nmethod 575 0x0000000110c49c10 code [0x0000000110c49de0, 0x0000000110c4a240]
Event: 0.846 Thread 0x00007fa963008000  574       1       java.lang.reflect.Field::getRoot (5 bytes)
Event: 0.846 Thread 0x00007fa963008000 nmethod 574 0x00000001180e1c10 code [0x00000001180e1da0, 0x00000001180e1e70]
Event: 0.846 Thread 0x00007fa963008000  576       3       java.util.jar.JarFile::getJarEntry (9 bytes)
Event: 0.847 Thread 0x00007fa963008000 nmethod 576 0x0000000110c4a310 code [0x0000000110c4a520, 0x0000000110c4ad20]
Event: 0.847 Thread 0x00007fa963008000  577       3       java.util.jar.JarFile::getEntry (22 bytes)
Event: 0.847 Thread 0x00007fa963008000 nmethod 577 0x0000000110c4af90 code [0x0000000110c4b1a0, 0x0000000110c4b920]
Event: 0.848 Thread 0x00007fa963008000  578  s!   3       jdk.internal.loader.URLClassPath::getLoader (194 bytes)
Event: 0.848 Thread 0x00007fa963007000  579       4       java.util.HashMap::resize (356 bytes)
Event: 0.850 Thread 0x00007fa963008000 nmethod 578 0x0000000110c4bb90 code [0x0000000110c4bfe0, 0x0000000110c4e580]
Event: 0.850 Thread 0x00007fa963008000  580       3       java.nio.Buffer::remaining (10 bytes)
Event: 0.850 Thread 0x00007fa963008000 nmethod 580 0x0000000110c4f510 code [0x0000000110c4f6a0, 0x0000000110c4f7b0]
Event: 0.850 Thread 0x00007fa963008000  581   !   3       jdk.internal.loader.URLClassPath$JarLoader::getResource (65 bytes)
Event: 0.851 Thread 0x00007fa963008000 nmethod 581 0x0000000110c4f810 code [0x0000000110c4fac0, 0x0000000110c509e0]

GC Heap History (0 events):
No events

Deoptimization events (4 events):
Event: 0.561 Thread 0x00007fa964001800 Uncommon trap: trap_request=0xffffff45 fr.pc=0x00000001180c1328 relative=0x0000000000000968
Event: 0.561 Thread 0x00007fa964001800 Uncommon trap: reason=unstable_if action=reinterpret pc=0x00000001180c1328 method=java.util.HashMap.putVal(ILjava/lang/Object;Ljava/lang/Object;ZZ)Ljava/lang/Object; @ 181 c2
Event: 0.561 Thread 0x00007fa964001800 DEOPT PACKING pc=0x00000001180c1328 sp=0x000070000b81baf0
Event: 0.561 Thread 0x00007fa964001800 DEOPT UNPACKING pc=0x0000000110635e25 sp=0x000070000b81ba90 mode 2

Classes unloaded (0 events):
No events

Classes redefined (0 events):
No events

Internal exceptions (5 events):
Event: 0.148 Thread 0x00007fa964001800 Exception <a 'java/lang/ClassNotFoundException'{0x0000000787d83880}: sun/awt/resources/spi/awtProvider> (0x0000000787d83880) 
thrown [./open/src/hotspot/share/classfile/systemDictionary.cpp, line 226]
Event: 0.190 Thread 0x00007fa964001800 Exception <a 'java/io/FileNotFoundException'{0x0000000787dd0e18}> (0x0000000787dd0e18) 
thrown [./open/src/hotspot/share/prims/jni.cpp, line 599]
Event: 0.209 Thread 0x00007fa964001800 Exception <a 'java/io/FileNotFoundException'{0x0000000787df7070}> (0x0000000787df7070) 
thrown [./open/src/hotspot/share/prims/jni.cpp, line 599]
Event: 0.217 Thread 0x00007fa964001800 Exception <a 'java/lang/ClassNotFoundException'{0x0000000787dfabf0}: sun/awt/resources/spi/awtosxProvider> (0x0000000787dfabf0) 
thrown [./open/src/hotspot/share/classfile/systemDictionary.cpp, line 226]
Event: 0.516 Thread 0x00007fa964001800 Exception <a 'java/io/FileNotFoundException'{0x0000000787c9bcc0}> (0x0000000787c9bcc0) 
thrown [./open/src/hotspot/share/prims/jni.cpp, line 599]

Events (20 events):
Event: 0.818 loading class sun/misc/Unsafe
Event: 0.819 loading class sun/misc/Unsafe done
Event: 0.820 loading class jdk/internal/reflect/UnsafeFieldAccessorFactory
Event: 0.820 loading class jdk/internal/reflect/UnsafeFieldAccessorFactory done
Event: 0.820 loading class jdk/internal/reflect/UnsafeQualifiedStaticObjectFieldAccessorImpl
Event: 0.820 loading class jdk/internal/reflect/UnsafeQualifiedStaticFieldAccessorImpl
Event: 0.820 loading class jdk/internal/reflect/UnsafeQualifiedStaticFieldAccessorImpl done
Event: 0.820 loading class jdk/internal/reflect/UnsafeQualifiedStaticObjectFieldAccessorImpl done
Event: 0.820 loading class jdk/internal/access/foreign/MemorySegmentProxy
Event: 0.820 loading class jdk/internal/access/foreign/MemorySegmentProxy done
Event: 0.821 loading class java/nio/StringCharBuffer
Event: 0.821 loading class java/nio/StringCharBuffer done
Event: 0.835 Executing VM operation: HandshakeOneThread
Event: 0.835 Executing VM operation: HandshakeOneThread done
Event: 0.842 loading class java/awt/IllegalComponentStateException
Event: 0.842 loading class java/awt/IllegalComponentStateException done
Event: 0.844 loading class jdk/internal/reflect/UnsafeQualifiedStaticIntegerFieldAccessorImpl
Event: 0.844 loading class jdk/internal/reflect/UnsafeQualifiedStaticIntegerFieldAccessorImpl done
Event: 0.850 loading class java/lang/NumberFormatException
Event: 0.851 loading class java/lang/NumberFormatException done


Dynamic libraries:
0x00007fff62f35000 	/usr/lib/libz.1.dylib
0x0000000104158000 	/Users/cappydev/Library/Java/JavaVirtualMachines/openjdk-14.0.2/Contents/Home/lib/libjli.dylib
0x00007fff370a3000 	/System/Library/Frameworks/Cocoa.framework/Versions/A/Cocoa
0x00007fff42e47000 	/System/Library/Frameworks/Security.framework/Versions/A/Security
0x00007fff35d36000 	/System/Library/Frameworks/ApplicationServices.framework/Versions/A/ApplicationServices
0x00007fff6088f000 	/usr/lib/libSystem.B.dylib
0x00007fff6372b000 	/usr/lib/system/libcache.dylib
0x00007fff63730000 	/usr/lib/system/libcommonCrypto.dylib
0x00007fff6373b000 	/usr/lib/system/libcompiler_rt.dylib
0x00007fff63743000 	/usr/lib/system/libcopyfile.dylib
0x00007fff6374d000 	/usr/lib/system/libcorecrypto.dylib
0x00007fff63858000 	/usr/lib/system/libdispatch.dylib
0x00007fff63892000 	/usr/lib/system/libdyld.dylib
0x00007fff638bf000 	/usr/lib/system/libkeymgr.dylib
0x00007fff638cd000 	/usr/lib/system/liblaunch.dylib
0x00007fff638ce000 	/usr/lib/system/libmacho.dylib
0x00007fff638d4000 	/usr/lib/system/libquarantine.dylib
0x00007fff638d7000 	/usr/lib/system/libremovefile.dylib
0x00007fff638d9000 	/usr/lib/system/libsystem_asl.dylib
0x00007fff638f1000 	/usr/lib/system/libsystem_blocks.dylib
0x00007fff638f2000 	/usr/lib/system/libsystem_c.dylib
0x00007fff6397a000 	/usr/lib/system/libsystem_configuration.dylib
0x00007fff6397e000 	/usr/lib/system/libsystem_coreservices.dylib
0x00007fff63982000 	/usr/lib/system/libsystem_darwin.dylib
0x00007fff63989000 	/usr/lib/system/libsystem_dnssd.dylib
0x00007fff63990000 	/usr/lib/system/libsystem_info.dylib
0x00007fff63a05000 	/usr/lib/system/libsystem_m.dylib
0x00007fff63a51000 	/usr/lib/system/libsystem_malloc.dylib
0x00007fff63a7c000 	/usr/lib/system/libsystem_networkextension.dylib
0x00007fff63a87000 	/usr/lib/system/libsystem_notify.dylib
0x00007fff63aa4000 	/usr/lib/system/libsystem_sandbox.dylib
0x00007fff63aa8000 	/usr/lib/system/libsystem_secinit.dylib
0x00007fff639dc000 	/usr/lib/system/libsystem_kernel.dylib
0x00007fff63a8f000 	/usr/lib/system/libsystem_platform.dylib
0x00007fff63a99000 	/usr/lib/system/libsystem_pthread.dylib
0x00007fff63aab000 	/usr/lib/system/libsystem_symptoms.dylib
0x00007fff63ab3000 	/usr/lib/system/libsystem_trace.dylib
0x00007fff63aca000 	/usr/lib/system/libunwind.dylib
0x00007fff63ad0000 	/usr/lib/system/libxpc.dylib
0x00007fff620c6000 	/usr/lib/libobjc.A.dylib
0x00007fff60b26000 	/usr/lib/libc++abi.dylib
0x00007fff60ad2000 	/usr/lib/libc++.1.dylib
0x00007fff37918000 	/System/Library/Frameworks/CoreFoundation.framework/Versions/A/CoreFoundation
0x00007fff39b9b000 	/System/Library/Frameworks/Foundation.framework/Versions/C/Foundation
0x00007fff34f2f000 	/System/Library/Frameworks/AppKit.framework/Versions/C/AppKit
0x00007fff374a1000 	/System/Library/Frameworks/CoreData.framework/Versions/A/CoreData
0x00007fff5a355000 	/System/Library/PrivateFrameworks/RemoteViewServices.framework/Versions/A/RemoteViewServices
0x00007fff5e5cc000 	/System/Library/PrivateFrameworks/UIFoundation.framework/Versions/A/UIFoundation
0x00007fff5fcb0000 	/System/Library/PrivateFrameworks/XCTTargetBootstrap.framework/Versions/A/XCTTargetBootstrap
0x00007fff37827000 	/System/Library/Frameworks/CoreDisplay.framework/Versions/A/CoreDisplay
0x00007fff5508f000 	/System/Library/PrivateFrameworks/IconServices.framework/Versions/A/IconServices
0x00007fff3c4bc000 	/System/Library/Frameworks/Metal.framework/Versions/A/Metal
0x00007fff4c5d2000 	/System/Library/PrivateFrameworks/DesktopServicesPriv.framework/Versions/A/DesktopServicesPriv
0x00007fff61429000 	/usr/lib/libenergytrace.dylib
0x00007fff5cab3000 	/System/Library/PrivateFrameworks/SkyLight.framework/Versions/A/SkyLight
0x00007fff37d5f000 	/System/Library/Frameworks/CoreGraphics.framework/Versions/A/CoreGraphics
0x00007fff33cfb000 	/System/Library/Frameworks/Accelerate.framework/Versions/A/Accelerate
0x00007fff3a2e4000 	/System/Library/Frameworks/IOSurface.framework/Versions/A/IOSurface
0x00007fff4c43e000 	/System/Library/PrivateFrameworks/DFRFoundation.framework/Versions/A/DFRFoundation
0x00007fff36219000 	/System/Library/Frameworks/AudioToolbox.framework/Versions/A/AudioToolbox
0x00007fff36492000 	/System/Library/Frameworks/AudioUnit.framework/Versions/A/AudioUnit
0x00007fff4c4d3000 	/System/Library/PrivateFrameworks/DataDetectorsCore.framework/Versions/A/DataDetectorsCore
0x00007fff36ba6000 	/System/Library/Frameworks/Carbon.framework/Versions/A/Frameworks/HIToolbox.framework/Versions/A/HIToolbox
0x00007fff61582000 	/usr/lib/libicucore.A.dylib
0x00007fff423bb000 	/System/Library/Frameworks/QuartzCore.framework/Versions/A/QuartzCore
0x00007fff36f7b000 	/System/Library/Frameworks/Carbon.framework/Versions/A/Frameworks/SpeechRecognition.framework/Versions/A/SpeechRecognition
0x00007fff609e3000 	/usr/lib/libauto.dylib
0x00007fff62e29000 	/usr/lib/libxml2.2.dylib
0x00007fff4c019000 	/System/Library/PrivateFrameworks/CoreUI.framework/Versions/A/CoreUI
0x00007fff3738c000 	/System/Library/Frameworks/CoreAudio.framework/Versions/A/CoreAudio
0x00007fff399d0000 	/System/Library/Frameworks/DiskArbitration.framework/Versions/A/DiskArbitration
0x00007fff61830000 	/usr/lib/liblangid.dylib
0x00007fff5649a000 	/System/Library/PrivateFrameworks/MultitouchSupport.framework/Versions/A/MultitouchSupport
0x00007fff3a253000 	/System/Library/Frameworks/IOKit.framework/Versions/A/IOKit
0x00007fff6044f000 	/usr/lib/libDiagnosticMessagesClient.dylib
0x00007fff38b6e000 	/System/Library/Frameworks/CoreServices.framework/Versions/A/CoreServices
0x00007fff58154000 	/System/Library/PrivateFrameworks/PerformanceAnalysis.framework/Versions/A/PerformanceAnalysis
0x00007fff415a9000 	/System/Library/Frameworks/OpenGL.framework/Versions/A/OpenGL
0x00007fff370b1000 	/System/Library/Frameworks/ColorSync.framework/Versions/A/ColorSync
0x00007fff383f0000 	/System/Library/Frameworks/CoreImage.framework/Versions/A/CoreImage
0x00007fff39546000 	/System/Library/Frameworks/CoreText.framework/Versions/A/CoreText
0x00007fff3a347000 	/System/Library/Frameworks/ImageIO.framework/Versions/A/ImageIO
0x00007fff4866b000 	/System/Library/PrivateFrameworks/Backup.framework/Versions/A/Backup
0x00007fff60936000 	/usr/lib/libarchive.2.dylib
0x00007fff367eb000 	/System/Library/Frameworks/CFNetwork.framework/Versions/A/CFNetwork
0x00007fff435a3000 	/System/Library/Frameworks/SystemConfiguration.framework/Versions/A/SystemConfiguration
0x00007fff60380000 	/usr/lib/libCRFSuite.dylib
0x00007fff60ab3000 	/usr/lib/libbsm.0.dylib
0x00007fff638c0000 	/usr/lib/system/libkxld.dylib
0x00007fff47a5c000 	/System/Library/PrivateFrameworks/AppleFSCompression.framework/Versions/A/AppleFSCompression
0x00007fff6074f000 	/usr/lib/libOpenScriptingUtil.dylib
0x00007fff60ddb000 	/usr/lib/libcoretls.dylib
0x00007fff60df2000 	/usr/lib/libcoretls_cfhelpers.dylib
0x00007fff6285d000 	/usr/lib/libpam.2.dylib
0x00007fff62a1d000 	/usr/lib/libsqlite3.dylib
0x00007fff62e17000 	/usr/lib/libxar.1.dylib
0x00007fff60ac4000 	/usr/lib/libbz2.1.0.dylib
0x00007fff61832000 	/usr/lib/liblzma.5.dylib
0x00007fff61ce3000 	/usr/lib/libnetwork.dylib
0x00007fff6091f000 	/usr/lib/libapple_nghttp2.dylib
0x00007fff62864000 	/usr/lib/libpcap.A.dylib
0x00007fff38f0d000 	/System/Library/Frameworks/CoreServices.framework/Versions/A/Frameworks/FSEvents.framework/Versions/A/FSEvents
0x00007fff38bec000 	/System/Library/Frameworks/CoreServices.framework/Versions/A/Frameworks/CarbonCore.framework/Versions/A/CarbonCore
0x00007fff390c8000 	/System/Library/Frameworks/CoreServices.framework/Versions/A/Frameworks/Metadata.framework/Versions/A/Metadata
0x00007fff39167000 	/System/Library/Frameworks/CoreServices.framework/Versions/A/Frameworks/OSServices.framework/Versions/A/OSServices
0x00007fff391b2000 	/System/Library/Frameworks/CoreServices.framework/Versions/A/Frameworks/SearchKit.framework/Versions/A/SearchKit
0x00007fff38b6f000 	/System/Library/Frameworks/CoreServices.framework/Versions/A/Frameworks/AE.framework/Versions/A/AE
0x00007fff38f16000 	/System/Library/Frameworks/CoreServices.framework/Versions/A/Frameworks/LaunchServices.framework/Versions/A/LaunchServices
0x00007fff38ec4000 	/System/Library/Frameworks/CoreServices.framework/Versions/A/Frameworks/DictionaryServices.framework/Versions/A/DictionaryServices
0x00007fff3921a000 	/System/Library/Frameworks/CoreServices.framework/Versions/A/Frameworks/SharedFileList.framework/Versions/A/SharedFileList
0x00007fff3d584000 	/System/Library/Frameworks/NetFS.framework/Versions/A/NetFS
0x00007fff56700000 	/System/Library/PrivateFrameworks/NetAuth.framework/Versions/A/NetAuth
0x00007fff600b4000 	/System/Library/PrivateFrameworks/login.framework/Versions/A/Frameworks/loginsupport.framework/Versions/A/loginsupport
0x00007fff5e1d5000 	/System/Library/PrivateFrameworks/TCC.framework/Versions/A/TCC
0x00007fff4b676000 	/System/Library/PrivateFrameworks/CoreNLP.framework/Versions/A/CoreNLP
0x00007fff56195000 	/System/Library/PrivateFrameworks/MetadataUtilities.framework/Versions/A/MetadataUtilities
0x00007fff61907000 	/usr/lib/libmecabra.dylib
0x00007fff35d37000 	/System/Library/Frameworks/ApplicationServices.framework/Versions/A/Frameworks/ATS.framework/Versions/A/ATS
0x00007fff36086000 	/System/Library/Frameworks/ApplicationServices.framework/Versions/A/Frameworks/ColorSyncLegacy.framework/Versions/A/ColorSyncLegacy
0x00007fff36125000 	/System/Library/Frameworks/ApplicationServices.framework/Versions/A/Frameworks/HIServices.framework/Versions/A/HIServices
0x00007fff36178000 	/System/Library/Frameworks/ApplicationServices.framework/Versions/A/Frameworks/LangAnalysis.framework/Versions/A/LangAnalysis
0x00007fff36188000 	/System/Library/Frameworks/ApplicationServices.framework/Versions/A/Frameworks/PrintCore.framework/Versions/A/PrintCore
0x00007fff361d2000 	/System/Library/Frameworks/ApplicationServices.framework/Versions/A/Frameworks/QD.framework/Versions/A/QD
0x00007fff3620c000 	/System/Library/Frameworks/ApplicationServices.framework/Versions/A/Frameworks/SpeechSynthesis.framework/Versions/A/SpeechSynthesis
0x00007fff60b4e000 	/usr/lib/libcompression.dylib
0x00007fff3c78c000 	/System/Library/Frameworks/MetalPerformanceShaders.framework/Versions/A/MetalPerformanceShaders
0x00007fff33d13000 	/System/Library/Frameworks/Accelerate.framework/Versions/A/Frameworks/vImage.framework/Versions/A/vImage
0x00007fff34d8d000 	/System/Library/Frameworks/Accelerate.framework/Versions/A/Frameworks/vecLib.framework/Versions/A/vecLib
0x00007fff34cd9000 	/System/Library/Frameworks/Accelerate.framework/Versions/A/Frameworks/vecLib.framework/Versions/A/libvMisc.dylib
0x00007fff34af1000 	/System/Library/Frameworks/Accelerate.framework/Versions/A/Frameworks/vecLib.framework/Versions/A/libvDSP.dylib
0x00007fff343ad000 	/System/Library/Frameworks/Accelerate.framework/Versions/A/Frameworks/vecLib.framework/Versions/A/libBLAS.dylib
0x00007fff3469a000 	/System/Library/Frameworks/Accelerate.framework/Versions/A/Frameworks/vecLib.framework/Versions/A/libLAPACK.dylib
0x00007fff34a44000 	/System/Library/Frameworks/Accelerate.framework/Versions/A/Frameworks/vecLib.framework/Versions/A/libLinearAlgebra.dylib
0x00007fff34add000 	/System/Library/Frameworks/Accelerate.framework/Versions/A/Frameworks/vecLib.framework/Versions/A/libSparseBLAS.dylib
0x00007fff34a5a000 	/System/Library/Frameworks/Accelerate.framework/Versions/A/Frameworks/vecLib.framework/Versions/A/libQuadrature.dylib
0x00007fff34627000 	/System/Library/Frameworks/Accelerate.framework/Versions/A/Frameworks/vecLib.framework/Versions/A/libBNNS.dylib
0x00007fff34a60000 	/System/Library/Frameworks/Accelerate.framework/Versions/A/Frameworks/vecLib.framework/Versions/A/libSparse.dylib
0x00007fff529c4000 	/System/Library/PrivateFrameworks/GPUWrangler.framework/Versions/A/GPUWrangler
0x00007fff54cc4000 	/System/Library/PrivateFrameworks/IOAccelerator.framework/Versions/A/IOAccelerator
0x00007fff54ccf000 	/System/Library/PrivateFrameworks/IOPresentment.framework/Versions/A/IOPresentment
0x00007fff4c44e000 	/System/Library/PrivateFrameworks/DSExternalDisplay.framework/Versions/A/DSExternalDisplay
0x00007fff40a00000 	/System/Library/Frameworks/OpenGL.framework/Versions/A/Libraries/libCoreFSCache.dylib
0x00007fff3c580000 	/System/Library/Frameworks/MetalPerformanceShaders.framework/Frameworks/MPSCore.framework/Versions/A/MPSCore
0x00007fff3c5a0000 	/System/Library/Frameworks/MetalPerformanceShaders.framework/Frameworks/MPSImage.framework/Versions/A/MPSImage
0x00007fff3c645000 	/System/Library/Frameworks/MetalPerformanceShaders.framework/Frameworks/MPSNeuralNetwork.framework/Versions/A/MPSNeuralNetwork
0x00007fff3c61d000 	/System/Library/Frameworks/MetalPerformanceShaders.framework/Frameworks/MPSMatrix.framework/Versions/A/MPSMatrix
0x00007fff3c771000 	/System/Library/Frameworks/MetalPerformanceShaders.framework/Frameworks/MPSRayIntersector.framework/Versions/A/MPSRayIntersector
0x00007fff561be000 	/System/Library/PrivateFrameworks/MetalTools.framework/Versions/A/MetalTools
0x00007fff47306000 	/System/Library/PrivateFrameworks/AggregateDictionary.framework/Versions/A/AggregateDictionary
0x00007fff6072f000 	/usr/lib/libMobileGestalt.dylib
0x00007fff396a9000 	/System/Library/Frameworks/CoreVideo.framework/Versions/A/CoreVideo
0x00007fff537d5000 	/System/Library/PrivateFrameworks/GraphVisualizer.framework/Versions/A/GraphVisualizer
0x00007fff4d654000 	/System/Library/PrivateFrameworks/FaceCore.framework/Versions/A/FaceCore
0x00007fff4002e000 	/System/Library/Frameworks/OpenCL.framework/Versions/A/OpenCL
0x00007fff60487000 	/usr/lib/libFosl_dynamic.dylib
0x00007fff56f6b000 	/System/Library/PrivateFrameworks/OTSVG.framework/Versions/A/OTSVG
0x00007fff35e3b000 	/System/Library/Frameworks/ApplicationServices.framework/Versions/A/Frameworks/ATS.framework/Versions/A/Resources/libFontParser.dylib
0x00007fff35f53000 	/System/Library/Frameworks/ApplicationServices.framework/Versions/A/Frameworks/ATS.framework/Versions/A/Resources/libFontRegistry.dylib
0x00007fff3a5b5000 	/System/Library/Frameworks/ImageIO.framework/Versions/A/Resources/libJPEG.dylib
0x00007fff3a8c7000 	/System/Library/Frameworks/ImageIO.framework/Versions/A/Resources/libTIFF.dylib
0x00007fff3a89d000 	/System/Library/Frameworks/ImageIO.framework/Versions/A/Resources/libPng.dylib
0x00007fff3a4d3000 	/System/Library/Frameworks/ImageIO.framework/Versions/A/Resources/libGIF.dylib
0x00007fff3a4d8000 	/System/Library/Frameworks/ImageIO.framework/Versions/A/Resources/libJP2.dylib
0x00007fff3a8c4000 	/System/Library/Frameworks/ImageIO.framework/Versions/A/Resources/libRadiance.dylib
0x00007fff47bb3000 	/System/Library/PrivateFrameworks/AppleJPEG.framework/Versions/A/AppleJPEG
0x00007fff40a0b000 	/System/Library/Frameworks/OpenGL.framework/Versions/A/Libraries/libGFXShared.dylib
0x00007fff40bce000 	/System/Library/Frameworks/OpenGL.framework/Versions/A/Libraries/libGLU.dylib
0x00007fff40a14000 	/System/Library/Frameworks/OpenGL.framework/Versions/A/Libraries/libGL.dylib
0x00007fff40a20000 	/System/Library/Frameworks/OpenGL.framework/Versions/A/Libraries/libGLImage.dylib
0x00007fff409fd000 	/System/Library/Frameworks/OpenGL.framework/Versions/A/Libraries/libCVMSPluginSupport.dylib
0x00007fff40a06000 	/System/Library/Frameworks/OpenGL.framework/Versions/A/Libraries/libCoreVMClient.dylib
0x00007fff6129f000 	/usr/lib/libcups.2.dylib
0x00007fff3ba87000 	/System/Library/Frameworks/Kerberos.framework/Versions/A/Kerberos
0x00007fff39fb7000 	/System/Library/Frameworks/GSS.framework/Versions/A/GSS
0x00007fff629b2000 	/usr/lib/libresolv.9.dylib
0x00007fff61491000 	/usr/lib/libiconv.2.dylib
0x00007fff5394a000 	/System/Library/PrivateFrameworks/Heimdal.framework/Versions/A/Heimdal
0x00007fff61461000 	/usr/lib/libheimdal-asn1.dylib
0x00007fff400a2000 	/System/Library/Frameworks/OpenDirectory.framework/Versions/A/OpenDirectory
0x00007fff4a3d9000 	/System/Library/PrivateFrameworks/CommonAuth.framework/Versions/A/CommonAuth
0x00007fff40086000 	/System/Library/Frameworks/OpenDirectory.framework/Versions/A/Frameworks/CFOpenDirectory.framework/Versions/A/CFOpenDirectory
0x00007fff43148000 	/System/Library/Frameworks/SecurityFoundation.framework/Versions/A/SecurityFoundation
0x00007fff4684c000 	/System/Library/PrivateFrameworks/APFS.framework/Versions/A/APFS
0x00007fff62e13000 	/usr/lib/libutil.dylib
0x00007fff60b3c000 	/usr/lib/libcharset.1.dylib
0x00007fff47e50000 	/System/Library/PrivateFrameworks/AppleSauce.framework/Versions/A/AppleSauce
0x00007fff47fd1000 	/System/Library/PrivateFrameworks/AssertionServices.framework/Versions/A/AssertionServices
0x00007fff48701000 	/System/Library/PrivateFrameworks/BaseBoard.framework/Versions/A/BaseBoard
0x00007fff61862000 	/usr/lib/libmecab.1.0.0.dylib
0x00007fff6145b000 	/usr/lib/libgermantok.dylib
0x00007fff6090c000 	/usr/lib/libThaiTokenizer.dylib
0x00007fff603b7000 	/usr/lib/libChineseTokenizer.dylib
0x00007fff5537c000 	/System/Library/PrivateFrameworks/LanguageModeling.framework/Versions/A/LanguageModeling
0x00007fff4b0bb000 	/System/Library/PrivateFrameworks/CoreEmoji.framework/Versions/A/CoreEmoji
0x00007fff55458000 	/System/Library/PrivateFrameworks/Lexicon.framework/Versions/A/Lexicon
0x00007fff5549b000 	/System/Library/PrivateFrameworks/LinguisticData.framework/Versions/A/LinguisticData
0x00007fff60b3d000 	/usr/lib/libcmph.dylib
0x00007fff43206000 	/System/Library/Frameworks/ServiceManagement.framework/Versions/A/ServiceManagement
0x00007fff48662000 	/System/Library/PrivateFrameworks/BackgroundTaskManagement.framework/Versions/A/BackgroundTaskManagement
0x00007fff62f0c000 	/usr/lib/libxslt.1.dylib
0x00007fff36ea8000 	/System/Library/Frameworks/Carbon.framework/Versions/A/Frameworks/Ink.framework/Versions/A/Ink
0x00007fff5e447000 	/System/Library/PrivateFrameworks/TextureIO.framework/Versions/A/TextureIO
0x00007fff60960000 	/usr/lib/libate.dylib
0x00007fff4c39d000 	/System/Library/PrivateFrameworks/CrashReporterSupport.framework/Versions/A/CrashReporterSupport
0x00007fff5bb81000 	/System/Library/PrivateFrameworks/Sharing.framework/Versions/A/Sharing
0x00007fff483b4000 	/System/Library/PrivateFrameworks/AuthKit.framework/Versions/A/AuthKit
0x00007fff47908000 	/System/Library/PrivateFrameworks/Apple80211.framework/Versions/A/Apple80211
0x00007fff4c145000 	/System/Library/PrivateFrameworks/CoreUtils.framework/Versions/A/CoreUtils
0x00007fff396ea000 	/System/Library/Frameworks/CoreWLAN.framework/Versions/A/CoreWLAN
0x00007fff3a0e6000 	/System/Library/Frameworks/IOBluetooth.framework/Versions/A/IOBluetooth
0x00007fff59ff5000 	/System/Library/PrivateFrameworks/ProtocolBuffer.framework/Versions/A/ProtocolBuffer
0x00007fff563f6000 	/System/Library/PrivateFrameworks/MobileKeyBag.framework/Versions/A/MobileKeyBag
0x00007fff4b989000 	/System/Library/PrivateFrameworks/CorePhoneNumbers.framework/Versions/A/CorePhoneNumbers
0x00007fff47b67000 	/System/Library/PrivateFrameworks/AppleIDAuthSupport.framework/Versions/A/AppleIDAuthSupport
0x00007fff5534f000 	/System/Library/PrivateFrameworks/KeychainCircle.framework/Versions/A/KeychainCircle
0x00007fff5a1ab000 	/System/Library/PrivateFrameworks/ROCKit.framework/Versions/A/ROCKit
0x00007fff4c339000 	/System/Library/PrivateFrameworks/CoreWiFi.framework/Versions/A/CoreWiFi
0x00007fff37476000 	/System/Library/Frameworks/CoreBluetooth.framework/Versions/A/CoreBluetooth
0x00007fff4c594000 	/System/Library/PrivateFrameworks/DebugSymbols.framework/Versions/A/DebugSymbols
0x00007fff4bf05000 	/System/Library/PrivateFrameworks/CoreSymbolication.framework/Versions/A/CoreSymbolication
0x00007fff5dc62000 	/System/Library/PrivateFrameworks/Symbolication.framework/Versions/A/Symbolication
0x00007fff5d505000 	/System/Library/PrivateFrameworks/SpeechRecognitionCore.framework/Versions/A/SpeechRecognitionCore
0x0000000104a00000 	/Users/cappydev/Library/Java/JavaVirtualMachines/openjdk-14.0.2/Contents/Home/lib/server/libjvm.dylib
0x000000010419c000 	/Users/cappydev/Library/Java/JavaVirtualMachines/openjdk-14.0.2/Contents/Home/lib/libjimage.dylib
0x00000001041a9000 	/Users/cappydev/Library/Java/JavaVirtualMachines/openjdk-14.0.2/Contents/Home/lib/libinstrument.dylib
0x00000001041b9000 	/Users/cappydev/Library/Java/JavaVirtualMachines/openjdk-14.0.2/Contents/Home/lib/./libjava.dylib
0x00000001041e8000 	/Users/cappydev/Library/Java/JavaVirtualMachines/openjdk-14.0.2/Contents/Home/lib/libzip.dylib
0x00000001077ae000 	/Users/cappydev/Library/Java/JavaVirtualMachines/openjdk-14.0.2/Contents/Home/lib/libnio.dylib
0x00000001077c1000 	/Users/cappydev/Library/Java/JavaVirtualMachines/openjdk-14.0.2/Contents/Home/lib/./libnet.dylib
0x00000001078fb000 	/Users/cappydev/Library/Java/JavaVirtualMachines/openjdk-14.0.2/Contents/Home/lib/libverify.dylib
0x000000010790a000 	/Users/cappydev/Library/Java/JavaVirtualMachines/openjdk-14.0.2/Contents/Home/lib/libextnet.dylib
0x0000000107911000 	/Users/cappydev/Library/Java/JavaVirtualMachines/openjdk-14.0.2/Contents/Home/lib/libawt.dylib
0x00000001079ad000 	/Users/cappydev/Library/Java/JavaVirtualMachines/openjdk-14.0.2/Contents/Home/lib/./libmlib_image.dylib
0x00007fff3ba70000 	/System/Library/Frameworks/JavaVM.framework/Versions/A/Frameworks/JavaNativeFoundation.framework/Versions/A/JavaNativeFoundation
0x00007fff3ba79000 	/System/Library/Frameworks/JavaVM.framework/Versions/A/Frameworks/JavaRuntimeSupport.framework/Versions/A/JavaRuntimeSupport
0x00007fff3ba82000 	/System/Library/Frameworks/JavaVM.framework/Versions/A/JavaVM
0x00007fff5526e000 	/System/Library/PrivateFrameworks/JavaLaunching.framework/Versions/A/JavaLaunching
0x00007fff36ba1000 	/System/Library/Frameworks/Carbon.framework/Versions/A/Carbon
0x00007fff36ba2000 	/System/Library/Frameworks/Carbon.framework/Versions/A/Frameworks/CommonPanels.framework/Versions/A/CommonPanels
0x00007fff36e9e000 	/System/Library/Frameworks/Carbon.framework/Versions/A/Frameworks/Help.framework/Versions/A/Help
0x00007fff36ea2000 	/System/Library/Frameworks/Carbon.framework/Versions/A/Frameworks/ImageCapture.framework/Versions/A/ImageCapture
0x00007fff36f3e000 	/System/Library/Frameworks/Carbon.framework/Versions/A/Frameworks/OpenScripting.framework/Versions/A/OpenScripting
0x00007fff36f76000 	/System/Library/Frameworks/Carbon.framework/Versions/A/Frameworks/Print.framework/Versions/A/Print
0x00007fff36f78000 	/System/Library/Frameworks/Carbon.framework/Versions/A/Frameworks/SecurityHI.framework/Versions/A/SecurityHI
0x0000000107a19000 	/Users/cappydev/Library/Java/JavaVirtualMachines/openjdk-14.0.2/Contents/Home/lib/libawt_lwawt.dylib
0x0000000107acb000 	/Users/cappydev/Library/Java/JavaVirtualMachines/openjdk-14.0.2/Contents/Home/lib/./libosxapp.dylib
0x00007fff39b74000 	/System/Library/Frameworks/ExceptionHandling.framework/Versions/A/ExceptionHandling
0x0000000107af2000 	/Users/cappydev/Library/Java/JavaVirtualMachines/openjdk-14.0.2/Contents/Home/lib/libfontmanager.dylib
0x0000000107bf8000 	/Users/cappydev/Library/Java/JavaVirtualMachines/openjdk-14.0.2/Contents/Home/lib/./libfreetype.dylib
0x00007fff4bb0d000 	/System/Library/PrivateFrameworks/CoreServicesInternal.framework/Versions/A/CoreServicesInternal
0x00007fff2c079000 	/System/Library/CoreServices/RawCamera.bundle/Contents/MacOS/RawCamera
0x00007fff56262000 	/System/Library/PrivateFrameworks/MobileAsset.framework/Versions/A/MobileAsset
0x00007fff5dbb0000 	/System/Library/PrivateFrameworks/StreamingZip.framework/Versions/A/StreamingZip
0x00007fff3be14000 	/System/Library/Frameworks/MediaToolbox.framework/Versions/A/MediaToolbox
0x00007fff4ac5f000 	/System/Library/PrivateFrameworks/CoreAVCHD.framework/Versions/A/CoreAVCHD
0x00007fff3bd5a000 	/System/Library/Frameworks/MediaAccessibility.framework/Versions/A/MediaAccessibility
0x00007fff55cbe000 	/System/Library/PrivateFrameworks/Mangrove.framework/Versions/A/Mangrove
0x00007fff38a0d000 	/System/Library/Frameworks/CoreMedia.framework/Versions/A/CoreMedia
0x00007fff4386f000 	/System/Library/Frameworks/VideoToolbox.framework/Versions/A/VideoToolbox
0x00007fff4a87b000 	/System/Library/PrivateFrameworks/CoreAUC.framework/Versions/A/CoreAUC
0x00007fff62a1b000 	/usr/lib/libspindump.dylib
0x00007fff47f36000 	/System/Library/PrivateFrameworks/AppleVA.framework/Versions/A/AppleVA
0x00007fff33cfc000 	/System/Library/Frameworks/Accelerate.framework/Versions/A/Frameworks/vImage.framework/Versions/A/Libraries/libCGInterfaces.dylib
0x00007fff35fef000 	/System/Library/Frameworks/ApplicationServices.framework/Versions/A/Frameworks/ATS.framework/Versions/A/Resources/libTrueTypeScaler.dylib
0x00007fff30ebc000 	/System/Library/Extensions/AppleIntelKBLGraphicsMTLDriver.bundle/Contents/MacOS/AppleIntelKBLGraphicsMTLDriver
0x00007fff51323000 	/System/Library/PrivateFrameworks/GPUCompiler.framework/Versions/3902/Libraries/libmetal_timestamp.dylib
0x00007fff5f3ff000 	/System/Library/PrivateFrameworks/ViewBridge.framework/Versions/A/ViewBridge
0x0000000129a06000 	/Users/cappydev/Downloads/codingfactory-piscine_studentplugin-master/resources/lib/liblwjgl.jnilib
0x0000000127034000 	/Users/cappydev/Library/Java/JavaVirtualMachines/openjdk-14.0.2/Contents/Home/lib/libjawt.dylib
0x00007fff415b9000 	/System/Library/Frameworks/OpenGL.framework/Versions/A/Resources/GLEngine.bundle/GLEngine
0x00007fff40a5b000 	/System/Library/Frameworks/OpenGL.framework/Versions/A/Libraries/libGLProgrammability.dylib
0x00007fff300e7000 	/System/Library/Extensions/AppleIntelKBLGraphicsGLDriver.bundle/Contents/MacOS/AppleIntelKBLGraphicsGLDriver
0x00007fff529b8000 	/System/Library/PrivateFrameworks/GPUSupport.framework/Versions/A/Libraries/libGPUSupportMercury.dylib
0x00007fff41751000 	/System/Library/Frameworks/OpenGL.framework/Versions/A/Resources/GLRendererFloat.bundle/GLRendererFloat
0x00007fff40025000 	/System/Library/Frameworks/OpenCL.framework/Versions/A/Libraries/libcldcpuengine.dylib
0x00007fff60f91000 	/usr/lib/libcrypto.35.dylib
0x00007fff5e5c5000 	/System/Library/PrivateFrameworks/TrustEvaluationAgent.framework/Versions/A/TrustEvaluationAgent
0x000000012a262000 	/usr/lib/libobjc-trampolines.dylib


VM Arguments:
jvm_args: -Djava.library.path=lib -javaagent:/Applications/IntelliJ IDEA CE.app/Contents/lib/idea_rt.jar=55745:/Applications/IntelliJ IDEA CE.app/Contents/bin -Dfile.encoding=UTF-8 
java_command: fr.rphstudio.codingdojo.launcher.MainLauncher -window
java_class_path (initial): ./codingdojo.jar:students/Teachers-2.1-p.jar:students/Student1-2.1-p.jar:students/Student27-2.1-p.jar
Launcher Type: SUN_STANDARD

[Global flags]
     intx CICompilerCount                          = 3                                         {product} {ergonomic}
     uint ConcGCThreads                            = 1                                         {product} {ergonomic}
     uint G1ConcRefinementThreads                  = 4                                         {product} {ergonomic}
   size_t G1HeapRegionSize                         = 1048576                                   {product} {ergonomic}
    uintx GCDrainStackTargetSize                   = 64                                        {product} {ergonomic}
   size_t InitialHeapSize                          = 134217728                                 {product} {ergonomic}
   size_t MarkStackSize                            = 4194304                                   {product} {ergonomic}
   size_t MaxHeapSize                              = 2147483648                                {product} {ergonomic}
   size_t MaxNewSize                               = 1287651328                                {product} {ergonomic}
   size_t MinHeapDeltaBytes                        = 1048576                                   {product} {ergonomic}
   size_t MinHeapSize                              = 8388608                                   {product} {ergonomic}
    uintx NonNMethodCodeHeapSize                   = 5832780                                {pd product} {ergonomic}
    uintx NonProfiledCodeHeapSize                  = 122912730                              {pd product} {ergonomic}
    uintx ProfiledCodeHeapSize                     = 122912730                              {pd product} {ergonomic}
    uintx ReservedCodeCacheSize                    = 251658240                              {pd product} {ergonomic}
     bool SegmentedCodeCache                       = true                                      {product} {ergonomic}
   size_t SoftMaxHeapSize                          = 2147483648                             {manageable} {ergonomic}
     bool UseCompressedClassPointers               = true                                 {lp64_product} {ergonomic}
     bool UseCompressedOops                        = true                                 {lp64_product} {ergonomic}
     bool UseG1GC                                  = true                                      {product} {ergonomic}

Logging:
Log output configuration:
 #0: stdout all=warning uptime,level,tags
 #1: stderr all=off uptime,level,tags

Environment Variables:
PATH=/usr/local/bin:/usr/bin:/bin:/usr/sbin:/sbin
SHELL=/bin/bash

Signal Handlers:
SIGSEGV: [libjvm.dylib+0x7415c8], sa_mask[0]=11111111011111110111111111111111, sa_flags=SA_ONSTACK|SA_RESTART|SA_SIGINFO
SIGBUS: [libjvm.dylib+0x7415c8], sa_mask[0]=11111111011111110111111111111111, sa_flags=SA_RESTART|SA_SIGINFO
SIGFPE: [libjvm.dylib+0x7415c8], sa_mask[0]=11111111011111110111111111111111, sa_flags=SA_RESTART|SA_SIGINFO
SIGPIPE: [libjvm.dylib+0x5eb4c1], sa_mask[0]=11111111011111110111111111111111, sa_flags=SA_RESTART|SA_SIGINFO
SIGXFSZ: [libjvm.dylib+0x5eb4c1], sa_mask[0]=11111111011111110111111111111111, sa_flags=SA_RESTART|SA_SIGINFO
SIGILL: [libjvm.dylib+0x7415c8], sa_mask[0]=11111111011111110111111111111111, sa_flags=SA_RESTART|SA_SIGINFO
SIGUSR2: [libjvm.dylib+0x5eba93], sa_mask[0]=00100000000000000000000000000000, sa_flags=SA_RESTART|SA_SIGINFO
SIGHUP: [libjvm.dylib+0x5eaaf5], sa_mask[0]=11111111011111110111111111111111, sa_flags=SA_RESTART|SA_SIGINFO
SIGINT: [libjvm.dylib+0x5eaaf5], sa_mask[0]=11111111011111110111111111111111, sa_flags=SA_RESTART|SA_SIGINFO
SIGTERM: [libjvm.dylib+0x5eaaf5], sa_mask[0]=11111111011111110111111111111111, sa_flags=SA_RESTART|SA_SIGINFO
SIGQUIT: [libjvm.dylib+0x5eaaf5], sa_mask[0]=11111111011111110111111111111111, sa_flags=SA_RESTART|SA_SIGINFO


---------------  S Y S T E M  ---------------

OS:uname:Darwin 18.7.0 Darwin Kernel Version 18.7.0: Tue Aug 20 16:57:14 PDT 2019; root:xnu-4903.271.2~2/RELEASE_X86_64 x86_64
OS uptime: 0 days 7:48 hours
rlimit: STACK 8192k, CORE 0k, NPROC 709, NOFILE 10240, AS infinity, DATA infinity, FSIZE infinity
load average:2.26 2.16 1.97

CPU:total 4 (initial active 4) (2 cores per cpu, 2 threads per core) family 6 model 142 stepping 9, cmov, cx8, fxsr, mmx, sse, sse2, sse3, ssse3, sse4.1, sse4.2, popcnt, avx, avx2, aes, clmul, erms, rtm, 3dnowpref, lzcnt, ht, tsc, tscinvbit, bmi1, bmi2, adx, fma

Memory: 4k page, physical 8388608k(1101080k free), swap 0k(0k free)

vm_info: OpenJDK 64-Bit Server VM (14.0.2+12-46) for bsd-amd64 JRE (14.0.2+12-46), built on Jul  8 2020 23:34:30 by "mach5one" with clang 4.2.1 Compatible Apple LLVM 10.0.0 (clang-1000.11.45.5)

END.
