#
# A fatal error has been detected by the Java Runtime Environment:
#
#  SIGSEGV (0xb) at pc=0x00007fff7c61964c, pid=1162, tid=8451
#
# JRE version: OpenJDK Runtime Environment (14.0.2+12) (build 14.0.2+12-46)
# Java VM: OpenJDK 64-Bit Server VM (14.0.2+12-46, mixed mode, sharing, tiered, compressed oops, g1 gc, bsd-amd64)
# Problematic frame:
# C  [libobjc.A.dylib+0x864c]  objc_release+0x1c
#
# No core dump will be written. Core dumps have been disabled. To enable core dumping, try "ulimit -c unlimited" before starting Java again
#
# If you would like to submit a bug report, please visit:
#   https://bugreport.java.com/bugreport/crash.jsp
# The crash happened outside the Java Virtual Machine in native code.
# See problematic frame for where to report the bug.
#

---------------  S U M M A R Y ------------

Command Line: -Djava.library.path=lib -javaagent:/Applications/IntelliJ IDEA CE.app/Contents/lib/idea_rt.jar=49990:/Applications/IntelliJ IDEA CE.app/Contents/bin -Dfile.encoding=UTF-8 fr.rphstudio.codingdojo.launcher.MainLauncher -window

Host: MacBookPro14,1 x86_64 2300 MHz, 4 cores, 8G, Darwin 18.7.0
Time: Thu Sep 17 14:38:25 2020 CEST elapsed time: 0 seconds (0d 0h 0m 0s)

---------------  T H R E A D  ---------------

Current thread (0x00007faa1b801000):  JavaThread "main" [_thread_in_native, id=8451, stack(0x000070000e133000,0x000070000e233000)]

Stack: [0x000070000e133000,0x000070000e233000],  sp=0x000070000e231e80,  free space=1019k
Native frames: (J=compiled Java code, A=aot compiled Java code, j=interpreted, Vv=VM code, C=native code)
C  [libobjc.A.dylib+0x864c]  objc_release+0x1c
C  [libobjc.A.dylib+0x947c]  (anonymous namespace)::AutoreleasePoolPage::pop(void*)+0x2c6
C  [CoreFoundation+0xdd4a]  _CFAutoreleasePoolPop+0x16
C  [Foundation+0x40e3]  -[NSAutoreleasePool release]+0x90
j  org.lwjgl.opengl.MacOSXContextImplementation.setView(Ljava/nio/ByteBuffer;Ljava/nio/ByteBuffer;)V+0
j  org.lwjgl.opengl.MacOSXContextImplementation.makeCurrent(Lorg/lwjgl/opengl/PeerInfo;Ljava/nio/ByteBuffer;)V+7
j  org.lwjgl.opengl.ContextGL.makeCurrent()V+46
j  org.lwjgl.opengl.DrawableGL.makeCurrent()V+14
j  org.lwjgl.opengl.Display.makeCurrent()V+3
j  org.lwjgl.opengl.Display.makeCurrentAndSetSwapInterval()V+0
j  org.lwjgl.opengl.Display.create(Lorg/lwjgl/opengl/PixelFormat;Lorg/lwjgl/opengl/Drawable;Lorg/lwjgl/opengl/ContextAttribs;)V+108
j  org.lwjgl.opengl.Display.create(Lorg/lwjgl/opengl/PixelFormat;)V+12
j  org.newdawn.slick.AppGameContainer.tryCreateDisplay(Lorg/lwjgl/opengl/PixelFormat;)V+7
j  org.newdawn.slick.AppGameContainer.access$000(Lorg/newdawn/slick/AppGameContainer;Lorg/lwjgl/opengl/PixelFormat;)V+2
j  org.newdawn.slick.AppGameContainer$2.run()Ljava/lang/Object;+36
j  java.security.AccessController.executePrivileged(Ljava/security/PrivilegedAction;Ljava/security/AccessControlContext;Ljava/lang/Class;)Ljava/lang/Object;+29 java.base@14.0.2
j  java.security.AccessController.doPrivileged(Ljava/security/PrivilegedAction;)Ljava/lang/Object;+5 java.base@14.0.2
j  org.newdawn.slick.AppGameContainer.setup()V+112
j  org.newdawn.slick.AppGameContainer.start()V+1
j  fr.rphstudio.codingdojo.launcher.MainLauncher.main([Ljava/lang/String;)V+133
v  ~StubRoutines::call_stub
V  [libjvm.dylib+0x34b706]  JavaCalls::call_helper(JavaValue*, methodHandle const&, JavaCallArguments*, Thread*)+0x256
V  [libjvm.dylib+0x38fdc9]  jni_invoke_static(JNIEnv_*, JavaValue*, _jobject*, JNICallType, _jmethodID*, JNI_ArgumentPusher*, Thread*)+0x11c
V  [libjvm.dylib+0x3936ac]  jni_CallStaticVoidMethod+0x1b3
C  [libjli.dylib+0x4a42]  JavaMain+0xab4
C  [libjli.dylib+0x6d4a]  ThreadJavaMain+0x9
C  [libsystem_pthread.dylib+0x32eb]  _pthread_body+0x7e
C  [libsystem_pthread.dylib+0x6249]  _pthread_start+0x42
C  [libsystem_pthread.dylib+0x240d]  thread_start+0xd

Java frames: (J=compiled Java code, j=interpreted, Vv=VM code)
j  org.lwjgl.opengl.MacOSXContextImplementation.setView(Ljava/nio/ByteBuffer;Ljava/nio/ByteBuffer;)V+0
j  org.lwjgl.opengl.MacOSXContextImplementation.makeCurrent(Lorg/lwjgl/opengl/PeerInfo;Ljava/nio/ByteBuffer;)V+7
j  org.lwjgl.opengl.ContextGL.makeCurrent()V+46
j  org.lwjgl.opengl.DrawableGL.makeCurrent()V+14
j  org.lwjgl.opengl.Display.makeCurrent()V+3
j  org.lwjgl.opengl.Display.makeCurrentAndSetSwapInterval()V+0
j  org.lwjgl.opengl.Display.create(Lorg/lwjgl/opengl/PixelFormat;Lorg/lwjgl/opengl/Drawable;Lorg/lwjgl/opengl/ContextAttribs;)V+108
j  org.lwjgl.opengl.Display.create(Lorg/lwjgl/opengl/PixelFormat;)V+12
j  org.newdawn.slick.AppGameContainer.tryCreateDisplay(Lorg/lwjgl/opengl/PixelFormat;)V+7
j  org.newdawn.slick.AppGameContainer.access$000(Lorg/newdawn/slick/AppGameContainer;Lorg/lwjgl/opengl/PixelFormat;)V+2
j  org.newdawn.slick.AppGameContainer$2.run()Ljava/lang/Object;+36
j  java.security.AccessController.executePrivileged(Ljava/security/PrivilegedAction;Ljava/security/AccessControlContext;Ljava/lang/Class;)Ljava/lang/Object;+29 java.base@14.0.2
j  java.security.AccessController.doPrivileged(Ljava/security/PrivilegedAction;)Ljava/lang/Object;+5 java.base@14.0.2
j  org.newdawn.slick.AppGameContainer.setup()V+112
j  org.newdawn.slick.AppGameContainer.start()V+1
j  fr.rphstudio.codingdojo.launcher.MainLauncher.main([Ljava/lang/String;)V+133
v  ~StubRoutines::call_stub

siginfo: si_signo: 11 (SIGSEGV), si_code: 1 (SEGV_MAPERR), si_addr: 0x0000000000000020

Register to memory mapping:

RAX=0x0 is NULL
RBX=0x00007faa1b002010 points into unknown readable memory: 38 21 00 1b aa 7f 00 00
RCX=0x00007faa1b002138 points into unknown readable memory: a3 a3 a3 a3 a3 a3 a3 a3
RDX=0x0040000000000000 is an unknown value
RSP=0x000070000e231e80 is pointing into the stack for thread: 0x00007faa1b801000
RBP=0x000070000e231e80 is pointing into the stack for thread: 0x00007faa1b801000
RSI=0x063d800133158b9b is an unknown value
RDI=0x00007faa19e89f80 points into unknown readable memory: 00 00 00 00 00 00 00 00
R8 =0x0 is NULL
R9 =0x0 is NULL
R10=0x00007fffad179098: OBJC_CLASS_$___NSCFType+0 in /System/Library/Frameworks/CoreFoundation.framework/Versions/A/CoreFoundation at 0x00007fff51e63000
R11=0x00007faa19c8ddb0 points into unknown readable memory: 3e 7a 01 50 ff 7f 00 00
R12=0xa3a3a3a3a3a3a3a3 is an unknown value
R13=0x000000012e775c58 is pointing into metadata
R14=0x00007faa1b002108 points into unknown readable memory: 00 00 00 00 00 00 00 00
R15=0x00007faa1b002000 points into unknown readable memory: a1 a1 a1 a1 41 55 54 4f


Registers:
RAX=0x0000000000000000, RBX=0x00007faa1b002010, RCX=0x00007faa1b002138, RDX=0x0040000000000000
RSP=0x000070000e231e80, RBP=0x000070000e231e80, RSI=0x063d800133158b9b, RDI=0x00007faa19e89f80
R8 =0x0000000000000000, R9 =0x0000000000000000, R10=0x00007fffad179098, R11=0x00007faa19c8ddb0
R12=0xa3a3a3a3a3a3a3a3, R13=0x000000012e775c58, R14=0x00007faa1b002108, R15=0x00007faa1b002000
RIP=0x00007fff7c61964c, EFLAGS=0x0000000000010246, ERR=0x0000000000000004
  TRAPNO=0x000000000000000e

Top of Stack: (sp=0x000070000e231e80)
0x000070000e231e80:   000070000e2322c0 00007fff7c61a47c
0x000070000e231e90:   000070000e231ec0 000000000000102d
0x000070000e231ea0:   000000000000102d 00007faa19dd59b0
0x000070000e231eb0:   000070000e231ed8 000070000e231ee0
0x000070000e231ec0:   000070000e231f70 00007fff7c62ea07
0x000070000e231ed0:   0000000133fda240 000000000000102d
0x000070000e231ee0:   000000000000102d 00007faa19dd59b0
0x000070000e231ef0:   000070000e231f18 0acae006bfb50085
0x000070000e231f00:   00007faa1b0021a8 00007faa1a967600
0x000070000e231f10:   0acae006bfb50085 00007faa1b0021a8
0x000070000e231f20:   00007faa1a967600 0000010000000102
0x000070000e231f30:   00007faa1b0021a8 000070000e231fd0
0x000070000e231f40:   000070000e2321c0 00007fff5c909059
0x000070000e231f50:   0000000000000001 0000000000000002
0x000070000e231f60:   000070000e229f50 00007faa1c201100
0x000070000e231f70:   000070000e232010 000070000e229f50
0x000070000e231f80:   000000000e23ffff 00007faa19dbb201
0x000070000e231f90:   00007faa1c100080 00007faa1a967600
0x000070000e231fa0:   0000000000000001 00007fff54109a40
0x000070000e231fb0:   000070000e232060 0000000000000000
0x000070000e231fc0:   0000000000000002 0000000000000002
0x000070000e231fd0:   00007faa1a967600 00007faa1c100070
0x000070000e231fe0:   40d25b4f6f32b52c 7ff0000000000000
0x000070000e231ff0:   000070000e229f80 0000000000000000
0x000070000e232000:   000000013088be00 0000000000000000
0x000070000e232010:   00007faa1c0013a0 00007faa1c100070
0x000070000e232020:   0000000000000000 0000000000000004
0x000070000e232030:   000070000e2320c0 00007fff7dfa1282
0x000070000e232040:   000070000e232070 00007faa19efc080
0x000070000e232050:   eeee002d37b24957 573ceeeeb0b5b2b2
0x000070000e232060:   00007faa19e81666 00007faa19e8a010
0x000070000e232070:   000000010d888800 0000000000000001 

Instructions: (pc=0x00007fff7c61964c)
0x00007fff7c61954c:   5e 41 5f 5d c3 4c 89 ff 8b 75 d4 e8 a5 21 00 00
0x00007fff7c61955c:   31 ff 48 83 c4 08 5b 41 5c 41 5d 41 5e 41 5f 5d
0x00007fff7c61956c:   e9 5e 22 00 00 90 55 48 89 e5 41 56 53 89 fb 44
0x00007fff7c61957c:   8d 73 01 49 c1 e6 04 be 01 00 00 00 4c 89 f7 e8
0x00007fff7c61958c:   cc 9e 01 00 49 89 44 06 f8 49 83 7c 06 f0 01 74
0x00007fff7c61959c:   09 4a c7 44 30 f0 01 00 00 00 48 8d 0d 3d 4b db
0x00007fff7c6195ac:   37 80 39 00 74 2e 31 c9 83 fb 02 72 14 31 c9 89
0x00007fff7c6195bc:   da d1 ea ff c1 83 fb 03 89 d3 77 f5 83 f9 0f 77
0x00007fff7c6195cc:   0c 89 c9 48 8d 15 8a 27 db 37 ff 04 8a 48 ff 05
0x00007fff7c6195dc:   60 27 db 37 5b 41 5e 5d c3 90 90 90 90 90 90 90
0x00007fff7c6195ec:   90 90 90 90 90 55 48 89 e5 40 f6 c7 01 75 20 48
0x00007fff7c6195fc:   b9 00 00 00 00 00 00 00 01 48 8b 07 a8 01 74 14
0x00007fff7c61960c:   48 89 c2 48 01 ca 72 12 f0 48 0f b1 17 75 ea 48
0x00007fff7c61961c:   89 f8 5d c3 5d e9 f0 58 00 00 31 f6 5d e9 60 50
0x00007fff7c61962c:   00 00 90 90 55 48 89 e5 48 85 ff 74 60 40 f6 c7
0x00007fff7c61963c:   01 75 5a 48 b8 f8 ff ff ff ff 7f 00 00 48 23 07
0x00007fff7c61964c:   f6 40 20 04 74 67 48 b9 00 00 00 00 00 00 00 01
0x00007fff7c61965c:   48 ba 00 00 00 00 00 00 40 00 48 8b 07 a8 01 74
0x00007fff7c61966c:   41 48 89 c6 48 29 ce 73 1d 48 0f ba e0 37 72 46
0x00007fff7c61967c:   48 0f ba e0 36 72 4b 48 89 c6 48 09 d6 f0 48 0f
0x00007fff7c61968c:   b1 37 75 d6 eb 09 f0 48 0f b1 37 75 cd 5d c3 0f
0x00007fff7c61969c:   ae f0 48 8d 05 c3 4a db 37 48 8b 30 5d e9 d2 df
0x00007fff7c6196ac:   ff ff be 01 00 00 00 5d e9 03 59 00 00 48 8d 05
0x00007fff7c6196bc:   80 4a db 37 eb e3 be 01 00 00 00 e8 26 5c 00 00
0x00007fff7c6196cc:   eb cb e8 5f 97 01 00 eb c4 90 90 90 90 90 90 90
0x00007fff7c6196dc:   90 90 90 90 90 90 90 55 48 89 e5 5d e9 09 00 00
0x00007fff7c6196ec:   00 90 90 90 90 90 90 90 90 90 55 48 89 e5 40 f6
0x00007fff7c6196fc:   c7 01 75 19 48 b8 07 00 00 00 00 00 a0 00 48 23
0x00007fff7c61970c:   07 48 83 f8 01 75 08 5d e9 91 9d 01 00 5d c3 5d
0x00007fff7c61971c:   e9 01 00 00 00 90 48 85 ff 74 1c 55 48 89 e5 53
0x00007fff7c61972c:   50 48 89 fb e8 11 00 00 00 48 89 df e8 6d 9d 01
0x00007fff7c61973c:   00 48 83 c4 08 5b 5d 31 c0 c3 55 48 89 e5 41 56 


Stack slot to memory mapping:
stack at sp + 0 slots: 0x000070000e2322c0 is pointing into the stack for thread: 0x00007faa1b801000
stack at sp + 1 slots: 0x00007fff7c61a47c: _ZN12_GLOBAL__N_119AutoreleasePoolPage3popEPv+0x2c6 in /usr/lib/libobjc.A.dylib at 0x00007fff7c611000
stack at sp + 2 slots: 0x000070000e231ec0 is pointing into the stack for thread: 0x00007faa1b801000
stack at sp + 3 slots: 0x000000000000102d is an unknown value
stack at sp + 4 slots: 0x000000000000102d is an unknown value
stack at sp + 5 slots: 0x00007faa19dd59b0 points into unknown readable memory: 01 00 00 00 8d 04 00 00
stack at sp + 6 slots: 0x000070000e231ed8 is pointing into the stack for thread: 0x00007faa1b801000
stack at sp + 7 slots: 0x000070000e231ee0 is pointing into the stack for thread: 0x00007faa1b801000


---------------  P R O C E S S  ---------------

Threads class SMR info:
_java_thread_list=0x00007faa19cacb70, length=15, elements={
0x00007faa1b801000, 0x00007faa1a009800, 0x00007faa1a013000, 0x00007faa1a00b800,
0x00007faa1a00c800, 0x00007faa1a017000, 0x00007faa1a018000, 0x00007faa1b8b5800,
0x00007faa1a810800, 0x00007faa1a811800, 0x00007faa1a812800, 0x00007faa1b997800,
0x00007faa1a896800, 0x00007faa1b9c4800, 0x00007faa1a8b4000
}

Java Threads: ( => current thread )
=>0x00007faa1b801000 JavaThread "main" [_thread_in_native, id=8451, stack(0x000070000e133000,0x000070000e233000)]
  0x00007faa1a009800 JavaThread "Reference Handler" daemon [_thread_blocked, id=17411, stack(0x000070000e848000,0x000070000e948000)]
  0x00007faa1a013000 JavaThread "Finalizer" daemon [_thread_blocked, id=17155, stack(0x000070000e94b000,0x000070000ea4b000)]
  0x00007faa1a00b800 JavaThread "Signal Dispatcher" daemon [_thread_blocked, id=22019, stack(0x000070000ea4e000,0x000070000eb4e000)]
  0x00007faa1a00c800 JavaThread "Service Thread" daemon [_thread_blocked, id=22531, stack(0x000070000eb51000,0x000070000ec51000)]
  0x00007faa1a017000 JavaThread "C2 CompilerThread0" daemon [_thread_blocked, id=41987, stack(0x000070000ec54000,0x000070000ed54000)]
  0x00007faa1a018000 JavaThread "C1 CompilerThread0" daemon [_thread_blocked, id=41731, stack(0x000070000ed57000,0x000070000ee57000)]
  0x00007faa1b8b5800 JavaThread "Sweeper thread" daemon [_thread_blocked, id=41475, stack(0x000070000ee5a000,0x000070000ef5a000)]
  0x00007faa1a810800 JavaThread "Common-Cleaner" daemon [_thread_blocked, id=24323, stack(0x000070000ef5d000,0x000070000f05d000)]
  0x00007faa1a811800 JavaThread "Monitor Ctrl-Break" daemon [_thread_in_native, id=40451, stack(0x000070000f163000,0x000070000f263000)]
  0x00007faa1a812800 JavaThread "Notification Thread" daemon [_thread_blocked, id=39939, stack(0x000070000f266000,0x000070000f366000)]
  0x00007faa1b997800 JavaThread "AppKit Thread" daemon [_thread_in_native, id=775, stack(0x00007ffee1b9c000,0x00007ffee239c000)]
  0x00007faa1a896800 JavaThread "AWT-Shutdown" [_thread_blocked, id=33027, stack(0x000070000f4ef000,0x000070000f5ef000)]
  0x00007faa1b9c4800 JavaThread "Java2D Disposer" daemon [_thread_blocked, id=53259, stack(0x000070000f060000,0x000070000f160000)]
  0x00007faa1a8b4000 JavaThread "Java2D Queue Flusher" daemon [_thread_blocked, id=54019, stack(0x000070000f6f8000,0x000070000f7f8000)]

Other Threads:
  0x00007faa1a009000 VMThread "VM Thread" [stack: 0x000070000e745000,0x000070000e845000] [id=14339]
  0x00007faa1a85c000 WatcherThread [stack: 0x000070000f369000,0x000070000f469000] [id=39683]
  0x00007faa1b827000 GCTaskThread "GC Thread#0" [stack: 0x000070000e236000,0x000070000e336000] [id=19971]
  0x00007faa1b838000 ConcurrentGCThread "G1 Main Marker" [stack: 0x000070000e339000,0x000070000e439000] [id=13315]
  0x00007faa1b839000 ConcurrentGCThread "G1 Conc#0" [stack: 0x000070000e43c000,0x000070000e53c000] [id=19203]
  0x00007faa1b889800 ConcurrentGCThread "G1 Refine#0" [stack: 0x000070000e53f000,0x000070000e63f000] [id=18691]
  0x00007faa1b88a800 ConcurrentGCThread "G1 Young RemSet Sampling" [stack: 0x000070000e642000,0x000070000e742000] [id=18179]

Threads with active compile tasks:

VM state:not at safepoint (normal execution)

VM Mutex/Monitor currently owned by a thread: None

Heap address: 0x0000000780000000, size: 2048 MB, Compressed Oops mode: Zero based, Oop shift amount: 3
Narrow klass base: 0x0000000800000000, Narrow klass shift: 3
Compressed class space size: 1073741824 Address: 0x0000000800b03000

Heap:
 garbage-first heap   total 133120K, used 5936K [0x0000000780000000, 0x0000000800000000)
  region size 1024K, 6 young (6144K), 0 survivors (0K)
 Metaspace       used 5646K, capacity 5772K, committed 6016K, reserved 1056768K
  class space    used 581K, capacity 628K, committed 640K, reserved 1048576K
Heap Regions: E=young(eden), S=young(survivor), O=old, HS=humongous(starts), HC=humongous(continues), CS=collection set, F=free, OA=open archive, CA=closed archive, TAMS=top-at-mark-start (previous, next)
|   0|0x0000000780000000, 0x0000000780000000, 0x0000000780100000|  0%| F|  |TAMS 0x0000000780000000, 0x0000000780000000| Untracked 
|   1|0x0000000780100000, 0x0000000780100000, 0x0000000780200000|  0%| F|  |TAMS 0x0000000780100000, 0x0000000780100000| Untracked 
|   2|0x0000000780200000, 0x0000000780200000, 0x0000000780300000|  0%| F|  |TAMS 0x0000000780200000, 0x0000000780200000| Untracked 
|   3|0x0000000780300000, 0x0000000780300000, 0x0000000780400000|  0%| F|  |TAMS 0x0000000780300000, 0x0000000780300000| Untracked 
|   4|0x0000000780400000, 0x0000000780400000, 0x0000000780500000|  0%| F|  |TAMS 0x0000000780400000, 0x0000000780400000| Untracked 
|   5|0x0000000780500000, 0x0000000780500000, 0x0000000780600000|  0%| F|  |TAMS 0x0000000780500000, 0x0000000780500000| Untracked 
|   6|0x0000000780600000, 0x0000000780600000, 0x0000000780700000|  0%| F|  |TAMS 0x0000000780600000, 0x0000000780600000| Untracked 
|   7|0x0000000780700000, 0x0000000780700000, 0x0000000780800000|  0%| F|  |TAMS 0x0000000780700000, 0x0000000780700000| Untracked 
|   8|0x0000000780800000, 0x0000000780800000, 0x0000000780900000|  0%| F|  |TAMS 0x0000000780800000, 0x0000000780800000| Untracked 
|   9|0x0000000780900000, 0x0000000780900000, 0x0000000780a00000|  0%| F|  |TAMS 0x0000000780900000, 0x0000000780900000| Untracked 
|  10|0x0000000780a00000, 0x0000000780a00000, 0x0000000780b00000|  0%| F|  |TAMS 0x0000000780a00000, 0x0000000780a00000| Untracked 
|  11|0x0000000780b00000, 0x0000000780b00000, 0x0000000780c00000|  0%| F|  |TAMS 0x0000000780b00000, 0x0000000780b00000| Untracked 
|  12|0x0000000780c00000, 0x0000000780c00000, 0x0000000780d00000|  0%| F|  |TAMS 0x0000000780c00000, 0x0000000780c00000| Untracked 
|  13|0x0000000780d00000, 0x0000000780d00000, 0x0000000780e00000|  0%| F|  |TAMS 0x0000000780d00000, 0x0000000780d00000| Untracked 
|  14|0x0000000780e00000, 0x0000000780e00000, 0x0000000780f00000|  0%| F|  |TAMS 0x0000000780e00000, 0x0000000780e00000| Untracked 
|  15|0x0000000780f00000, 0x0000000780f00000, 0x0000000781000000|  0%| F|  |TAMS 0x0000000780f00000, 0x0000000780f00000| Untracked 
|  16|0x0000000781000000, 0x0000000781000000, 0x0000000781100000|  0%| F|  |TAMS 0x0000000781000000, 0x0000000781000000| Untracked 
|  17|0x0000000781100000, 0x0000000781100000, 0x0000000781200000|  0%| F|  |TAMS 0x0000000781100000, 0x0000000781100000| Untracked 
|  18|0x0000000781200000, 0x0000000781200000, 0x0000000781300000|  0%| F|  |TAMS 0x0000000781200000, 0x0000000781200000| Untracked 
|  19|0x0000000781300000, 0x0000000781300000, 0x0000000781400000|  0%| F|  |TAMS 0x0000000781300000, 0x0000000781300000| Untracked 
|  20|0x0000000781400000, 0x0000000781400000, 0x0000000781500000|  0%| F|  |TAMS 0x0000000781400000, 0x0000000781400000| Untracked 
|  21|0x0000000781500000, 0x0000000781500000, 0x0000000781600000|  0%| F|  |TAMS 0x0000000781500000, 0x0000000781500000| Untracked 
|  22|0x0000000781600000, 0x0000000781600000, 0x0000000781700000|  0%| F|  |TAMS 0x0000000781600000, 0x0000000781600000| Untracked 
|  23|0x0000000781700000, 0x0000000781700000, 0x0000000781800000|  0%| F|  |TAMS 0x0000000781700000, 0x0000000781700000| Untracked 
|  24|0x0000000781800000, 0x0000000781800000, 0x0000000781900000|  0%| F|  |TAMS 0x0000000781800000, 0x0000000781800000| Untracked 
|  25|0x0000000781900000, 0x0000000781900000, 0x0000000781a00000|  0%| F|  |TAMS 0x0000000781900000, 0x0000000781900000| Untracked 
|  26|0x0000000781a00000, 0x0000000781a00000, 0x0000000781b00000|  0%| F|  |TAMS 0x0000000781a00000, 0x0000000781a00000| Untracked 
|  27|0x0000000781b00000, 0x0000000781b00000, 0x0000000781c00000|  0%| F|  |TAMS 0x0000000781b00000, 0x0000000781b00000| Untracked 
|  28|0x0000000781c00000, 0x0000000781c00000, 0x0000000781d00000|  0%| F|  |TAMS 0x0000000781c00000, 0x0000000781c00000| Untracked 
|  29|0x0000000781d00000, 0x0000000781d00000, 0x0000000781e00000|  0%| F|  |TAMS 0x0000000781d00000, 0x0000000781d00000| Untracked 
|  30|0x0000000781e00000, 0x0000000781e00000, 0x0000000781f00000|  0%| F|  |TAMS 0x0000000781e00000, 0x0000000781e00000| Untracked 
|  31|0x0000000781f00000, 0x0000000781f00000, 0x0000000782000000|  0%| F|  |TAMS 0x0000000781f00000, 0x0000000781f00000| Untracked 
|  32|0x0000000782000000, 0x0000000782000000, 0x0000000782100000|  0%| F|  |TAMS 0x0000000782000000, 0x0000000782000000| Untracked 
|  33|0x0000000782100000, 0x0000000782100000, 0x0000000782200000|  0%| F|  |TAMS 0x0000000782100000, 0x0000000782100000| Untracked 
|  34|0x0000000782200000, 0x0000000782200000, 0x0000000782300000|  0%| F|  |TAMS 0x0000000782200000, 0x0000000782200000| Untracked 
|  35|0x0000000782300000, 0x0000000782300000, 0x0000000782400000|  0%| F|  |TAMS 0x0000000782300000, 0x0000000782300000| Untracked 
|  36|0x0000000782400000, 0x0000000782400000, 0x0000000782500000|  0%| F|  |TAMS 0x0000000782400000, 0x0000000782400000| Untracked 
|  37|0x0000000782500000, 0x0000000782500000, 0x0000000782600000|  0%| F|  |TAMS 0x0000000782500000, 0x0000000782500000| Untracked 
|  38|0x0000000782600000, 0x0000000782600000, 0x0000000782700000|  0%| F|  |TAMS 0x0000000782600000, 0x0000000782600000| Untracked 
|  39|0x0000000782700000, 0x0000000782700000, 0x0000000782800000|  0%| F|  |TAMS 0x0000000782700000, 0x0000000782700000| Untracked 
|  40|0x0000000782800000, 0x0000000782800000, 0x0000000782900000|  0%| F|  |TAMS 0x0000000782800000, 0x0000000782800000| Untracked 
|  41|0x0000000782900000, 0x0000000782900000, 0x0000000782a00000|  0%| F|  |TAMS 0x0000000782900000, 0x0000000782900000| Untracked 
|  42|0x0000000782a00000, 0x0000000782a00000, 0x0000000782b00000|  0%| F|  |TAMS 0x0000000782a00000, 0x0000000782a00000| Untracked 
|  43|0x0000000782b00000, 0x0000000782b00000, 0x0000000782c00000|  0%| F|  |TAMS 0x0000000782b00000, 0x0000000782b00000| Untracked 
|  44|0x0000000782c00000, 0x0000000782c00000, 0x0000000782d00000|  0%| F|  |TAMS 0x0000000782c00000, 0x0000000782c00000| Untracked 
|  45|0x0000000782d00000, 0x0000000782d00000, 0x0000000782e00000|  0%| F|  |TAMS 0x0000000782d00000, 0x0000000782d00000| Untracked 
|  46|0x0000000782e00000, 0x0000000782e00000, 0x0000000782f00000|  0%| F|  |TAMS 0x0000000782e00000, 0x0000000782e00000| Untracked 
|  47|0x0000000782f00000, 0x0000000782f00000, 0x0000000783000000|  0%| F|  |TAMS 0x0000000782f00000, 0x0000000782f00000| Untracked 
|  48|0x0000000783000000, 0x0000000783000000, 0x0000000783100000|  0%| F|  |TAMS 0x0000000783000000, 0x0000000783000000| Untracked 
|  49|0x0000000783100000, 0x0000000783100000, 0x0000000783200000|  0%| F|  |TAMS 0x0000000783100000, 0x0000000783100000| Untracked 
|  50|0x0000000783200000, 0x0000000783200000, 0x0000000783300000|  0%| F|  |TAMS 0x0000000783200000, 0x0000000783200000| Untracked 
|  51|0x0000000783300000, 0x0000000783300000, 0x0000000783400000|  0%| F|  |TAMS 0x0000000783300000, 0x0000000783300000| Untracked 
|  52|0x0000000783400000, 0x0000000783400000, 0x0000000783500000|  0%| F|  |TAMS 0x0000000783400000, 0x0000000783400000| Untracked 
|  53|0x0000000783500000, 0x0000000783500000, 0x0000000783600000|  0%| F|  |TAMS 0x0000000783500000, 0x0000000783500000| Untracked 
|  54|0x0000000783600000, 0x0000000783600000, 0x0000000783700000|  0%| F|  |TAMS 0x0000000783600000, 0x0000000783600000| Untracked 
|  55|0x0000000783700000, 0x0000000783700000, 0x0000000783800000|  0%| F|  |TAMS 0x0000000783700000, 0x0000000783700000| Untracked 
|  56|0x0000000783800000, 0x0000000783800000, 0x0000000783900000|  0%| F|  |TAMS 0x0000000783800000, 0x0000000783800000| Untracked 
|  57|0x0000000783900000, 0x0000000783900000, 0x0000000783a00000|  0%| F|  |TAMS 0x0000000783900000, 0x0000000783900000| Untracked 
|  58|0x0000000783a00000, 0x0000000783a00000, 0x0000000783b00000|  0%| F|  |TAMS 0x0000000783a00000, 0x0000000783a00000| Untracked 
|  59|0x0000000783b00000, 0x0000000783b00000, 0x0000000783c00000|  0%| F|  |TAMS 0x0000000783b00000, 0x0000000783b00000| Untracked 
|  60|0x0000000783c00000, 0x0000000783c00000, 0x0000000783d00000|  0%| F|  |TAMS 0x0000000783c00000, 0x0000000783c00000| Untracked 
|  61|0x0000000783d00000, 0x0000000783d00000, 0x0000000783e00000|  0%| F|  |TAMS 0x0000000783d00000, 0x0000000783d00000| Untracked 
|  62|0x0000000783e00000, 0x0000000783e00000, 0x0000000783f00000|  0%| F|  |TAMS 0x0000000783e00000, 0x0000000783e00000| Untracked 
|  63|0x0000000783f00000, 0x0000000783f00000, 0x0000000784000000|  0%| F|  |TAMS 0x0000000783f00000, 0x0000000783f00000| Untracked 
|  64|0x0000000784000000, 0x0000000784000000, 0x0000000784100000|  0%| F|  |TAMS 0x0000000784000000, 0x0000000784000000| Untracked 
|  65|0x0000000784100000, 0x0000000784100000, 0x0000000784200000|  0%| F|  |TAMS 0x0000000784100000, 0x0000000784100000| Untracked 
|  66|0x0000000784200000, 0x0000000784200000, 0x0000000784300000|  0%| F|  |TAMS 0x0000000784200000, 0x0000000784200000| Untracked 
|  67|0x0000000784300000, 0x0000000784300000, 0x0000000784400000|  0%| F|  |TAMS 0x0000000784300000, 0x0000000784300000| Untracked 
|  68|0x0000000784400000, 0x0000000784400000, 0x0000000784500000|  0%| F|  |TAMS 0x0000000784400000, 0x0000000784400000| Untracked 
|  69|0x0000000784500000, 0x0000000784500000, 0x0000000784600000|  0%| F|  |TAMS 0x0000000784500000, 0x0000000784500000| Untracked 
|  70|0x0000000784600000, 0x0000000784600000, 0x0000000784700000|  0%| F|  |TAMS 0x0000000784600000, 0x0000000784600000| Untracked 
|  71|0x0000000784700000, 0x0000000784700000, 0x0000000784800000|  0%| F|  |TAMS 0x0000000784700000, 0x0000000784700000| Untracked 
|  72|0x0000000784800000, 0x0000000784800000, 0x0000000784900000|  0%| F|  |TAMS 0x0000000784800000, 0x0000000784800000| Untracked 
|  73|0x0000000784900000, 0x0000000784900000, 0x0000000784a00000|  0%| F|  |TAMS 0x0000000784900000, 0x0000000784900000| Untracked 
|  74|0x0000000784a00000, 0x0000000784a00000, 0x0000000784b00000|  0%| F|  |TAMS 0x0000000784a00000, 0x0000000784a00000| Untracked 
|  75|0x0000000784b00000, 0x0000000784b00000, 0x0000000784c00000|  0%| F|  |TAMS 0x0000000784b00000, 0x0000000784b00000| Untracked 
|  76|0x0000000784c00000, 0x0000000784c00000, 0x0000000784d00000|  0%| F|  |TAMS 0x0000000784c00000, 0x0000000784c00000| Untracked 
|  77|0x0000000784d00000, 0x0000000784d00000, 0x0000000784e00000|  0%| F|  |TAMS 0x0000000784d00000, 0x0000000784d00000| Untracked 
|  78|0x0000000784e00000, 0x0000000784e00000, 0x0000000784f00000|  0%| F|  |TAMS 0x0000000784e00000, 0x0000000784e00000| Untracked 
|  79|0x0000000784f00000, 0x0000000784f00000, 0x0000000785000000|  0%| F|  |TAMS 0x0000000784f00000, 0x0000000784f00000| Untracked 
|  80|0x0000000785000000, 0x0000000785000000, 0x0000000785100000|  0%| F|  |TAMS 0x0000000785000000, 0x0000000785000000| Untracked 
|  81|0x0000000785100000, 0x0000000785100000, 0x0000000785200000|  0%| F|  |TAMS 0x0000000785100000, 0x0000000785100000| Untracked 
|  82|0x0000000785200000, 0x0000000785200000, 0x0000000785300000|  0%| F|  |TAMS 0x0000000785200000, 0x0000000785200000| Untracked 
|  83|0x0000000785300000, 0x0000000785300000, 0x0000000785400000|  0%| F|  |TAMS 0x0000000785300000, 0x0000000785300000| Untracked 
|  84|0x0000000785400000, 0x0000000785400000, 0x0000000785500000|  0%| F|  |TAMS 0x0000000785400000, 0x0000000785400000| Untracked 
|  85|0x0000000785500000, 0x0000000785500000, 0x0000000785600000|  0%| F|  |TAMS 0x0000000785500000, 0x0000000785500000| Untracked 
|  86|0x0000000785600000, 0x0000000785600000, 0x0000000785700000|  0%| F|  |TAMS 0x0000000785600000, 0x0000000785600000| Untracked 
|  87|0x0000000785700000, 0x0000000785700000, 0x0000000785800000|  0%| F|  |TAMS 0x0000000785700000, 0x0000000785700000| Untracked 
|  88|0x0000000785800000, 0x0000000785800000, 0x0000000785900000|  0%| F|  |TAMS 0x0000000785800000, 0x0000000785800000| Untracked 
|  89|0x0000000785900000, 0x0000000785900000, 0x0000000785a00000|  0%| F|  |TAMS 0x0000000785900000, 0x0000000785900000| Untracked 
|  90|0x0000000785a00000, 0x0000000785a00000, 0x0000000785b00000|  0%| F|  |TAMS 0x0000000785a00000, 0x0000000785a00000| Untracked 
|  91|0x0000000785b00000, 0x0000000785b00000, 0x0000000785c00000|  0%| F|  |TAMS 0x0000000785b00000, 0x0000000785b00000| Untracked 
|  92|0x0000000785c00000, 0x0000000785c00000, 0x0000000785d00000|  0%| F|  |TAMS 0x0000000785c00000, 0x0000000785c00000| Untracked 
|  93|0x0000000785d00000, 0x0000000785d00000, 0x0000000785e00000|  0%| F|  |TAMS 0x0000000785d00000, 0x0000000785d00000| Untracked 
|  94|0x0000000785e00000, 0x0000000785e00000, 0x0000000785f00000|  0%| F|  |TAMS 0x0000000785e00000, 0x0000000785e00000| Untracked 
|  95|0x0000000785f00000, 0x0000000785f00000, 0x0000000786000000|  0%| F|  |TAMS 0x0000000785f00000, 0x0000000785f00000| Untracked 
|  96|0x0000000786000000, 0x0000000786000000, 0x0000000786100000|  0%| F|  |TAMS 0x0000000786000000, 0x0000000786000000| Untracked 
|  97|0x0000000786100000, 0x0000000786100000, 0x0000000786200000|  0%| F|  |TAMS 0x0000000786100000, 0x0000000786100000| Untracked 
|  98|0x0000000786200000, 0x0000000786200000, 0x0000000786300000|  0%| F|  |TAMS 0x0000000786200000, 0x0000000786200000| Untracked 
|  99|0x0000000786300000, 0x0000000786300000, 0x0000000786400000|  0%| F|  |TAMS 0x0000000786300000, 0x0000000786300000| Untracked 
| 100|0x0000000786400000, 0x0000000786400000, 0x0000000786500000|  0%| F|  |TAMS 0x0000000786400000, 0x0000000786400000| Untracked 
| 101|0x0000000786500000, 0x0000000786500000, 0x0000000786600000|  0%| F|  |TAMS 0x0000000786500000, 0x0000000786500000| Untracked 
| 102|0x0000000786600000, 0x0000000786600000, 0x0000000786700000|  0%| F|  |TAMS 0x0000000786600000, 0x0000000786600000| Untracked 
| 103|0x0000000786700000, 0x0000000786700000, 0x0000000786800000|  0%| F|  |TAMS 0x0000000786700000, 0x0000000786700000| Untracked 
| 104|0x0000000786800000, 0x0000000786800000, 0x0000000786900000|  0%| F|  |TAMS 0x0000000786800000, 0x0000000786800000| Untracked 
| 105|0x0000000786900000, 0x0000000786900000, 0x0000000786a00000|  0%| F|  |TAMS 0x0000000786900000, 0x0000000786900000| Untracked 
| 106|0x0000000786a00000, 0x0000000786a00000, 0x0000000786b00000|  0%| F|  |TAMS 0x0000000786a00000, 0x0000000786a00000| Untracked 
| 107|0x0000000786b00000, 0x0000000786b00000, 0x0000000786c00000|  0%| F|  |TAMS 0x0000000786b00000, 0x0000000786b00000| Untracked 
| 108|0x0000000786c00000, 0x0000000786c00000, 0x0000000786d00000|  0%| F|  |TAMS 0x0000000786c00000, 0x0000000786c00000| Untracked 
| 109|0x0000000786d00000, 0x0000000786d00000, 0x0000000786e00000|  0%| F|  |TAMS 0x0000000786d00000, 0x0000000786d00000| Untracked 
| 110|0x0000000786e00000, 0x0000000786e00000, 0x0000000786f00000|  0%| F|  |TAMS 0x0000000786e00000, 0x0000000786e00000| Untracked 
| 111|0x0000000786f00000, 0x0000000786f00000, 0x0000000787000000|  0%| F|  |TAMS 0x0000000786f00000, 0x0000000786f00000| Untracked 
| 112|0x0000000787000000, 0x0000000787000000, 0x0000000787100000|  0%| F|  |TAMS 0x0000000787000000, 0x0000000787000000| Untracked 
| 113|0x0000000787100000, 0x0000000787100000, 0x0000000787200000|  0%| F|  |TAMS 0x0000000787100000, 0x0000000787100000| Untracked 
| 114|0x0000000787200000, 0x0000000787200000, 0x0000000787300000|  0%| F|  |TAMS 0x0000000787200000, 0x0000000787200000| Untracked 
| 115|0x0000000787300000, 0x0000000787300000, 0x0000000787400000|  0%| F|  |TAMS 0x0000000787300000, 0x0000000787300000| Untracked 
| 116|0x0000000787400000, 0x0000000787400000, 0x0000000787500000|  0%| F|  |TAMS 0x0000000787400000, 0x0000000787400000| Untracked 
| 117|0x0000000787500000, 0x0000000787500000, 0x0000000787600000|  0%| F|  |TAMS 0x0000000787500000, 0x0000000787500000| Untracked 
| 118|0x0000000787600000, 0x0000000787600000, 0x0000000787700000|  0%| F|  |TAMS 0x0000000787600000, 0x0000000787600000| Untracked 
| 119|0x0000000787700000, 0x0000000787700000, 0x0000000787800000|  0%| F|  |TAMS 0x0000000787700000, 0x0000000787700000| Untracked 
| 120|0x0000000787800000, 0x0000000787800000, 0x0000000787900000|  0%| F|  |TAMS 0x0000000787800000, 0x0000000787800000| Untracked 
| 121|0x0000000787900000, 0x0000000787900000, 0x0000000787a00000|  0%| F|  |TAMS 0x0000000787900000, 0x0000000787900000| Untracked 
| 122|0x0000000787a00000, 0x0000000787ac83a0, 0x0000000787b00000| 78%| E|  |TAMS 0x0000000787a00000, 0x0000000787a00000| Complete 
| 123|0x0000000787b00000, 0x0000000787c00000, 0x0000000787c00000|100%| E|CS|TAMS 0x0000000787b00000, 0x0000000787b00000| Complete 
| 124|0x0000000787c00000, 0x0000000787d00000, 0x0000000787d00000|100%| E|CS|TAMS 0x0000000787c00000, 0x0000000787c00000| Complete 
| 125|0x0000000787d00000, 0x0000000787e00000, 0x0000000787e00000|100%| E|CS|TAMS 0x0000000787d00000, 0x0000000787d00000| Complete 
| 126|0x0000000787e00000, 0x0000000787f00000, 0x0000000787f00000|100%| E|CS|TAMS 0x0000000787e00000, 0x0000000787e00000| Complete 
| 127|0x0000000787f00000, 0x0000000788000000, 0x0000000788000000|100%| E|CS|TAMS 0x0000000787f00000, 0x0000000787f00000| Complete 
|1022|0x00000007bfe00000, 0x00000007bfe51000, 0x00000007bff00000| 31%|OA|  |TAMS 0x00000007bfe00000, 0x00000007bfe00000| Untracked 
|1023|0x00000007bff00000, 0x00000007bff7b000, 0x00000007c0000000| 48%|CA|  |TAMS 0x00000007bff00000, 0x00000007bff00000| Untracked 

Card table byte_map: [0x0000000118101000,0x0000000118501000] _byte_map_base: 0x0000000114501000

Marking Bits (Prev, Next): (CMBitMap*) 0x00007faa1b827818, (CMBitMap*) 0x00007faa1b827858
 Prev Bits: [0x0000000118901000, 0x000000011a901000)
 Next Bits: [0x000000012a26c000, 0x000000012c26c000)

Polling page: 0x000000010d8bc000

Metaspace:

Usage:
  Non-class:      5.02 MB capacity,     4.95 MB ( 98%) used,    70.61 KB (  1%) free+waste,     8.56 KB ( <1%) overhead. 
      Class:    628.00 KB capacity,   581.27 KB ( 93%) used,    41.66 KB (  7%) free+waste,     5.06 KB ( <1%) overhead. 
       Both:      5.64 MB capacity,     5.51 MB ( 98%) used,   112.27 KB (  2%) free+waste,    13.62 KB ( <1%) overhead. 

Virtual space:
  Non-class space:        8.00 MB reserved,       5.25 MB ( 66%) committed 
      Class space:        1.00 GB reserved,     640.00 KB ( <1%) committed 
             Both:        1.01 GB reserved,       5.88 MB ( <1%) committed 

Chunk freelists:
   Non-Class:  56.00 KB
       Class:  0 bytes
        Both:  56.00 KB

MaxMetaspaceSize: unlimited
CompressedClassSpaceSize: 1.00 GB

CodeHeap 'non-profiled nmethods': size=120032Kb used=192Kb max_used=192Kb free=119839Kb
 bounds [0x0000000122d34000, 0x0000000122fa4000, 0x000000012a26c000]
CodeHeap 'profiled nmethods': size=120028Kb used=925Kb max_used=925Kb free=119102Kb
 bounds [0x000000011b7fd000, 0x000000011ba6d000, 0x0000000122d34000]
CodeHeap 'non-nmethods': size=5700Kb used=1240Kb max_used=1259Kb free=4459Kb
 bounds [0x000000011b26c000, 0x000000011b4dc000, 0x000000011b7fd000]
 total_blobs=1140 nmethods=619 adapters=435
 compilation: enabled
              stopped_count=0, restarted_count=0
 full_count=0

Compilation events (20 events):
Event: 0.761 Thread 0x00007faa1a018000  610       1       java.lang.reflect.Field::getModifiers (5 bytes)
Event: 0.761 Thread 0x00007faa1a018000 nmethod 610 0x0000000122d61110 code [0x0000000122d612a0, 0x0000000122d61370]
Event: 0.761 Thread 0x00007faa1a018000  611       3       java.lang.reflect.Modifier::isStatic (13 bytes)
Event: 0.761 Thread 0x00007faa1a018000 nmethod 611 0x000000011b8e2f10 code [0x000000011b8e30a0, 0x000000011b8e31d0]
Event: 0.761 Thread 0x00007faa1a018000  613       3       java.lang.reflect.Modifier::isFinal (13 bytes)
Event: 0.761 Thread 0x00007faa1a018000 nmethod 613 0x000000011b8e3290 code [0x000000011b8e3420, 0x000000011b8e3550]
Event: 0.761 Thread 0x00007faa1a018000  612       1       java.lang.reflect.Field::getType (5 bytes)
Event: 0.761 Thread 0x00007faa1a018000 nmethod 612 0x0000000122d61410 code [0x0000000122d615a0, 0x0000000122d61670]
Event: 0.762 Thread 0x00007faa1a018000  614       1       java.lang.reflect.Field::getRoot (5 bytes)
Event: 0.762 Thread 0x00007faa1a018000 nmethod 614 0x0000000122d61710 code [0x0000000122d618a0, 0x0000000122d61970]
Event: 0.762 Thread 0x00007faa1a018000  615       1       java.util.zip.ZipEntry::getSize (5 bytes)
Event: 0.762 Thread 0x00007faa1a018000 nmethod 615 0x0000000122d61a10 code [0x0000000122d61ba0, 0x0000000122d61c70]
Event: 0.762 Thread 0x00007faa1a018000  616       1       java.nio.HeapByteBuffer::isDirect (2 bytes)
Event: 0.762 Thread 0x00007faa1a018000 nmethod 616 0x0000000122d61d10 code [0x0000000122d61ea0, 0x0000000122d61f70]
Event: 0.764 Thread 0x00007faa1a018000  617       3       java.lang.Integer::valueOf (32 bytes)
Event: 0.764 Thread 0x00007faa1a018000 nmethod 617 0x000000011b8e3610 code [0x000000011b8e37c0, 0x000000011b8e3ad0]
Event: 0.764 Thread 0x00007faa1a018000  618       3       java.nio.Buffer::remaining (10 bytes)
Event: 0.764 Thread 0x00007faa1a018000 nmethod 618 0x000000011b8e3c10 code [0x000000011b8e3da0, 0x000000011b8e3eb0]
Event: 0.765 Thread 0x00007faa1a018000  620       3       java.lang.ref.WeakReference::<init> (7 bytes)
Event: 0.766 Thread 0x00007faa1a018000 nmethod 620 0x000000011b8e3f10 code [0x000000011b8e40c0, 0x000000011b8e43b0]

GC Heap History (0 events):
No events

Deoptimization events (6 events):
Event: 0.541 Thread 0x00007faa1b801000 Uncommon trap: trap_request=0xffffff45 fr.pc=0x0000000122d411a8 relative=0x0000000000000968
Event: 0.541 Thread 0x00007faa1b801000 Uncommon trap: reason=unstable_if action=reinterpret pc=0x0000000122d411a8 method=java.util.HashMap.putVal(ILjava/lang/Object;Ljava/lang/Object;ZZ)Ljava/lang/Object; @ 181 c2
Event: 0.541 Thread 0x00007faa1b801000 DEOPT PACKING pc=0x0000000122d411a8 sp=0x000070000e231af0
Event: 0.541 Thread 0x00007faa1b801000 DEOPT UNPACKING pc=0x000000011b2b4e25 sp=0x000070000e231a90 mode 2
Event: 0.682 Thread 0x00007faa1b801000 DEOPT PACKING pc=0x000000011b83f190 sp=0x000070000e231860
Event: 0.682 Thread 0x00007faa1b801000 DEOPT UNPACKING pc=0x000000011b2b533a sp=0x000070000e230cd8 mode 0

Classes unloaded (0 events):
No events

Classes redefined (0 events):
No events

Internal exceptions (5 events):
Event: 0.192 Thread 0x00007faa1b801000 Exception <a 'java/lang/ClassNotFoundException'{0x0000000787da4da0}: sun/awt/resources/spi/awtProvider> (0x0000000787da4da0) 
thrown [./open/src/hotspot/share/classfile/systemDictionary.cpp, line 226]
Event: 0.232 Thread 0x00007faa1b801000 Exception <a 'java/io/FileNotFoundException'{0x0000000787df1298}> (0x0000000787df1298) 
thrown [./open/src/hotspot/share/prims/jni.cpp, line 599]
Event: 0.243 Thread 0x00007faa1b801000 Exception <a 'java/io/FileNotFoundException'{0x0000000787c179a0}> (0x0000000787c179a0) 
thrown [./open/src/hotspot/share/prims/jni.cpp, line 599]
Event: 0.249 Thread 0x00007faa1b801000 Exception <a 'java/lang/ClassNotFoundException'{0x0000000787c1b520}: sun/awt/resources/spi/awtosxProvider> (0x0000000787c1b520) 
thrown [./open/src/hotspot/share/classfile/systemDictionary.cpp, line 226]
Event: 0.479 Thread 0x00007faa1b801000 Exception <a 'java/io/FileNotFoundException'{0x0000000787c799c0}> (0x0000000787c799c0) 
thrown [./open/src/hotspot/share/prims/jni.cpp, line 599]

Events (20 events):
Event: 0.744 loading class sun/misc/Unsafe
Event: 0.745 loading class sun/misc/Unsafe done
Event: 0.746 loading class jdk/internal/reflect/UnsafeFieldAccessorFactory
Event: 0.746 loading class jdk/internal/reflect/UnsafeFieldAccessorFactory done
Event: 0.746 loading class jdk/internal/reflect/UnsafeQualifiedStaticObjectFieldAccessorImpl
Event: 0.746 loading class jdk/internal/reflect/UnsafeQualifiedStaticFieldAccessorImpl
Event: 0.746 loading class jdk/internal/reflect/UnsafeQualifiedStaticFieldAccessorImpl done
Event: 0.746 loading class jdk/internal/reflect/UnsafeQualifiedStaticObjectFieldAccessorImpl done
Event: 0.746 loading class jdk/internal/access/foreign/MemorySegmentProxy
Event: 0.746 loading class jdk/internal/access/foreign/MemorySegmentProxy done
Event: 0.747 loading class java/nio/StringCharBuffer
Event: 0.747 loading class java/nio/StringCharBuffer done
Event: 0.750 Executing VM operation: HandshakeOneThread
Event: 0.750 Executing VM operation: HandshakeOneThread done
Event: 0.754 loading class java/awt/IllegalComponentStateException
Event: 0.754 loading class java/awt/IllegalComponentStateException done
Event: 0.758 loading class jdk/internal/reflect/UnsafeQualifiedStaticIntegerFieldAccessorImpl
Event: 0.758 loading class jdk/internal/reflect/UnsafeQualifiedStaticIntegerFieldAccessorImpl done
Event: 0.765 loading class java/lang/NumberFormatException
Event: 0.765 loading class java/lang/NumberFormatException done


Dynamic libraries:
0x00007fff7d480000 	/usr/lib/libz.1.dylib
0x000000010d871000 	/Users/cappydev/Library/Java/JavaVirtualMachines/openjdk-14.0.2/Contents/Home/lib/libjli.dylib
0x00007fff515ee000 	/System/Library/Frameworks/Cocoa.framework/Versions/A/Cocoa
0x00007fff5d392000 	/System/Library/Frameworks/Security.framework/Versions/A/Security
0x00007fff50281000 	/System/Library/Frameworks/ApplicationServices.framework/Versions/A/ApplicationServices
0x00007fff7adda000 	/usr/lib/libSystem.B.dylib
0x00007fff7dc76000 	/usr/lib/system/libcache.dylib
0x00007fff7dc7b000 	/usr/lib/system/libcommonCrypto.dylib
0x00007fff7dc86000 	/usr/lib/system/libcompiler_rt.dylib
0x00007fff7dc8e000 	/usr/lib/system/libcopyfile.dylib
0x00007fff7dc98000 	/usr/lib/system/libcorecrypto.dylib
0x00007fff7dda3000 	/usr/lib/system/libdispatch.dylib
0x00007fff7dddd000 	/usr/lib/system/libdyld.dylib
0x00007fff7de0a000 	/usr/lib/system/libkeymgr.dylib
0x00007fff7de18000 	/usr/lib/system/liblaunch.dylib
0x00007fff7de19000 	/usr/lib/system/libmacho.dylib
0x00007fff7de1f000 	/usr/lib/system/libquarantine.dylib
0x00007fff7de22000 	/usr/lib/system/libremovefile.dylib
0x00007fff7de24000 	/usr/lib/system/libsystem_asl.dylib
0x00007fff7de3c000 	/usr/lib/system/libsystem_blocks.dylib
0x00007fff7de3d000 	/usr/lib/system/libsystem_c.dylib
0x00007fff7dec5000 	/usr/lib/system/libsystem_configuration.dylib
0x00007fff7dec9000 	/usr/lib/system/libsystem_coreservices.dylib
0x00007fff7decd000 	/usr/lib/system/libsystem_darwin.dylib
0x00007fff7ded4000 	/usr/lib/system/libsystem_dnssd.dylib
0x00007fff7dedb000 	/usr/lib/system/libsystem_info.dylib
0x00007fff7df50000 	/usr/lib/system/libsystem_m.dylib
0x00007fff7df9c000 	/usr/lib/system/libsystem_malloc.dylib
0x00007fff7dfc7000 	/usr/lib/system/libsystem_networkextension.dylib
0x00007fff7dfd2000 	/usr/lib/system/libsystem_notify.dylib
0x00007fff7dfef000 	/usr/lib/system/libsystem_sandbox.dylib
0x00007fff7dff3000 	/usr/lib/system/libsystem_secinit.dylib
0x00007fff7df27000 	/usr/lib/system/libsystem_kernel.dylib
0x00007fff7dfda000 	/usr/lib/system/libsystem_platform.dylib
0x00007fff7dfe4000 	/usr/lib/system/libsystem_pthread.dylib
0x00007fff7dff6000 	/usr/lib/system/libsystem_symptoms.dylib
0x00007fff7dffe000 	/usr/lib/system/libsystem_trace.dylib
0x00007fff7e015000 	/usr/lib/system/libunwind.dylib
0x00007fff7e01b000 	/usr/lib/system/libxpc.dylib
0x00007fff7c611000 	/usr/lib/libobjc.A.dylib
0x00007fff7b071000 	/usr/lib/libc++abi.dylib
0x00007fff7b01d000 	/usr/lib/libc++.1.dylib
0x00007fff51e63000 	/System/Library/Frameworks/CoreFoundation.framework/Versions/A/CoreFoundation
0x00007fff540e6000 	/System/Library/Frameworks/Foundation.framework/Versions/C/Foundation
0x00007fff4f47a000 	/System/Library/Frameworks/AppKit.framework/Versions/C/AppKit
0x00007fff519ec000 	/System/Library/Frameworks/CoreData.framework/Versions/A/CoreData
0x00007fff748a0000 	/System/Library/PrivateFrameworks/RemoteViewServices.framework/Versions/A/RemoteViewServices
0x00007fff78b17000 	/System/Library/PrivateFrameworks/UIFoundation.framework/Versions/A/UIFoundation
0x00007fff7a1fb000 	/System/Library/PrivateFrameworks/XCTTargetBootstrap.framework/Versions/A/XCTTargetBootstrap
0x00007fff51d72000 	/System/Library/Frameworks/CoreDisplay.framework/Versions/A/CoreDisplay
0x00007fff6f5da000 	/System/Library/PrivateFrameworks/IconServices.framework/Versions/A/IconServices
0x00007fff56a07000 	/System/Library/Frameworks/Metal.framework/Versions/A/Metal
0x00007fff66b1d000 	/System/Library/PrivateFrameworks/DesktopServicesPriv.framework/Versions/A/DesktopServicesPriv
0x00007fff7b974000 	/usr/lib/libenergytrace.dylib
0x00007fff76ffe000 	/System/Library/PrivateFrameworks/SkyLight.framework/Versions/A/SkyLight
0x00007fff522aa000 	/System/Library/Frameworks/CoreGraphics.framework/Versions/A/CoreGraphics
0x00007fff4e246000 	/System/Library/Frameworks/Accelerate.framework/Versions/A/Accelerate
0x00007fff5482f000 	/System/Library/Frameworks/IOSurface.framework/Versions/A/IOSurface
0x00007fff66989000 	/System/Library/PrivateFrameworks/DFRFoundation.framework/Versions/A/DFRFoundation
0x00007fff50764000 	/System/Library/Frameworks/AudioToolbox.framework/Versions/A/AudioToolbox
0x00007fff509dd000 	/System/Library/Frameworks/AudioUnit.framework/Versions/A/AudioUnit
0x00007fff66a1e000 	/System/Library/PrivateFrameworks/DataDetectorsCore.framework/Versions/A/DataDetectorsCore
0x00007fff510f1000 	/System/Library/Frameworks/Carbon.framework/Versions/A/Frameworks/HIToolbox.framework/Versions/A/HIToolbox
0x00007fff7bacd000 	/usr/lib/libicucore.A.dylib
0x00007fff5c906000 	/System/Library/Frameworks/QuartzCore.framework/Versions/A/QuartzCore
0x00007fff514c6000 	/System/Library/Frameworks/Carbon.framework/Versions/A/Frameworks/SpeechRecognition.framework/Versions/A/SpeechRecognition
0x00007fff7af2e000 	/usr/lib/libauto.dylib
0x00007fff7d374000 	/usr/lib/libxml2.2.dylib
0x00007fff66564000 	/System/Library/PrivateFrameworks/CoreUI.framework/Versions/A/CoreUI
0x00007fff518d7000 	/System/Library/Frameworks/CoreAudio.framework/Versions/A/CoreAudio
0x00007fff53f1b000 	/System/Library/Frameworks/DiskArbitration.framework/Versions/A/DiskArbitration
0x00007fff7bd7b000 	/usr/lib/liblangid.dylib
0x00007fff709e5000 	/System/Library/PrivateFrameworks/MultitouchSupport.framework/Versions/A/MultitouchSupport
0x00007fff5479e000 	/System/Library/Frameworks/IOKit.framework/Versions/A/IOKit
0x00007fff7a99a000 	/usr/lib/libDiagnosticMessagesClient.dylib
0x00007fff530b9000 	/System/Library/Frameworks/CoreServices.framework/Versions/A/CoreServices
0x00007fff7269f000 	/System/Library/PrivateFrameworks/PerformanceAnalysis.framework/Versions/A/PerformanceAnalysis
0x00007fff5baf4000 	/System/Library/Frameworks/OpenGL.framework/Versions/A/OpenGL
0x00007fff515fc000 	/System/Library/Frameworks/ColorSync.framework/Versions/A/ColorSync
0x00007fff5293b000 	/System/Library/Frameworks/CoreImage.framework/Versions/A/CoreImage
0x00007fff53a91000 	/System/Library/Frameworks/CoreText.framework/Versions/A/CoreText
0x00007fff54892000 	/System/Library/Frameworks/ImageIO.framework/Versions/A/ImageIO
0x00007fff62bb6000 	/System/Library/PrivateFrameworks/Backup.framework/Versions/A/Backup
0x00007fff7ae81000 	/usr/lib/libarchive.2.dylib
0x00007fff50d36000 	/System/Library/Frameworks/CFNetwork.framework/Versions/A/CFNetwork
0x00007fff5daee000 	/System/Library/Frameworks/SystemConfiguration.framework/Versions/A/SystemConfiguration
0x00007fff7a8cb000 	/usr/lib/libCRFSuite.dylib
0x00007fff7affe000 	/usr/lib/libbsm.0.dylib
0x00007fff7de0b000 	/usr/lib/system/libkxld.dylib
0x00007fff61fa7000 	/System/Library/PrivateFrameworks/AppleFSCompression.framework/Versions/A/AppleFSCompression
0x00007fff7ac9a000 	/usr/lib/libOpenScriptingUtil.dylib
0x00007fff7b326000 	/usr/lib/libcoretls.dylib
0x00007fff7b33d000 	/usr/lib/libcoretls_cfhelpers.dylib
0x00007fff7cda8000 	/usr/lib/libpam.2.dylib
0x00007fff7cf68000 	/usr/lib/libsqlite3.dylib
0x00007fff7d362000 	/usr/lib/libxar.1.dylib
0x00007fff7b00f000 	/usr/lib/libbz2.1.0.dylib
0x00007fff7bd7d000 	/usr/lib/liblzma.5.dylib
0x00007fff7c22e000 	/usr/lib/libnetwork.dylib
0x00007fff7ae6a000 	/usr/lib/libapple_nghttp2.dylib
0x00007fff7cdaf000 	/usr/lib/libpcap.A.dylib
0x00007fff53458000 	/System/Library/Frameworks/CoreServices.framework/Versions/A/Frameworks/FSEvents.framework/Versions/A/FSEvents
0x00007fff53137000 	/System/Library/Frameworks/CoreServices.framework/Versions/A/Frameworks/CarbonCore.framework/Versions/A/CarbonCore
0x00007fff53613000 	/System/Library/Frameworks/CoreServices.framework/Versions/A/Frameworks/Metadata.framework/Versions/A/Metadata
0x00007fff536b2000 	/System/Library/Frameworks/CoreServices.framework/Versions/A/Frameworks/OSServices.framework/Versions/A/OSServices
0x00007fff536fd000 	/System/Library/Frameworks/CoreServices.framework/Versions/A/Frameworks/SearchKit.framework/Versions/A/SearchKit
0x00007fff530ba000 	/System/Library/Frameworks/CoreServices.framework/Versions/A/Frameworks/AE.framework/Versions/A/AE
0x00007fff53461000 	/System/Library/Frameworks/CoreServices.framework/Versions/A/Frameworks/LaunchServices.framework/Versions/A/LaunchServices
0x00007fff5340f000 	/System/Library/Frameworks/CoreServices.framework/Versions/A/Frameworks/DictionaryServices.framework/Versions/A/DictionaryServices
0x00007fff53765000 	/System/Library/Frameworks/CoreServices.framework/Versions/A/Frameworks/SharedFileList.framework/Versions/A/SharedFileList
0x00007fff57acf000 	/System/Library/Frameworks/NetFS.framework/Versions/A/NetFS
0x00007fff70c4b000 	/System/Library/PrivateFrameworks/NetAuth.framework/Versions/A/NetAuth
0x00007fff7a5ff000 	/System/Library/PrivateFrameworks/login.framework/Versions/A/Frameworks/loginsupport.framework/Versions/A/loginsupport
0x00007fff78720000 	/System/Library/PrivateFrameworks/TCC.framework/Versions/A/TCC
0x00007fff65bc1000 	/System/Library/PrivateFrameworks/CoreNLP.framework/Versions/A/CoreNLP
0x00007fff706e0000 	/System/Library/PrivateFrameworks/MetadataUtilities.framework/Versions/A/MetadataUtilities
0x00007fff7be52000 	/usr/lib/libmecabra.dylib
0x00007fff50282000 	/System/Library/Frameworks/ApplicationServices.framework/Versions/A/Frameworks/ATS.framework/Versions/A/ATS
0x00007fff505d1000 	/System/Library/Frameworks/ApplicationServices.framework/Versions/A/Frameworks/ColorSyncLegacy.framework/Versions/A/ColorSyncLegacy
0x00007fff50670000 	/System/Library/Frameworks/ApplicationServices.framework/Versions/A/Frameworks/HIServices.framework/Versions/A/HIServices
0x00007fff506c3000 	/System/Library/Frameworks/ApplicationServices.framework/Versions/A/Frameworks/LangAnalysis.framework/Versions/A/LangAnalysis
0x00007fff506d3000 	/System/Library/Frameworks/ApplicationServices.framework/Versions/A/Frameworks/PrintCore.framework/Versions/A/PrintCore
0x00007fff5071d000 	/System/Library/Frameworks/ApplicationServices.framework/Versions/A/Frameworks/QD.framework/Versions/A/QD
0x00007fff50757000 	/System/Library/Frameworks/ApplicationServices.framework/Versions/A/Frameworks/SpeechSynthesis.framework/Versions/A/SpeechSynthesis
0x00007fff7b099000 	/usr/lib/libcompression.dylib
0x00007fff56cd7000 	/System/Library/Frameworks/MetalPerformanceShaders.framework/Versions/A/MetalPerformanceShaders
0x00007fff4e25e000 	/System/Library/Frameworks/Accelerate.framework/Versions/A/Frameworks/vImage.framework/Versions/A/vImage
0x00007fff4f2d8000 	/System/Library/Frameworks/Accelerate.framework/Versions/A/Frameworks/vecLib.framework/Versions/A/vecLib
0x00007fff4f224000 	/System/Library/Frameworks/Accelerate.framework/Versions/A/Frameworks/vecLib.framework/Versions/A/libvMisc.dylib
0x00007fff4f03c000 	/System/Library/Frameworks/Accelerate.framework/Versions/A/Frameworks/vecLib.framework/Versions/A/libvDSP.dylib
0x00007fff4e8f8000 	/System/Library/Frameworks/Accelerate.framework/Versions/A/Frameworks/vecLib.framework/Versions/A/libBLAS.dylib
0x00007fff4ebe5000 	/System/Library/Frameworks/Accelerate.framework/Versions/A/Frameworks/vecLib.framework/Versions/A/libLAPACK.dylib
0x00007fff4ef8f000 	/System/Library/Frameworks/Accelerate.framework/Versions/A/Frameworks/vecLib.framework/Versions/A/libLinearAlgebra.dylib
0x00007fff4f028000 	/System/Library/Frameworks/Accelerate.framework/Versions/A/Frameworks/vecLib.framework/Versions/A/libSparseBLAS.dylib
0x00007fff4efa5000 	/System/Library/Frameworks/Accelerate.framework/Versions/A/Frameworks/vecLib.framework/Versions/A/libQuadrature.dylib
0x00007fff4eb72000 	/System/Library/Frameworks/Accelerate.framework/Versions/A/Frameworks/vecLib.framework/Versions/A/libBNNS.dylib
0x00007fff4efab000 	/System/Library/Frameworks/Accelerate.framework/Versions/A/Frameworks/vecLib.framework/Versions/A/libSparse.dylib
0x00007fff6cf0f000 	/System/Library/PrivateFrameworks/GPUWrangler.framework/Versions/A/GPUWrangler
0x00007fff6f20f000 	/System/Library/PrivateFrameworks/IOAccelerator.framework/Versions/A/IOAccelerator
0x00007fff6f21a000 	/System/Library/PrivateFrameworks/IOPresentment.framework/Versions/A/IOPresentment
0x00007fff66999000 	/System/Library/PrivateFrameworks/DSExternalDisplay.framework/Versions/A/DSExternalDisplay
0x00007fff5af4b000 	/System/Library/Frameworks/OpenGL.framework/Versions/A/Libraries/libCoreFSCache.dylib
0x00007fff56acb000 	/System/Library/Frameworks/MetalPerformanceShaders.framework/Frameworks/MPSCore.framework/Versions/A/MPSCore
0x00007fff56aeb000 	/System/Library/Frameworks/MetalPerformanceShaders.framework/Frameworks/MPSImage.framework/Versions/A/MPSImage
0x00007fff56b90000 	/System/Library/Frameworks/MetalPerformanceShaders.framework/Frameworks/MPSNeuralNetwork.framework/Versions/A/MPSNeuralNetwork
0x00007fff56b68000 	/System/Library/Frameworks/MetalPerformanceShaders.framework/Frameworks/MPSMatrix.framework/Versions/A/MPSMatrix
0x00007fff56cbc000 	/System/Library/Frameworks/MetalPerformanceShaders.framework/Frameworks/MPSRayIntersector.framework/Versions/A/MPSRayIntersector
0x00007fff70709000 	/System/Library/PrivateFrameworks/MetalTools.framework/Versions/A/MetalTools
0x00007fff61851000 	/System/Library/PrivateFrameworks/AggregateDictionary.framework/Versions/A/AggregateDictionary
0x00007fff7ac7a000 	/usr/lib/libMobileGestalt.dylib
0x00007fff53bf4000 	/System/Library/Frameworks/CoreVideo.framework/Versions/A/CoreVideo
0x00007fff6dd20000 	/System/Library/PrivateFrameworks/GraphVisualizer.framework/Versions/A/GraphVisualizer
0x00007fff67b9f000 	/System/Library/PrivateFrameworks/FaceCore.framework/Versions/A/FaceCore
0x00007fff5a579000 	/System/Library/Frameworks/OpenCL.framework/Versions/A/OpenCL
0x00007fff7a9d2000 	/usr/lib/libFosl_dynamic.dylib
0x00007fff714b6000 	/System/Library/PrivateFrameworks/OTSVG.framework/Versions/A/OTSVG
0x00007fff50386000 	/System/Library/Frameworks/ApplicationServices.framework/Versions/A/Frameworks/ATS.framework/Versions/A/Resources/libFontParser.dylib
0x00007fff5049e000 	/System/Library/Frameworks/ApplicationServices.framework/Versions/A/Frameworks/ATS.framework/Versions/A/Resources/libFontRegistry.dylib
0x00007fff54b00000 	/System/Library/Frameworks/ImageIO.framework/Versions/A/Resources/libJPEG.dylib
0x00007fff54e12000 	/System/Library/Frameworks/ImageIO.framework/Versions/A/Resources/libTIFF.dylib
0x00007fff54de8000 	/System/Library/Frameworks/ImageIO.framework/Versions/A/Resources/libPng.dylib
0x00007fff54a1e000 	/System/Library/Frameworks/ImageIO.framework/Versions/A/Resources/libGIF.dylib
0x00007fff54a23000 	/System/Library/Frameworks/ImageIO.framework/Versions/A/Resources/libJP2.dylib
0x00007fff54e0f000 	/System/Library/Frameworks/ImageIO.framework/Versions/A/Resources/libRadiance.dylib
0x00007fff620fe000 	/System/Library/PrivateFrameworks/AppleJPEG.framework/Versions/A/AppleJPEG
0x00007fff5af56000 	/System/Library/Frameworks/OpenGL.framework/Versions/A/Libraries/libGFXShared.dylib
0x00007fff5b119000 	/System/Library/Frameworks/OpenGL.framework/Versions/A/Libraries/libGLU.dylib
0x00007fff5af5f000 	/System/Library/Frameworks/OpenGL.framework/Versions/A/Libraries/libGL.dylib
0x00007fff5af6b000 	/System/Library/Frameworks/OpenGL.framework/Versions/A/Libraries/libGLImage.dylib
0x00007fff5af48000 	/System/Library/Frameworks/OpenGL.framework/Versions/A/Libraries/libCVMSPluginSupport.dylib
0x00007fff5af51000 	/System/Library/Frameworks/OpenGL.framework/Versions/A/Libraries/libCoreVMClient.dylib
0x00007fff7b7ea000 	/usr/lib/libcups.2.dylib
0x00007fff55fd2000 	/System/Library/Frameworks/Kerberos.framework/Versions/A/Kerberos
0x00007fff54502000 	/System/Library/Frameworks/GSS.framework/Versions/A/GSS
0x00007fff7cefd000 	/usr/lib/libresolv.9.dylib
0x00007fff7b9dc000 	/usr/lib/libiconv.2.dylib
0x00007fff6de95000 	/System/Library/PrivateFrameworks/Heimdal.framework/Versions/A/Heimdal
0x00007fff7b9ac000 	/usr/lib/libheimdal-asn1.dylib
0x00007fff5a5ed000 	/System/Library/Frameworks/OpenDirectory.framework/Versions/A/OpenDirectory
0x00007fff64924000 	/System/Library/PrivateFrameworks/CommonAuth.framework/Versions/A/CommonAuth
0x00007fff5a5d1000 	/System/Library/Frameworks/OpenDirectory.framework/Versions/A/Frameworks/CFOpenDirectory.framework/Versions/A/CFOpenDirectory
0x00007fff5d693000 	/System/Library/Frameworks/SecurityFoundation.framework/Versions/A/SecurityFoundation
0x00007fff60d97000 	/System/Library/PrivateFrameworks/APFS.framework/Versions/A/APFS
0x00007fff7d35e000 	/usr/lib/libutil.dylib
0x00007fff7b087000 	/usr/lib/libcharset.1.dylib
0x00007fff6239b000 	/System/Library/PrivateFrameworks/AppleSauce.framework/Versions/A/AppleSauce
0x00007fff6251c000 	/System/Library/PrivateFrameworks/AssertionServices.framework/Versions/A/AssertionServices
0x00007fff62c4c000 	/System/Library/PrivateFrameworks/BaseBoard.framework/Versions/A/BaseBoard
0x00007fff7bdad000 	/usr/lib/libmecab.1.0.0.dylib
0x00007fff7b9a6000 	/usr/lib/libgermantok.dylib
0x00007fff7ae57000 	/usr/lib/libThaiTokenizer.dylib
0x00007fff7a902000 	/usr/lib/libChineseTokenizer.dylib
0x00007fff6f8c7000 	/System/Library/PrivateFrameworks/LanguageModeling.framework/Versions/A/LanguageModeling
0x00007fff65606000 	/System/Library/PrivateFrameworks/CoreEmoji.framework/Versions/A/CoreEmoji
0x00007fff6f9a3000 	/System/Library/PrivateFrameworks/Lexicon.framework/Versions/A/Lexicon
0x00007fff6f9e6000 	/System/Library/PrivateFrameworks/LinguisticData.framework/Versions/A/LinguisticData
0x00007fff7b088000 	/usr/lib/libcmph.dylib
0x00007fff5d751000 	/System/Library/Frameworks/ServiceManagement.framework/Versions/A/ServiceManagement
0x00007fff62bad000 	/System/Library/PrivateFrameworks/BackgroundTaskManagement.framework/Versions/A/BackgroundTaskManagement
0x00007fff7d457000 	/usr/lib/libxslt.1.dylib
0x00007fff513f3000 	/System/Library/Frameworks/Carbon.framework/Versions/A/Frameworks/Ink.framework/Versions/A/Ink
0x00007fff78992000 	/System/Library/PrivateFrameworks/TextureIO.framework/Versions/A/TextureIO
0x00007fff7aeab000 	/usr/lib/libate.dylib
0x00007fff668e8000 	/System/Library/PrivateFrameworks/CrashReporterSupport.framework/Versions/A/CrashReporterSupport
0x00007fff760cc000 	/System/Library/PrivateFrameworks/Sharing.framework/Versions/A/Sharing
0x00007fff628ff000 	/System/Library/PrivateFrameworks/AuthKit.framework/Versions/A/AuthKit
0x00007fff61e53000 	/System/Library/PrivateFrameworks/Apple80211.framework/Versions/A/Apple80211
0x00007fff66690000 	/System/Library/PrivateFrameworks/CoreUtils.framework/Versions/A/CoreUtils
0x00007fff53c35000 	/System/Library/Frameworks/CoreWLAN.framework/Versions/A/CoreWLAN
0x00007fff54631000 	/System/Library/Frameworks/IOBluetooth.framework/Versions/A/IOBluetooth
0x00007fff74540000 	/System/Library/PrivateFrameworks/ProtocolBuffer.framework/Versions/A/ProtocolBuffer
0x00007fff70941000 	/System/Library/PrivateFrameworks/MobileKeyBag.framework/Versions/A/MobileKeyBag
0x00007fff65ed4000 	/System/Library/PrivateFrameworks/CorePhoneNumbers.framework/Versions/A/CorePhoneNumbers
0x00007fff620b2000 	/System/Library/PrivateFrameworks/AppleIDAuthSupport.framework/Versions/A/AppleIDAuthSupport
0x00007fff6f89a000 	/System/Library/PrivateFrameworks/KeychainCircle.framework/Versions/A/KeychainCircle
0x00007fff746f6000 	/System/Library/PrivateFrameworks/ROCKit.framework/Versions/A/ROCKit
0x00007fff66884000 	/System/Library/PrivateFrameworks/CoreWiFi.framework/Versions/A/CoreWiFi
0x00007fff519c1000 	/System/Library/Frameworks/CoreBluetooth.framework/Versions/A/CoreBluetooth
0x00007fff66adf000 	/System/Library/PrivateFrameworks/DebugSymbols.framework/Versions/A/DebugSymbols
0x00007fff66450000 	/System/Library/PrivateFrameworks/CoreSymbolication.framework/Versions/A/CoreSymbolication
0x00007fff781ad000 	/System/Library/PrivateFrameworks/Symbolication.framework/Versions/A/Symbolication
0x00007fff77a50000 	/System/Library/PrivateFrameworks/SpeechRecognitionCore.framework/Versions/A/SpeechRecognitionCore
0x000000010e200000 	/Users/cappydev/Library/Java/JavaVirtualMachines/openjdk-14.0.2/Contents/Home/lib/server/libjvm.dylib
0x000000010d8b1000 	/Users/cappydev/Library/Java/JavaVirtualMachines/openjdk-14.0.2/Contents/Home/lib/libjimage.dylib
0x000000010d8be000 	/Users/cappydev/Library/Java/JavaVirtualMachines/openjdk-14.0.2/Contents/Home/lib/libinstrument.dylib
0x000000010d8ce000 	/Users/cappydev/Library/Java/JavaVirtualMachines/openjdk-14.0.2/Contents/Home/lib/./libjava.dylib
0x000000010d96e000 	/Users/cappydev/Library/Java/JavaVirtualMachines/openjdk-14.0.2/Contents/Home/lib/libzip.dylib
0x000000011aedc000 	/Users/cappydev/Library/Java/JavaVirtualMachines/openjdk-14.0.2/Contents/Home/lib/libnio.dylib
0x000000011aeef000 	/Users/cappydev/Library/Java/JavaVirtualMachines/openjdk-14.0.2/Contents/Home/lib/./libnet.dylib
0x000000011afa9000 	/Users/cappydev/Library/Java/JavaVirtualMachines/openjdk-14.0.2/Contents/Home/lib/libverify.dylib
0x000000011afb8000 	/Users/cappydev/Library/Java/JavaVirtualMachines/openjdk-14.0.2/Contents/Home/lib/libextnet.dylib
0x000000011afbf000 	/Users/cappydev/Library/Java/JavaVirtualMachines/openjdk-14.0.2/Contents/Home/lib/libawt.dylib
0x000000011b05b000 	/Users/cappydev/Library/Java/JavaVirtualMachines/openjdk-14.0.2/Contents/Home/lib/./libmlib_image.dylib
0x00007fff55fbb000 	/System/Library/Frameworks/JavaVM.framework/Versions/A/Frameworks/JavaNativeFoundation.framework/Versions/A/JavaNativeFoundation
0x00007fff55fc4000 	/System/Library/Frameworks/JavaVM.framework/Versions/A/Frameworks/JavaRuntimeSupport.framework/Versions/A/JavaRuntimeSupport
0x00007fff55fcd000 	/System/Library/Frameworks/JavaVM.framework/Versions/A/JavaVM
0x00007fff6f7b9000 	/System/Library/PrivateFrameworks/JavaLaunching.framework/Versions/A/JavaLaunching
0x00007fff510ec000 	/System/Library/Frameworks/Carbon.framework/Versions/A/Carbon
0x00007fff510ed000 	/System/Library/Frameworks/Carbon.framework/Versions/A/Frameworks/CommonPanels.framework/Versions/A/CommonPanels
0x00007fff513e9000 	/System/Library/Frameworks/Carbon.framework/Versions/A/Frameworks/Help.framework/Versions/A/Help
0x00007fff513ed000 	/System/Library/Frameworks/Carbon.framework/Versions/A/Frameworks/ImageCapture.framework/Versions/A/ImageCapture
0x00007fff51489000 	/System/Library/Frameworks/Carbon.framework/Versions/A/Frameworks/OpenScripting.framework/Versions/A/OpenScripting
0x00007fff514c1000 	/System/Library/Frameworks/Carbon.framework/Versions/A/Frameworks/Print.framework/Versions/A/Print
0x00007fff514c3000 	/System/Library/Frameworks/Carbon.framework/Versions/A/Frameworks/SecurityHI.framework/Versions/A/SecurityHI
0x000000011b0c7000 	/Users/cappydev/Library/Java/JavaVirtualMachines/openjdk-14.0.2/Contents/Home/lib/libawt_lwawt.dylib
0x000000011b179000 	/Users/cappydev/Library/Java/JavaVirtualMachines/openjdk-14.0.2/Contents/Home/lib/./libosxapp.dylib
0x00007fff540bf000 	/System/Library/Frameworks/ExceptionHandling.framework/Versions/A/ExceptionHandling
0x000000012ea6c000 	/Users/cappydev/Library/Java/JavaVirtualMachines/openjdk-14.0.2/Contents/Home/lib/libfontmanager.dylib
0x000000012eb72000 	/Users/cappydev/Library/Java/JavaVirtualMachines/openjdk-14.0.2/Contents/Home/lib/./libfreetype.dylib
0x00007fff66058000 	/System/Library/PrivateFrameworks/CoreServicesInternal.framework/Versions/A/CoreServicesInternal
0x00007fff465c4000 	/System/Library/CoreServices/RawCamera.bundle/Contents/MacOS/RawCamera
0x00007fff707ad000 	/System/Library/PrivateFrameworks/MobileAsset.framework/Versions/A/MobileAsset
0x00007fff780fb000 	/System/Library/PrivateFrameworks/StreamingZip.framework/Versions/A/StreamingZip
0x00007fff5635f000 	/System/Library/Frameworks/MediaToolbox.framework/Versions/A/MediaToolbox
0x00007fff651aa000 	/System/Library/PrivateFrameworks/CoreAVCHD.framework/Versions/A/CoreAVCHD
0x00007fff562a5000 	/System/Library/Frameworks/MediaAccessibility.framework/Versions/A/MediaAccessibility
0x00007fff70209000 	/System/Library/PrivateFrameworks/Mangrove.framework/Versions/A/Mangrove
0x00007fff52f58000 	/System/Library/Frameworks/CoreMedia.framework/Versions/A/CoreMedia
0x00007fff5ddba000 	/System/Library/Frameworks/VideoToolbox.framework/Versions/A/VideoToolbox
0x00007fff64dc6000 	/System/Library/PrivateFrameworks/CoreAUC.framework/Versions/A/CoreAUC
0x00007fff7cf66000 	/usr/lib/libspindump.dylib
0x00007fff62481000 	/System/Library/PrivateFrameworks/AppleVA.framework/Versions/A/AppleVA
0x00007fff4e247000 	/System/Library/Frameworks/Accelerate.framework/Versions/A/Frameworks/vImage.framework/Versions/A/Libraries/libCGInterfaces.dylib
0x00007fff5053a000 	/System/Library/Frameworks/ApplicationServices.framework/Versions/A/Frameworks/ATS.framework/Versions/A/Resources/libTrueTypeScaler.dylib
0x00007fff4b407000 	/System/Library/Extensions/AppleIntelKBLGraphicsMTLDriver.bundle/Contents/MacOS/AppleIntelKBLGraphicsMTLDriver
0x00007fff6b86e000 	/System/Library/PrivateFrameworks/GPUCompiler.framework/Versions/3902/Libraries/libmetal_timestamp.dylib
0x00007fff7994a000 	/System/Library/PrivateFrameworks/ViewBridge.framework/Versions/A/ViewBridge
0x000000013311d000 	/Users/cappydev/Downloads/codingfactory-piscine_studentplugin-master/resources/lib/liblwjgl.jnilib
0x000000013071a000 	/Users/cappydev/Library/Java/JavaVirtualMachines/openjdk-14.0.2/Contents/Home/lib/libjawt.dylib
0x00007fff5bb04000 	/System/Library/Frameworks/OpenGL.framework/Versions/A/Resources/GLEngine.bundle/GLEngine
0x00007fff5afa6000 	/System/Library/Frameworks/OpenGL.framework/Versions/A/Libraries/libGLProgrammability.dylib
0x00007fff4a632000 	/System/Library/Extensions/AppleIntelKBLGraphicsGLDriver.bundle/Contents/MacOS/AppleIntelKBLGraphicsGLDriver
0x00007fff6cf03000 	/System/Library/PrivateFrameworks/GPUSupport.framework/Versions/A/Libraries/libGPUSupportMercury.dylib
0x00007fff5bc9c000 	/System/Library/Frameworks/OpenGL.framework/Versions/A/Resources/GLRendererFloat.bundle/GLRendererFloat
0x00007fff5a570000 	/System/Library/Frameworks/OpenCL.framework/Versions/A/Libraries/libcldcpuengine.dylib
0x00007fff7b4dc000 	/usr/lib/libcrypto.35.dylib
0x00007fff78b10000 	/System/Library/PrivateFrameworks/TrustEvaluationAgent.framework/Versions/A/TrustEvaluationAgent
0x0000000133979000 	/usr/lib/libobjc-trampolines.dylib


VM Arguments:
jvm_args: -Djava.library.path=lib -javaagent:/Applications/IntelliJ IDEA CE.app/Contents/lib/idea_rt.jar=49990:/Applications/IntelliJ IDEA CE.app/Contents/bin -Dfile.encoding=UTF-8 
java_command: fr.rphstudio.codingdojo.launcher.MainLauncher -window
java_class_path (initial): ./codingdojo.jar:students/Student1-2.1.jar:students/Student55-2.1-p.jar:students/Student17-2.1-p.jar:students/Student66-2.1-p.jar:students/Student47-2.1-p.jar:students/Student40-2.1-p.jar:students/Student61-2.1-p.jar:students/Teachers-2.1-p.jar:students/Student46-2.1-p.jar:students/Student1-2.1-p.jar:students/Student15-2.1-p.jar:students/Student20-2.1-p.jar:students/Student70-2.1-p.jar:students/Student69-2.1-p.jar:students/Student63-2.1-p.jar:students/Student42-2.1-p.jar:students/Student35-2.1-p.jar:students/Student50-2.1-p.jar:students/Student44-2.1-p.jar:students/Student71-2.1-p.jar:students/Student27-2.1-p.jar
Launcher Type: SUN_STANDARD

[Global flags]
     intx CICompilerCount                          = 3                                         {product} {ergonomic}
     uint ConcGCThreads                            = 1                                         {product} {ergonomic}
     uint G1ConcRefinementThreads                  = 4                                         {product} {ergonomic}
   size_t G1HeapRegionSize                         = 1048576                                   {product} {ergonomic}
    uintx GCDrainStackTargetSize                   = 64                                        {product} {ergonomic}
   size_t InitialHeapSize                          = 134217728                                 {product} {ergonomic}
   size_t MarkStackSize                            = 4194304                                   {product} {ergonomic}
   size_t MaxHeapSize                              = 2147483648                                {product} {ergonomic}
   size_t MaxNewSize                               = 1287651328                                {product} {ergonomic}
   size_t MinHeapDeltaBytes                        = 1048576                                   {product} {ergonomic}
   size_t MinHeapSize                              = 8388608                                   {product} {ergonomic}
    uintx NonNMethodCodeHeapSize                   = 5832780                                {pd product} {ergonomic}
    uintx NonProfiledCodeHeapSize                  = 122912730                              {pd product} {ergonomic}
    uintx ProfiledCodeHeapSize                     = 122912730                              {pd product} {ergonomic}
    uintx ReservedCodeCacheSize                    = 251658240                              {pd product} {ergonomic}
     bool SegmentedCodeCache                       = true                                      {product} {ergonomic}
   size_t SoftMaxHeapSize                          = 2147483648                             {manageable} {ergonomic}
     bool UseCompressedClassPointers               = true                                 {lp64_product} {ergonomic}
     bool UseCompressedOops                        = true                                 {lp64_product} {ergonomic}
     bool UseG1GC                                  = true                                      {product} {ergonomic}

Logging:
Log output configuration:
 #0: stdout all=warning uptime,level,tags
 #1: stderr all=off uptime,level,tags

Environment Variables:
PATH=/usr/local/bin:/usr/bin:/bin:/usr/sbin:/sbin
SHELL=/bin/bash

Signal Handlers:
SIGSEGV: [libjvm.dylib+0x7415c8], sa_mask[0]=11111111011111110111111111111111, sa_flags=SA_ONSTACK|SA_RESTART|SA_SIGINFO
SIGBUS: [libjvm.dylib+0x7415c8], sa_mask[0]=11111111011111110111111111111111, sa_flags=SA_RESTART|SA_SIGINFO
SIGFPE: [libjvm.dylib+0x7415c8], sa_mask[0]=11111111011111110111111111111111, sa_flags=SA_RESTART|SA_SIGINFO
SIGPIPE: [libjvm.dylib+0x5eb4c1], sa_mask[0]=11111111011111110111111111111111, sa_flags=SA_RESTART|SA_SIGINFO
SIGXFSZ: [libjvm.dylib+0x5eb4c1], sa_mask[0]=11111111011111110111111111111111, sa_flags=SA_RESTART|SA_SIGINFO
SIGILL: [libjvm.dylib+0x7415c8], sa_mask[0]=11111111011111110111111111111111, sa_flags=SA_RESTART|SA_SIGINFO
SIGUSR2: [libjvm.dylib+0x5eba93], sa_mask[0]=00100000000000000000000000000000, sa_flags=SA_RESTART|SA_SIGINFO
SIGHUP: [libjvm.dylib+0x5eaaf5], sa_mask[0]=11111111011111110111111111111111, sa_flags=SA_RESTART|SA_SIGINFO
SIGINT: [libjvm.dylib+0x5eaaf5], sa_mask[0]=11111111011111110111111111111111, sa_flags=SA_RESTART|SA_SIGINFO
SIGTERM: [libjvm.dylib+0x5eaaf5], sa_mask[0]=11111111011111110111111111111111, sa_flags=SA_RESTART|SA_SIGINFO
SIGQUIT: [libjvm.dylib+0x5eaaf5], sa_mask[0]=11111111011111110111111111111111, sa_flags=SA_RESTART|SA_SIGINFO


---------------  S Y S T E M  ---------------

OS:uname:Darwin 18.7.0 Darwin Kernel Version 18.7.0: Tue Aug 20 16:57:14 PDT 2019; root:xnu-4903.271.2~2/RELEASE_X86_64 x86_64
OS uptime: 0 days 5:43 hours
rlimit: STACK 8192k, CORE 0k, NPROC 709, NOFILE 10240, AS infinity, DATA infinity, FSIZE infinity
load average:1.85 1.74 1.73

CPU:total 4 (initial active 4) (2 cores per cpu, 2 threads per core) family 6 model 142 stepping 9, cmov, cx8, fxsr, mmx, sse, sse2, sse3, ssse3, sse4.1, sse4.2, popcnt, avx, avx2, aes, clmul, erms, rtm, 3dnowpref, lzcnt, ht, tsc, tscinvbit, bmi1, bmi2, adx, fma

Memory: 4k page, physical 8388608k(495620k free), swap 0k(0k free)

vm_info: OpenJDK 64-Bit Server VM (14.0.2+12-46) for bsd-amd64 JRE (14.0.2+12-46), built on Jul  8 2020 23:34:30 by "mach5one" with clang 4.2.1 Compatible Apple LLVM 10.0.0 (clang-1000.11.45.5)

END.
